running develop
/usr/lib/python3/dist-packages/setuptools/command/easy_install.py:158: EasyInstallDeprecationWarning: easy_install command is deprecated. Use build and pip and other standards-based tools.
  warnings.warn(
running egg_info
creating OWL_Robot.egg-info
writing OWL_Robot.egg-info/PKG-INFO
writing dependency_links to OWL_Robot.egg-info/dependency_links.txt
writing entry points to OWL_Robot.egg-info/entry_points.txt
writing requirements to OWL_Robot.egg-info/requires.txt
writing top-level names to OWL_Robot.egg-info/top_level.txt
writing manifest file 'OWL_Robot.egg-info/SOURCES.txt'
reading manifest file 'OWL_Robot.egg-info/SOURCES.txt'
writing manifest file 'OWL_Robot.egg-info/SOURCES.txt'
running build_ext
Creating /home/vardan/Introduction-to-Robotics/Assignment3/ros2_ws/install/OWL_Robot/lib/python3.10/site-packages/OWL-Robot.egg-link (link to .)

Installed /home/vardan/Introduction-to-Robotics/Assignment3/ros2_ws/build/OWL_Robot
running symlink_data
creating /home/vardan/Introduction-to-Robotics/Assignment3/ros2_ws/install/OWL_Robot/share/ament_index
creating /home/vardan/Introduction-to-Robotics/Assignment3/ros2_ws/install/OWL_Robot/share/ament_index/resource_index
creating /home/vardan/Introduction-to-Robotics/Assignment3/ros2_ws/install/OWL_Robot/share/ament_index/resource_index/packages
symbolically linking /home/vardan/Introduction-to-Robotics/Assignment3/ros2_ws/build/OWL_Robot/resource/OWL_Robot -> /home/vardan/Introduction-to-Robotics/Assignment3/ros2_ws/install/OWL_Robot/share/ament_index/resource_index/packages
symbolically linking /home/vardan/Introduction-to-Robotics/Assignment3/ros2_ws/build/OWL_Robot/package.xml -> /home/vardan/Introduction-to-Robotics/Assignment3/ros2_ws/install/OWL_Robot/share/OWL_Robot
creating /home/vardan/Introduction-to-Robotics/Assignment3/ros2_ws/install/OWL_Robot/share/OWL_Robot/urdf
symbolically linking /home/vardan/Introduction-to-Robotics/Assignment3/ros2_ws/build/OWL_Robot/urdf/robot.xacro -> /home/vardan/Introduction-to-Robotics/Assignment3/ros2_ws/install/OWL_Robot/share/OWL_Robot/urdf
symbolically linking /home/vardan/Introduction-to-Robotics/Assignment3/ros2_ws/build/OWL_Robot/urdf/robot.urdf -> /home/vardan/Introduction-to-Robotics/Assignment3/ros2_ws/install/OWL_Robot/share/OWL_Robot/urdf
symbolically linking /home/vardan/Introduction-to-Robotics/Assignment3/ros2_ws/build/OWL_Robot/urdf/robot_active.urdf -> /home/vardan/Introduction-to-Robotics/Assignment3/ros2_ws/install/OWL_Robot/share/OWL_Robot/urdf
creating /home/vardan/Introduction-to-Robotics/Assignment3/ros2_ws/install/OWL_Robot/share/OWL_Robot/meshes
symbolically linking /home/vardan/Introduction-to-Robotics/Assignment3/ros2_ws/build/OWL_Robot/meshes/w2w3_link.STL -> /home/vardan/Introduction-to-Robotics/Assignment3/ros2_ws/install/OWL_Robot/share/OWL_Robot/meshes
symbolically linking /home/vardan/Introduction-to-Robotics/Assignment3/ros2_ws/build/OWL_Robot/meshes/elbow_link.STL -> /home/vardan/Introduction-to-Robotics/Assignment3/ros2_ws/install/OWL_Robot/share/OWL_Robot/meshes
symbolically linking /home/vardan/Introduction-to-Robotics/Assignment3/ros2_ws/build/OWL_Robot/meshes/base_link.STL -> /home/vardan/Introduction-to-Robotics/Assignment3/ros2_ws/install/OWL_Robot/share/OWL_Robot/meshes
symbolically linking /home/vardan/Introduction-to-Robotics/Assignment3/ros2_ws/build/OWL_Robot/meshes/shoulder_link.STL -> /home/vardan/Introduction-to-Robotics/Assignment3/ros2_ws/install/OWL_Robot/share/OWL_Robot/meshes
symbolically linking /home/vardan/Introduction-to-Robotics/Assignment3/ros2_ws/build/OWL_Robot/meshes/end_effector_link.STL -> /home/vardan/Introduction-to-Robotics/Assignment3/ros2_ws/install/OWL_Robot/share/OWL_Robot/meshes
symbolically linking /home/vardan/Introduction-to-Robotics/Assignment3/ros2_ws/build/OWL_Robot/meshes/link2.STL -> /home/vardan/Introduction-to-Robotics/Assignment3/ros2_ws/install/OWL_Robot/share/OWL_Robot/meshes
symbolically linking /home/vardan/Introduction-to-Robotics/Assignment3/ros2_ws/build/OWL_Robot/meshes/link1.STL -> /home/vardan/Introduction-to-Robotics/Assignment3/ros2_ws/install/OWL_Robot/share/OWL_Robot/meshes
creating /home/vardan/Introduction-to-Robotics/Assignment3/ros2_ws/install/OWL_Robot/share/OWL_Robot/launch
symbolically linking /home/vardan/Introduction-to-Robotics/Assignment3/ros2_ws/build/OWL_Robot/launch/rviz.launch.py -> /home/vardan/Introduction-to-Robotics/Assignment3/ros2_ws/install/OWL_Robot/share/OWL_Robot/launch
symbolically linking /home/vardan/Introduction-to-Robotics/Assignment3/ros2_ws/build/OWL_Robot/launch/gazebo.launch.py -> /home/vardan/Introduction-to-Robotics/Assignment3/ros2_ws/install/OWL_Robot/share/OWL_Robot/launch
