[0.821s] Invoking command in '/home/vardan/Introduction-to-Robotics/Assignment3/ros2_ws/build/OWL_Robot': PYTHONPATH=/home/vardan/Introduction-to-Robotics/Assignment3/ros2_ws/build/OWL_Robot/prefix_override:/home/vardan/Introduction-to-Robotics/Assignment3/ros2_ws/install/OWL_Robot/lib/python3.10/site-packages:${PYTHONPATH} VIRTUAL_ENV_PROMPT=(.venv) /usr/bin/python3 -W ignore:setup.py install is deprecated setup.py develop --editable --build-directory /home/vardan/Introduction-to-Robotics/Assignment3/ros2_ws/build/OWL_Robot/build --no-deps symlink_data
[1.157s] running develop
[1.158s] /usr/lib/python3/dist-packages/setuptools/command/easy_install.py:158: EasyInstallDeprecationWarning: easy_install command is deprecated. Use build and pip and other standards-based tools.
[1.158s]   warnings.warn(
[1.338s] running egg_info
[1.338s] creating OWL_Robot.egg-info
[1.338s] writing OWL_Robot.egg-info/PKG-INFO
[1.339s] writing dependency_links to OWL_Robot.egg-info/dependency_links.txt
[1.339s] writing entry points to OWL_Robot.egg-info/entry_points.txt
[1.340s] writing requirements to OWL_Robot.egg-info/requires.txt
[1.340s] writing top-level names to OWL_Robot.egg-info/top_level.txt
[1.340s] writing manifest file 'OWL_Robot.egg-info/SOURCES.txt'
[1.343s] reading manifest file 'OWL_Robot.egg-info/SOURCES.txt'
[1.344s] writing manifest file 'OWL_Robot.egg-info/SOURCES.txt'
[1.346s] running build_ext
[1.346s] Creating /home/vardan/Introduction-to-Robotics/Assignment3/ros2_ws/install/OWL_Robot/lib/python3.10/site-packages/OWL-Robot.egg-link (link to .)
[1.347s] 
[1.347s] Installed /home/vardan/Introduction-to-Robotics/Assignment3/ros2_ws/build/OWL_Robot
[1.347s] running symlink_data
[1.347s] creating /home/vardan/Introduction-to-Robotics/Assignment3/ros2_ws/install/OWL_Robot/share/ament_index
[1.347s] creating /home/vardan/Introduction-to-Robotics/Assignment3/ros2_ws/install/OWL_Robot/share/ament_index/resource_index
[1.348s] creating /home/vardan/Introduction-to-Robotics/Assignment3/ros2_ws/install/OWL_Robot/share/ament_index/resource_index/packages
[1.348s] symbolically linking /home/vardan/Introduction-to-Robotics/Assignment3/ros2_ws/build/OWL_Robot/resource/OWL_Robot -> /home/vardan/Introduction-to-Robotics/Assignment3/ros2_ws/install/OWL_Robot/share/ament_index/resource_index/packages
[1.349s] symbolically linking /home/vardan/Introduction-to-Robotics/Assignment3/ros2_ws/build/OWL_Robot/package.xml -> /home/vardan/Introduction-to-Robotics/Assignment3/ros2_ws/install/OWL_Robot/share/OWL_Robot
[1.350s] creating /home/vardan/Introduction-to-Robotics/Assignment3/ros2_ws/install/OWL_Robot/share/OWL_Robot/urdf
[1.350s] symbolically linking /home/vardan/Introduction-to-Robotics/Assignment3/ros2_ws/build/OWL_Robot/urdf/robot.xacro -> /home/vardan/Introduction-to-Robotics/Assignment3/ros2_ws/install/OWL_Robot/share/OWL_Robot/urdf
[1.351s] symbolically linking /home/vardan/Introduction-to-Robotics/Assignment3/ros2_ws/build/OWL_Robot/urdf/robot.urdf -> /home/vardan/Introduction-to-Robotics/Assignment3/ros2_ws/install/OWL_Robot/share/OWL_Robot/urdf
[1.351s] symbolically linking /home/vardan/Introduction-to-Robotics/Assignment3/ros2_ws/build/OWL_Robot/urdf/robot_active.urdf -> /home/vardan/Introduction-to-Robotics/Assignment3/ros2_ws/install/OWL_Robot/share/OWL_Robot/urdf
[1.352s] creating /home/vardan/Introduction-to-Robotics/Assignment3/ros2_ws/install/OWL_Robot/share/OWL_Robot/meshes
[1.352s] symbolically linking /home/vardan/Introduction-to-Robotics/Assignment3/ros2_ws/build/OWL_Robot/meshes/w2w3_link.STL -> /home/vardan/Introduction-to-Robotics/Assignment3/ros2_ws/install/OWL_Robot/share/OWL_Robot/meshes
[1.353s] symbolically linking /home/vardan/Introduction-to-Robotics/Assignment3/ros2_ws/build/OWL_Robot/meshes/elbow_link.STL -> /home/vardan/Introduction-to-Robotics/Assignment3/ros2_ws/install/OWL_Robot/share/OWL_Robot/meshes
[1.354s] symbolically linking /home/vardan/Introduction-to-Robotics/Assignment3/ros2_ws/build/OWL_Robot/meshes/base_link.STL -> /home/vardan/Introduction-to-Robotics/Assignment3/ros2_ws/install/OWL_Robot/share/OWL_Robot/meshes
[1.354s] symbolically linking /home/vardan/Introduction-to-Robotics/Assignment3/ros2_ws/build/OWL_Robot/meshes/shoulder_link.STL -> /home/vardan/Introduction-to-Robotics/Assignment3/ros2_ws/install/OWL_Robot/share/OWL_Robot/meshes
[1.355s] symbolically linking /home/vardan/Introduction-to-Robotics/Assignment3/ros2_ws/build/OWL_Robot/meshes/end_effector_link.STL -> /home/vardan/Introduction-to-Robotics/Assignment3/ros2_ws/install/OWL_Robot/share/OWL_Robot/meshes
[1.355s] symbolically linking /home/vardan/Introduction-to-Robotics/Assignment3/ros2_ws/build/OWL_Robot/meshes/link2.STL -> /home/vardan/Introduction-to-Robotics/Assignment3/ros2_ws/install/OWL_Robot/share/OWL_Robot/meshes
[1.356s] symbolically linking /home/vardan/Introduction-to-Robotics/Assignment3/ros2_ws/build/OWL_Robot/meshes/link1.STL -> /home/vardan/Introduction-to-Robotics/Assignment3/ros2_ws/install/OWL_Robot/share/OWL_Robot/meshes
[1.356s] creating /home/vardan/Introduction-to-Robotics/Assignment3/ros2_ws/install/OWL_Robot/share/OWL_Robot/launch
[1.357s] symbolically linking /home/vardan/Introduction-to-Robotics/Assignment3/ros2_ws/build/OWL_Robot/launch/rviz.launch.py -> /home/vardan/Introduction-to-Robotics/Assignment3/ros2_ws/install/OWL_Robot/share/OWL_Robot/launch
[1.358s] symbolically linking /home/vardan/Introduction-to-Robotics/Assignment3/ros2_ws/build/OWL_Robot/launch/gazebo.launch.py -> /home/vardan/Introduction-to-Robotics/Assignment3/ros2_ws/install/OWL_Robot/share/OWL_Robot/launch
[1.400s] Invoked command in '/home/vardan/Introduction-to-Robotics/Assignment3/ros2_ws/build/OWL_Robot' returned '0': PYTHONPATH=/home/vardan/Introduction-to-Robotics/Assignment3/ros2_ws/build/OWL_Robot/prefix_override:/home/vardan/Introduction-to-Robotics/Assignment3/ros2_ws/install/OWL_Robot/lib/python3.10/site-packages:${PYTHONPATH} VIRTUAL_ENV_PROMPT=(.venv) /usr/bin/python3 -W ignore:setup.py install is deprecated setup.py develop --editable --build-directory /home/vardan/Introduction-to-Robotics/Assignment3/ros2_ws/build/OWL_Robot/build --no-deps symlink_data
