[0.176s] DEBUG:colcon:Command line arguments: ['/usr/bin/colcon', 'build', '--symlink-install']
[0.177s] DEBUG:colcon:Parsed command line arguments: Namespace(log_base=None, log_level=None, verb_name='build', build_base='build', install_base='install', merge_install=False, symlink_install=True, test_result_base=None, continue_on_error=False, executor='parallel', parallel_workers=4, event_handlers=None, ignore_user_meta=False, metas=['./colcon.meta'], base_paths=['.'], packages_ignore=None, packages_ignore_regex=None, paths=None, packages_up_to=None, packages_up_to_regex=None, packages_above=None, packages_above_and_dependencies=None, packages_above_depth=None, packages_select_by_dep=None, packages_skip_by_dep=None, packages_skip_up_to=None, packages_select_build_failed=False, packages_skip_build_finished=False, packages_select_test_failures=False, packages_skip_test_passed=False, packages_select=None, packages_skip=None, packages_select_regex=None, packages_skip_regex=None, packages_start=None, packages_end=None, allow_overriding=[], cmake_args=None, cmake_target=None, cmake_target_skip_unavailable=False, cmake_clean_cache=False, cmake_clean_first=False, cmake_force_configure=False, ament_cmake_args=None, catkin_cmake_args=None, catkin_skip_building_tests=False, verb_parser=<colcon_defaults.argument_parser.defaults.DefaultArgumentsDecorator object at 0x7fd6756ff7f0>, verb_extension=<colcon_core.verb.build.BuildVerb object at 0x7fd6756ff2e0>, main=<bound method BuildVerb.main of <colcon_core.verb.build.BuildVerb object at 0x7fd6756ff2e0>>)
[0.351s] Level 1:colcon.colcon_core.package_discovery:discover_packages(colcon_meta) check parameters
[0.351s] Level 1:colcon.colcon_core.package_discovery:discover_packages(recursive) check parameters
[0.351s] Level 1:colcon.colcon_core.package_discovery:discover_packages(ignore) check parameters
[0.351s] Level 1:colcon.colcon_core.package_discovery:discover_packages(path) check parameters
[0.351s] Level 1:colcon.colcon_core.package_discovery:discover_packages(colcon_meta) discover
[0.351s] Level 1:colcon.colcon_core.package_discovery:discover_packages(recursive) discover
[0.351s] INFO:colcon.colcon_core.package_discovery:Crawling recursively for packages in '/home/vardan/Introduction-to-Robotics/Assignment3/ros2_ws'
[0.351s] Level 1:colcon.colcon_core.package_identification:_identify(.) by extensions ['ignore', 'ignore_ament_install']
[0.351s] Level 1:colcon.colcon_core.package_identification:_identify(.) by extension 'ignore'
[0.351s] Level 1:colcon.colcon_core.package_identification:_identify(.) by extension 'ignore_ament_install'
[0.351s] Level 1:colcon.colcon_core.package_identification:_identify(.) by extensions ['colcon_pkg']
[0.352s] Level 1:colcon.colcon_core.package_identification:_identify(.) by extension 'colcon_pkg'
[0.352s] Level 1:colcon.colcon_core.package_identification:_identify(.) by extensions ['colcon_meta']
[0.352s] Level 1:colcon.colcon_core.package_identification:_identify(.) by extension 'colcon_meta'
[0.352s] Level 1:colcon.colcon_core.package_identification:_identify(.) by extensions ['ros']
[0.352s] Level 1:colcon.colcon_core.package_identification:_identify(.) by extension 'ros'
[0.365s] Level 1:colcon.colcon_core.package_identification:_identify(.) by extensions ['cmake', 'python']
[0.365s] Level 1:colcon.colcon_core.package_identification:_identify(.) by extension 'cmake'
[0.365s] Level 1:colcon.colcon_core.package_identification:_identify(.) by extension 'python'
[0.365s] Level 1:colcon.colcon_core.package_identification:_identify(.) by extensions ['python_setup_py']
[0.365s] Level 1:colcon.colcon_core.package_identification:_identify(.) by extension 'python_setup_py'
[0.365s] Level 1:colcon.colcon_core.package_identification:_identify(build) by extensions ['ignore', 'ignore_ament_install']
[0.365s] Level 1:colcon.colcon_core.package_identification:_identify(build) by extension 'ignore'
[0.365s] Level 1:colcon.colcon_core.package_identification:_identify(build) ignored
[0.366s] Level 1:colcon.colcon_core.package_identification:_identify(install) by extensions ['ignore', 'ignore_ament_install']
[0.366s] Level 1:colcon.colcon_core.package_identification:_identify(install) by extension 'ignore'
[0.366s] Level 1:colcon.colcon_core.package_identification:_identify(install) ignored
[0.366s] Level 1:colcon.colcon_core.package_identification:_identify(log) by extensions ['ignore', 'ignore_ament_install']
[0.366s] Level 1:colcon.colcon_core.package_identification:_identify(log) by extension 'ignore'
[0.366s] Level 1:colcon.colcon_core.package_identification:_identify(log) ignored
[0.366s] Level 1:colcon.colcon_core.package_identification:_identify(src) by extensions ['ignore', 'ignore_ament_install']
[0.366s] Level 1:colcon.colcon_core.package_identification:_identify(src) by extension 'ignore'
[0.366s] Level 1:colcon.colcon_core.package_identification:_identify(src) by extension 'ignore_ament_install'
[0.367s] Level 1:colcon.colcon_core.package_identification:_identify(src) by extensions ['colcon_pkg']
[0.367s] Level 1:colcon.colcon_core.package_identification:_identify(src) by extension 'colcon_pkg'
[0.367s] Level 1:colcon.colcon_core.package_identification:_identify(src) by extensions ['colcon_meta']
[0.367s] Level 1:colcon.colcon_core.package_identification:_identify(src) by extension 'colcon_meta'
[0.367s] Level 1:colcon.colcon_core.package_identification:_identify(src) by extensions ['ros']
[0.367s] Level 1:colcon.colcon_core.package_identification:_identify(src) by extension 'ros'
[0.367s] Level 1:colcon.colcon_core.package_identification:_identify(src) by extensions ['cmake', 'python']
[0.367s] Level 1:colcon.colcon_core.package_identification:_identify(src) by extension 'cmake'
[0.367s] Level 1:colcon.colcon_core.package_identification:_identify(src) by extension 'python'
[0.367s] Level 1:colcon.colcon_core.package_identification:_identify(src) by extensions ['python_setup_py']
[0.367s] Level 1:colcon.colcon_core.package_identification:_identify(src) by extension 'python_setup_py'
[0.367s] Level 1:colcon.colcon_core.package_identification:_identify(src/owl_robot) by extensions ['ignore', 'ignore_ament_install']
[0.367s] Level 1:colcon.colcon_core.package_identification:_identify(src/owl_robot) by extension 'ignore'
[0.367s] Level 1:colcon.colcon_core.package_identification:_identify(src/owl_robot) by extension 'ignore_ament_install'
[0.367s] Level 1:colcon.colcon_core.package_identification:_identify(src/owl_robot) by extensions ['colcon_pkg']
[0.367s] Level 1:colcon.colcon_core.package_identification:_identify(src/owl_robot) by extension 'colcon_pkg'
[0.367s] Level 1:colcon.colcon_core.package_identification:_identify(src/owl_robot) by extensions ['colcon_meta']
[0.367s] Level 1:colcon.colcon_core.package_identification:_identify(src/owl_robot) by extension 'colcon_meta'
[0.368s] Level 1:colcon.colcon_core.package_identification:_identify(src/owl_robot) by extensions ['ros']
[0.368s] Level 1:colcon.colcon_core.package_identification:_identify(src/owl_robot) by extension 'ros'
[0.373s] DEBUG:colcon.colcon_core.package_identification:Package 'src/owl_robot' with type 'ros.ament_python' and name 'owl_robot'
[0.373s] Level 1:colcon.colcon_core.package_discovery:discover_packages(recursive) using defaults
[0.373s] Level 1:colcon.colcon_core.package_discovery:discover_packages(ignore) discover
[0.373s] Level 1:colcon.colcon_core.package_discovery:discover_packages(ignore) using defaults
[0.373s] Level 1:colcon.colcon_core.package_discovery:discover_packages(path) discover
[0.373s] Level 1:colcon.colcon_core.package_discovery:discover_packages(path) using defaults
[0.397s] Level 1:colcon.colcon_core.package_discovery:discover_packages(prefix_path) check parameters
[0.397s] Level 1:colcon.colcon_core.package_discovery:discover_packages(prefix_path) discover
[0.399s] DEBUG:colcon.colcon_installed_package_information.package_discovery:Found 1 installed packages in /home/vardan/Introduction-to-Robotics/Assignment3/ros2_ws/install
[0.401s] DEBUG:colcon.colcon_installed_package_information.package_discovery:Found 280 installed packages in /opt/ros/humble
[0.402s] Level 1:colcon.colcon_core.package_discovery:discover_packages(prefix_path) using defaults
[0.486s] Level 5:colcon.colcon_core.verb:set package 'owl_robot' build argument 'cmake_args' from command line to 'None'
[0.486s] Level 5:colcon.colcon_core.verb:set package 'owl_robot' build argument 'cmake_target' from command line to 'None'
[0.486s] Level 5:colcon.colcon_core.verb:set package 'owl_robot' build argument 'cmake_target_skip_unavailable' from command line to 'False'
[0.486s] Level 5:colcon.colcon_core.verb:set package 'owl_robot' build argument 'cmake_clean_cache' from command line to 'False'
[0.486s] Level 5:colcon.colcon_core.verb:set package 'owl_robot' build argument 'cmake_clean_first' from command line to 'False'
[0.486s] Level 5:colcon.colcon_core.verb:set package 'owl_robot' build argument 'cmake_force_configure' from command line to 'False'
[0.486s] Level 5:colcon.colcon_core.verb:set package 'owl_robot' build argument 'ament_cmake_args' from command line to 'None'
[0.486s] Level 5:colcon.colcon_core.verb:set package 'owl_robot' build argument 'catkin_cmake_args' from command line to 'None'
[0.486s] Level 5:colcon.colcon_core.verb:set package 'owl_robot' build argument 'catkin_skip_building_tests' from command line to 'False'
[0.486s] DEBUG:colcon.colcon_core.verb:Building package 'owl_robot' with the following arguments: {'ament_cmake_args': None, 'build_base': '/home/vardan/Introduction-to-Robotics/Assignment3/ros2_ws/build/owl_robot', 'catkin_cmake_args': None, 'catkin_skip_building_tests': False, 'cmake_args': None, 'cmake_clean_cache': False, 'cmake_clean_first': False, 'cmake_force_configure': False, 'cmake_target': None, 'cmake_target_skip_unavailable': False, 'install_base': '/home/vardan/Introduction-to-Robotics/Assignment3/ros2_ws/install/owl_robot', 'merge_install': False, 'path': '/home/vardan/Introduction-to-Robotics/Assignment3/ros2_ws/src/owl_robot', 'symlink_install': True, 'test_result_base': None}
[0.487s] INFO:colcon.colcon_core.executor:Executing jobs using 'parallel' executor
[0.488s] DEBUG:colcon.colcon_parallel_executor.executor.parallel:run_until_complete
[0.488s] INFO:colcon.colcon_ros.task.ament_python.build:Building ROS package in '/home/vardan/Introduction-to-Robotics/Assignment3/ros2_ws/src/owl_robot' with build type 'ament_python'
[0.488s] Level 1:colcon.colcon_core.shell:create_environment_hook('owl_robot', 'ament_prefix_path')
[0.492s] INFO:colcon.colcon_core.plugin_system:Skipping extension 'colcon_core.shell.bat': Not used on non-Windows systems
[0.493s] INFO:colcon.colcon_core.shell:Creating environment hook '/home/vardan/Introduction-to-Robotics/Assignment3/ros2_ws/install/owl_robot/share/owl_robot/hook/ament_prefix_path.ps1'
[0.494s] INFO:colcon.colcon_core.shell:Creating environment descriptor '/home/vardan/Introduction-to-Robotics/Assignment3/ros2_ws/install/owl_robot/share/owl_robot/hook/ament_prefix_path.dsv'
[0.495s] INFO:colcon.colcon_core.shell:Creating environment hook '/home/vardan/Introduction-to-Robotics/Assignment3/ros2_ws/install/owl_robot/share/owl_robot/hook/ament_prefix_path.sh'
[0.496s] INFO:colcon.colcon_core.shell:Skip shell extension 'powershell' for command environment: Not usable outside of PowerShell
[0.496s] DEBUG:colcon.colcon_core.shell:Skip shell extension 'dsv' for command environment
[0.855s] INFO:colcon.colcon_core.task.python.build:Building Python package in '/home/vardan/Introduction-to-Robotics/Assignment3/ros2_ws/src/owl_robot'
[0.855s] INFO:colcon.colcon_core.shell:Skip shell extension 'powershell' for command environment: Not usable outside of PowerShell
[0.856s] DEBUG:colcon.colcon_core.shell:Skip shell extension 'dsv' for command environment
[1.306s] DEBUG:colcon.colcon_core.event_handler.log_command:Invoking command in '/home/vardan/Introduction-to-Robotics/Assignment3/ros2_ws/build/owl_robot': PYTHONPATH=/home/vardan/Introduction-to-Robotics/Assignment3/ros2_ws/build/owl_robot/prefix_override:/usr/lib/python3/dist-packages/colcon_core/task/python/colcon_distutils_commands:/home/vardan/Introduction-to-Robotics/Assignment3/ros2_ws/install/owl_robot/lib/python3.10/site-packages:${PYTHONPATH} VIRTUAL_ENV_PROMPT=(.venv) /usr/bin/python3 -W ignore:setup.py install is deprecated setup.py develop --editable --build-directory /home/vardan/Introduction-to-Robotics/Assignment3/ros2_ws/build/owl_robot/build --no-deps symlink_data
[1.907s] Level 1:colcon.colcon_core.shell:create_environment_hook('owl_robot', 'pythonpath_develop')
[1.908s] INFO:colcon.colcon_core.shell:Creating environment hook '/home/vardan/Introduction-to-Robotics/Assignment3/ros2_ws/build/owl_robot/share/owl_robot/hook/pythonpath_develop.ps1'
[1.910s] DEBUG:colcon.colcon_core.event_handler.log_command:Invoked command in '/home/vardan/Introduction-to-Robotics/Assignment3/ros2_ws/build/owl_robot' returned '0': PYTHONPATH=/home/vardan/Introduction-to-Robotics/Assignment3/ros2_ws/build/owl_robot/prefix_override:/usr/lib/python3/dist-packages/colcon_core/task/python/colcon_distutils_commands:/home/vardan/Introduction-to-Robotics/Assignment3/ros2_ws/install/owl_robot/lib/python3.10/site-packages:${PYTHONPATH} VIRTUAL_ENV_PROMPT=(.venv) /usr/bin/python3 -W ignore:setup.py install is deprecated setup.py develop --editable --build-directory /home/vardan/Introduction-to-Robotics/Assignment3/ros2_ws/build/owl_robot/build --no-deps symlink_data
[1.911s] INFO:colcon.colcon_core.shell:Creating environment descriptor '/home/vardan/Introduction-to-Robotics/Assignment3/ros2_ws/build/owl_robot/share/owl_robot/hook/pythonpath_develop.dsv'
[1.912s] INFO:colcon.colcon_core.shell:Creating environment hook '/home/vardan/Introduction-to-Robotics/Assignment3/ros2_ws/build/owl_robot/share/owl_robot/hook/pythonpath_develop.sh'
[1.915s] Level 1:colcon.colcon_core.environment:checking '/home/vardan/Introduction-to-Robotics/Assignment3/ros2_ws/install/owl_robot' for CMake module files
[1.916s] Level 1:colcon.colcon_core.environment:checking '/home/vardan/Introduction-to-Robotics/Assignment3/ros2_ws/install/owl_robot' for CMake config files
[1.917s] Level 1:colcon.colcon_core.environment:checking '/home/vardan/Introduction-to-Robotics/Assignment3/ros2_ws/install/owl_robot/lib'
[1.917s] Level 1:colcon.colcon_core.environment:checking '/home/vardan/Introduction-to-Robotics/Assignment3/ros2_ws/install/owl_robot/bin'
[1.917s] Level 1:colcon.colcon_core.environment:checking '/home/vardan/Introduction-to-Robotics/Assignment3/ros2_ws/install/owl_robot/lib/pkgconfig/owl_robot.pc'
[1.918s] Level 1:colcon.colcon_core.environment:checking '/home/vardan/Introduction-to-Robotics/Assignment3/ros2_ws/install/owl_robot/lib/python3.10/site-packages'
[1.918s] Level 1:colcon.colcon_core.shell:create_environment_hook('owl_robot', 'pythonpath')
[1.918s] INFO:colcon.colcon_core.shell:Creating environment hook '/home/vardan/Introduction-to-Robotics/Assignment3/ros2_ws/install/owl_robot/share/owl_robot/hook/pythonpath.ps1'
[1.919s] INFO:colcon.colcon_core.shell:Creating environment descriptor '/home/vardan/Introduction-to-Robotics/Assignment3/ros2_ws/install/owl_robot/share/owl_robot/hook/pythonpath.dsv'
[1.919s] INFO:colcon.colcon_core.shell:Creating environment hook '/home/vardan/Introduction-to-Robotics/Assignment3/ros2_ws/install/owl_robot/share/owl_robot/hook/pythonpath.sh'
[1.921s] Level 1:colcon.colcon_core.environment:checking '/home/vardan/Introduction-to-Robotics/Assignment3/ros2_ws/install/owl_robot/bin'
[1.922s] Level 1:colcon.colcon_core.environment:create_environment_scripts_only(owl_robot)
[1.924s] INFO:colcon.colcon_core.shell:Creating package script '/home/vardan/Introduction-to-Robotics/Assignment3/ros2_ws/install/owl_robot/share/owl_robot/package.ps1'
[1.925s] INFO:colcon.colcon_core.shell:Creating package descriptor '/home/vardan/Introduction-to-Robotics/Assignment3/ros2_ws/install/owl_robot/share/owl_robot/package.dsv'
[1.927s] INFO:colcon.colcon_core.shell:Creating package script '/home/vardan/Introduction-to-Robotics/Assignment3/ros2_ws/install/owl_robot/share/owl_robot/package.sh'
[1.928s] INFO:colcon.colcon_core.shell:Creating package script '/home/vardan/Introduction-to-Robotics/Assignment3/ros2_ws/install/owl_robot/share/owl_robot/package.bash'
[1.929s] INFO:colcon.colcon_core.shell:Creating package script '/home/vardan/Introduction-to-Robotics/Assignment3/ros2_ws/install/owl_robot/share/owl_robot/package.zsh'
[1.931s] Level 1:colcon.colcon_core.environment:create_file_with_runtime_dependencies(/home/vardan/Introduction-to-Robotics/Assignment3/ros2_ws/install/owl_robot/share/colcon-core/packages/owl_robot)
[1.931s] DEBUG:colcon.colcon_parallel_executor.executor.parallel:closing loop
[1.932s] DEBUG:colcon.colcon_parallel_executor.executor.parallel:loop closed
[1.932s] DEBUG:colcon.colcon_parallel_executor.executor.parallel:run_until_complete finished with '0'
[1.933s] DEBUG:colcon.colcon_core.event_reactor:joining thread
[1.973s] INFO:colcon.colcon_core.plugin_system:Skipping extension 'colcon_notification.desktop_notification.notify_send': Could not find 'notify-send'
[1.973s] INFO:colcon.colcon_core.plugin_system:Skipping extension 'colcon_notification.desktop_notification.terminal_notifier': Not used on non-Darwin systems
[1.974s] INFO:colcon.colcon_core.plugin_system:Skipping extension 'colcon_notification.desktop_notification.win32': Not used on non-Windows systems
[1.974s] INFO:colcon.colcon_notification.desktop_notification:Sending desktop notification using 'notify2'
[1.974s] DEBUG:colcon.colcon_notification.desktop_notification.notify2:Failed to initialize notify2: org.freedesktop.DBus.Error.FileNotFound: Failed to connect to socket /run/user/1000/bus: No such file or directory
[1.974s] DEBUG:colcon.colcon_core.event_reactor:joined thread
[1.975s] INFO:colcon.colcon_core.shell:Creating prefix script '/home/vardan/Introduction-to-Robotics/Assignment3/ros2_ws/install/local_setup.ps1'
[1.977s] INFO:colcon.colcon_core.shell:Creating prefix util module '/home/vardan/Introduction-to-Robotics/Assignment3/ros2_ws/install/_local_setup_util_ps1.py'
[1.979s] INFO:colcon.colcon_core.shell:Creating prefix chain script '/home/vardan/Introduction-to-Robotics/Assignment3/ros2_ws/install/setup.ps1'
[1.980s] INFO:colcon.colcon_core.shell:Creating prefix script '/home/vardan/Introduction-to-Robotics/Assignment3/ros2_ws/install/local_setup.sh'
[1.981s] INFO:colcon.colcon_core.shell:Creating prefix util module '/home/vardan/Introduction-to-Robotics/Assignment3/ros2_ws/install/_local_setup_util_sh.py'
[1.983s] INFO:colcon.colcon_core.shell:Creating prefix chain script '/home/vardan/Introduction-to-Robotics/Assignment3/ros2_ws/install/setup.sh'
[1.985s] INFO:colcon.colcon_core.shell:Creating prefix script '/home/vardan/Introduction-to-Robotics/Assignment3/ros2_ws/install/local_setup.bash'
[1.986s] INFO:colcon.colcon_core.shell:Creating prefix chain script '/home/vardan/Introduction-to-Robotics/Assignment3/ros2_ws/install/setup.bash'
[1.990s] INFO:colcon.colcon_core.shell:Creating prefix script '/home/vardan/Introduction-to-Robotics/Assignment3/ros2_ws/install/local_setup.zsh'
[1.991s] INFO:colcon.colcon_core.shell:Creating prefix chain script '/home/vardan/Introduction-to-Robotics/Assignment3/ros2_ws/install/setup.zsh'
