[0.915s] Invoking command in '/home/vardan/Introduction-to-Robotics/Assignment 1/ros2_wk/build/Manipulator_Simulation': PYTHONPATH=/home/vardan/Introduction-to-Robotics/Assignment 1/ros2_wk/build/Manipulator_Simulation/prefix_override:/home/vardan/Introduction-to-Robotics/Assignment 1/ros2_wk/install/Manipulator_Simulation/lib/python3.10/site-packages:${PYTHONPATH} VIRTUAL_ENV_PROMPT=(.venv) /usr/bin/python3 -W ignore:setup.py install is deprecated setup.py develop --editable --build-directory /home/vardan/Introduction-to-Robotics/Assignment 1/ros2_wk/build/Manipulator_Simulation/build --no-deps symlink_data
[1.329s] running develop
[1.329s] /usr/lib/python3/dist-packages/setuptools/command/easy_install.py:158: EasyInstallDeprecationWarning: easy_install command is deprecated. Use build and pip and other standards-based tools.
[1.329s]   warnings.warn(
[1.566s] running egg_info
[1.567s] writing Manipulator_Simulation.egg-info/PKG-INFO
[1.568s] writing dependency_links to Manipulator_Simulation.egg-info/dependency_links.txt
[1.569s] writing entry points to Manipulator_Simulation.egg-info/entry_points.txt
[1.570s] writing requirements to Manipulator_Simulation.egg-info/requires.txt
[1.570s] writing top-level names to Manipulator_Simulation.egg-info/top_level.txt
[1.575s] reading manifest file 'Manipulator_Simulation.egg-info/SOURCES.txt'
[1.578s] writing manifest file 'Manipulator_Simulation.egg-info/SOURCES.txt'
[1.580s] running build_ext
[1.581s] Creating /home/vardan/Introduction-to-Robotics/Assignment 1/ros2_wk/install/Manipulator_Simulation/lib/python3.10/site-packages/Manipulator-Simulation.egg-link (link to .)
[1.583s] 
[1.583s] Installed /home/vardan/Introduction-to-Robotics/Assignment 1/ros2_wk/build/Manipulator_Simulation
[1.583s] running symlink_data
[1.583s] creating /home/vardan/Introduction-to-Robotics/Assignment 1/ros2_wk/install/Manipulator_Simulation/share/Manipulator_Simulation/urdf
[1.584s] symbolically linking /home/vardan/Introduction-to-Robotics/Assignment 1/ros2_wk/build/Manipulator_Simulation/urdf/open_manipulator_robot.urdf.xacro -> /home/vardan/Introduction-to-Robotics/Assignment 1/ros2_wk/install/Manipulator_Simulation/share/Manipulator_Simulation/urdf
[1.584s] symbolically linking /home/vardan/Introduction-to-Robotics/Assignment 1/ros2_wk/build/Manipulator_Simulation/urdf/open_manipulator.urdf.xacro -> /home/vardan/Introduction-to-Robotics/Assignment 1/ros2_wk/install/Manipulator_Simulation/share/Manipulator_Simulation/urdf
[1.585s] symbolically linking /home/vardan/Introduction-to-Robotics/Assignment 1/ros2_wk/build/Manipulator_Simulation/urdf/open_manipulator.gazebo.xacro -> /home/vardan/Introduction-to-Robotics/Assignment 1/ros2_wk/install/Manipulator_Simulation/share/Manipulator_Simulation/urdf
[1.586s] symbolically linking /home/vardan/Introduction-to-Robotics/Assignment 1/ros2_wk/build/Manipulator_Simulation/urdf/open_manipulator.transmission.xacro -> /home/vardan/Introduction-to-Robotics/Assignment 1/ros2_wk/install/Manipulator_Simulation/share/Manipulator_Simulation/urdf
[1.587s] symbolically linking /home/vardan/Introduction-to-Robotics/Assignment 1/ros2_wk/build/Manipulator_Simulation/urdf/materials.xacro -> /home/vardan/Introduction-to-Robotics/Assignment 1/ros2_wk/install/Manipulator_Simulation/share/Manipulator_Simulation/urdf
[1.588s] creating /home/vardan/Introduction-to-Robotics/Assignment 1/ros2_wk/install/Manipulator_Simulation/share/Manipulator_Simulation/meshes
[1.588s] creating /home/vardan/Introduction-to-Robotics/Assignment 1/ros2_wk/install/Manipulator_Simulation/share/Manipulator_Simulation/launch
[1.589s] symbolically linking /home/vardan/Introduction-to-Robotics/Assignment 1/ros2_wk/build/Manipulator_Simulation/launch/simulation.launch.py -> /home/vardan/Introduction-to-Robotics/Assignment 1/ros2_wk/install/Manipulator_Simulation/share/Manipulator_Simulation/launch
[1.640s] Invoked command in '/home/vardan/Introduction-to-Robotics/Assignment 1/ros2_wk/build/Manipulator_Simulation' returned '0': PYTHONPATH=/home/vardan/Introduction-to-Robotics/Assignment 1/ros2_wk/build/Manipulator_Simulation/prefix_override:/home/vardan/Introduction-to-Robotics/Assignment 1/ros2_wk/install/Manipulator_Simulation/lib/python3.10/site-packages:${PYTHONPATH} VIRTUAL_ENV_PROMPT=(.venv) /usr/bin/python3 -W ignore:setup.py install is deprecated setup.py develop --editable --build-directory /home/vardan/Introduction-to-Robotics/Assignment 1/ros2_wk/build/Manipulator_Simulation/build --no-deps symlink_data
