[1.102s] Invoking command in '/home/vardan/Introduction-to-Robotics/Assignment 1/roswk/build/franka_simulation': PYTHONPATH=/home/vardan/Introduction-to-Robotics/Assignment 1/roswk/build/franka_simulation/prefix_override:/home/vardan/Introduction-to-Robotics/Assignment 1/roswk/install/franka_simulation/lib/python3.10/site-packages:${PYTHONPATH} VIRTUAL_ENV_PROMPT=(.venv) /usr/bin/python3 -W ignore:setup.py install is deprecated setup.py develop --editable --build-directory /home/vardan/Introduction-to-Robotics/Assignment 1/roswk/build/franka_simulation/build --no-deps symlink_data
[1.646s] running develop
[1.647s] /usr/lib/python3/dist-packages/setuptools/command/easy_install.py:158: EasyInstallDeprecationWarning: easy_install command is deprecated. Use build and pip and other standards-based tools.
[1.647s]   warnings.warn(
[1.959s] running egg_info
[1.959s] creating franka_simulation.egg-info
[1.960s] writing franka_simulation.egg-info/PKG-INFO
[1.960s] writing dependency_links to franka_simulation.egg-info/dependency_links.txt
[1.960s] writing entry points to franka_simulation.egg-info/entry_points.txt
[1.961s] writing requirements to franka_simulation.egg-info/requires.txt
[1.961s] writing top-level names to franka_simulation.egg-info/top_level.txt
[1.961s] writing manifest file 'franka_simulation.egg-info/SOURCES.txt'
[1.963s] reading manifest file 'franka_simulation.egg-info/SOURCES.txt'
[1.964s] writing manifest file 'franka_simulation.egg-info/SOURCES.txt'
[1.967s] running build_ext
[1.967s] Creating /home/vardan/Introduction-to-Robotics/Assignment 1/roswk/install/franka_simulation/lib/python3.10/site-packages/franka-simulation.egg-link (link to .)
[1.970s] 
[1.970s] Installed /home/vardan/Introduction-to-Robotics/Assignment 1/roswk/build/franka_simulation
[1.970s] running symlink_data
[1.970s] creating /home/vardan/Introduction-to-Robotics/Assignment 1/roswk/install/franka_simulation/share/ament_index
[1.971s] creating /home/vardan/Introduction-to-Robotics/Assignment 1/roswk/install/franka_simulation/share/ament_index/resource_index
[1.972s] creating /home/vardan/Introduction-to-Robotics/Assignment 1/roswk/install/franka_simulation/share/ament_index/resource_index/packages
[1.972s] symbolically linking /home/vardan/Introduction-to-Robotics/Assignment 1/roswk/build/franka_simulation/resource/franka_simulation -> /home/vardan/Introduction-to-Robotics/Assignment 1/roswk/install/franka_simulation/share/ament_index/resource_index/packages
[1.973s] symbolically linking /home/vardan/Introduction-to-Robotics/Assignment 1/roswk/build/franka_simulation/package.xml -> /home/vardan/Introduction-to-Robotics/Assignment 1/roswk/install/franka_simulation/share/franka_simulation
[1.973s] creating /home/vardan/Introduction-to-Robotics/Assignment 1/roswk/install/franka_simulation/share/franka_simulation/description
[1.974s] symbolically linking /home/vardan/Introduction-to-Robotics/Assignment 1/roswk/build/franka_simulation/description/materials.xacro -> /home/vardan/Introduction-to-Robotics/Assignment 1/roswk/install/franka_simulation/share/franka_simulation/description
[1.974s] symbolically linking /home/vardan/Introduction-to-Robotics/Assignment 1/roswk/build/franka_simulation/description/open_manipulator.xacro -> /home/vardan/Introduction-to-Robotics/Assignment 1/roswk/install/franka_simulation/share/franka_simulation/description
[1.975s] creating /home/vardan/Introduction-to-Robotics/Assignment 1/roswk/install/franka_simulation/share/franka_simulation/meshes
[1.975s] creating /home/vardan/Introduction-to-Robotics/Assignment 1/roswk/install/franka_simulation/share/franka_simulation/launch
[1.975s] symbolically linking /home/vardan/Introduction-to-Robotics/Assignment 1/roswk/build/franka_simulation/launch/sim.launch.py -> /home/vardan/Introduction-to-Robotics/Assignment 1/roswk/install/franka_simulation/share/franka_simulation/launch
[2.023s] Invoked command in '/home/vardan/Introduction-to-Robotics/Assignment 1/roswk/build/franka_simulation' returned '0': PYTHONPATH=/home/vardan/Introduction-to-Robotics/Assignment 1/roswk/build/franka_simulation/prefix_override:/home/vardan/Introduction-to-Robotics/Assignment 1/roswk/install/franka_simulation/lib/python3.10/site-packages:${PYTHONPATH} VIRTUAL_ENV_PROMPT=(.venv) /usr/bin/python3 -W ignore:setup.py install is deprecated setup.py develop --editable --build-directory /home/vardan/Introduction-to-Robotics/Assignment 1/roswk/build/franka_simulation/build --no-deps symlink_data
