[0.869s] Invoking command in '/home/vardan/Introduction-to-Robotics/Assignment4/ros2_ws/build/workshop': PYTHONPATH=/home/vardan/Introduction-to-Robotics/Assignment4/ros2_ws/build/workshop/prefix_override:/usr/lib/python3/dist-packages/colcon_core/task/python/colcon_distutils_commands:/home/vardan/Introduction-to-Robotics/Assignment4/ros2_ws/install/workshop/lib/python3.10/site-packages:${PYTHONPATH} VIRTUAL_ENV_PROMPT=(.venv) /usr/bin/python3 -W ignore:setup.py install is deprecated setup.py develop --editable --build-directory /home/vardan/Introduction-to-Robotics/Assignment4/ros2_ws/build/workshop/build --no-deps symlink_data
[1.203s] running develop
[1.204s] /usr/lib/python3/dist-packages/setuptools/command/easy_install.py:158: EasyInstallDeprecationWarning: easy_install command is deprecated. Use build and pip and other standards-based tools.
[1.204s]   warnings.warn(
[1.393s] running egg_info
[1.394s] writing workshop.egg-info/PKG-INFO
[1.394s] writing dependency_links to workshop.egg-info/dependency_links.txt
[1.394s] writing entry points to workshop.egg-info/entry_points.txt
[1.395s] writing requirements to workshop.egg-info/requires.txt
[1.395s] writing top-level names to workshop.egg-info/top_level.txt
[1.398s] reading manifest file 'workshop.egg-info/SOURCES.txt'
[1.399s] writing manifest file 'workshop.egg-info/SOURCES.txt'
[1.401s] running build_ext
[1.401s] Creating /home/vardan/Introduction-to-Robotics/Assignment4/ros2_ws/install/workshop/lib/python3.10/site-packages/workshop.egg-link (link to .)
[1.402s] Installing NumPublisher script to /home/vardan/Introduction-to-Robotics/Assignment4/ros2_ws/install/workshop/lib/workshop
[1.403s] Installing SumPublisher script to /home/vardan/Introduction-to-Robotics/Assignment4/ros2_ws/install/workshop/lib/workshop
[1.404s] 
[1.404s] Installed /home/vardan/Introduction-to-Robotics/Assignment4/ros2_ws/build/workshop
[1.404s] running symlink_data
[1.458s] Invoked command in '/home/vardan/Introduction-to-Robotics/Assignment4/ros2_ws/build/workshop' returned '0': PYTHONPATH=/home/vardan/Introduction-to-Robotics/Assignment4/ros2_ws/build/workshop/prefix_override:/usr/lib/python3/dist-packages/colcon_core/task/python/colcon_distutils_commands:/home/vardan/Introduction-to-Robotics/Assignment4/ros2_ws/install/workshop/lib/python3.10/site-packages:${PYTHONPATH} VIRTUAL_ENV_PROMPT=(.venv) /usr/bin/python3 -W ignore:setup.py install is deprecated setup.py develop --editable --build-directory /home/vardan/Introduction-to-Robotics/Assignment4/ros2_ws/build/workshop/build --no-deps symlink_data
