[0.923s] Invoking command in '/home/vardan/Introduction-to-Robotics/Assignment 1/roswk/build/franka_simulation': PYTHONPATH=/home/vardan/Introduction-to-Robotics/Assignment 1/roswk/build/franka_simulation/prefix_override:/home/vardan/Introduction-to-Robotics/Assignment 1/roswk/install/franka_simulation/lib/python3.10/site-packages:${PYTHONPATH} VIRTUAL_ENV_PROMPT=(.venv) /usr/bin/python3 -W ignore:setup.py install is deprecated setup.py develop --editable --build-directory /home/vardan/Introduction-to-Robotics/Assignment 1/roswk/build/franka_simulation/build --no-deps symlink_data
[1.270s] running develop
[1.270s] /usr/lib/python3/dist-packages/setuptools/command/easy_install.py:158: EasyInstallDeprecationWarning: easy_install command is deprecated. Use build and pip and other standards-based tools.
[1.270s]   warnings.warn(
[1.473s] running egg_info
[1.473s] creating franka_simulation.egg-info
[1.473s] writing franka_simulation.egg-info/PKG-INFO
[1.474s] writing dependency_links to franka_simulation.egg-info/dependency_links.txt
[1.474s] writing entry points to franka_simulation.egg-info/entry_points.txt
[1.474s] writing requirements to franka_simulation.egg-info/requires.txt
[1.475s] writing top-level names to franka_simulation.egg-info/top_level.txt
[1.475s] writing manifest file 'franka_simulation.egg-info/SOURCES.txt'
[1.477s] reading manifest file 'franka_simulation.egg-info/SOURCES.txt'
[1.479s] writing manifest file 'franka_simulation.egg-info/SOURCES.txt'
[1.481s] running build_ext
[1.481s] Creating /home/vardan/Introduction-to-Robotics/Assignment 1/roswk/install/franka_simulation/lib/python3.10/site-packages/franka-simulation.egg-link (link to .)
[1.483s] 
[1.483s] Installed /home/vardan/Introduction-to-Robotics/Assignment 1/roswk/build/franka_simulation
[1.483s] running symlink_data
[1.483s] creating /home/vardan/Introduction-to-Robotics/Assignment 1/roswk/install/franka_simulation/share/ament_index
[1.484s] creating /home/vardan/Introduction-to-Robotics/Assignment 1/roswk/install/franka_simulation/share/ament_index/resource_index
[1.484s] creating /home/vardan/Introduction-to-Robotics/Assignment 1/roswk/install/franka_simulation/share/ament_index/resource_index/packages
[1.484s] symbolically linking /home/vardan/Introduction-to-Robotics/Assignment 1/roswk/build/franka_simulation/resource/franka_simulation -> /home/vardan/Introduction-to-Robotics/Assignment 1/roswk/install/franka_simulation/share/ament_index/resource_index/packages
[1.485s] symbolically linking /home/vardan/Introduction-to-Robotics/Assignment 1/roswk/build/franka_simulation/package.xml -> /home/vardan/Introduction-to-Robotics/Assignment 1/roswk/install/franka_simulation/share/franka_simulation
[1.485s] creating /home/vardan/Introduction-to-Robotics/Assignment 1/roswk/install/franka_simulation/share/franka_simulation/description
[1.486s] symbolically linking /home/vardan/Introduction-to-Robotics/Assignment 1/roswk/build/franka_simulation/description/open_manipulator.xacro -> /home/vardan/Introduction-to-Robotics/Assignment 1/roswk/install/franka_simulation/share/franka_simulation/description
[1.486s] creating /home/vardan/Introduction-to-Robotics/Assignment 1/roswk/install/franka_simulation/share/franka_simulation/meshes
[1.487s] symbolically linking /home/vardan/Introduction-to-Robotics/Assignment 1/roswk/build/franka_simulation/meshes/chain_link1.stl -> /home/vardan/Introduction-to-Robotics/Assignment 1/roswk/install/franka_simulation/share/franka_simulation/meshes
[1.487s] symbolically linking /home/vardan/Introduction-to-Robotics/Assignment 1/roswk/build/franka_simulation/meshes/chain_link_grip_r.stl -> /home/vardan/Introduction-to-Robotics/Assignment 1/roswk/install/franka_simulation/share/franka_simulation/meshes
[1.487s] symbolically linking /home/vardan/Introduction-to-Robotics/Assignment 1/roswk/build/franka_simulation/meshes/chain_link2.stl -> /home/vardan/Introduction-to-Robotics/Assignment 1/roswk/install/franka_simulation/share/franka_simulation/meshes
[1.488s] symbolically linking /home/vardan/Introduction-to-Robotics/Assignment 1/roswk/build/franka_simulation/meshes/chain_link_grip_l.stl -> /home/vardan/Introduction-to-Robotics/Assignment 1/roswk/install/franka_simulation/share/franka_simulation/meshes
[1.488s] symbolically linking /home/vardan/Introduction-to-Robotics/Assignment 1/roswk/build/franka_simulation/meshes/chain_link3.stl -> /home/vardan/Introduction-to-Robotics/Assignment 1/roswk/install/franka_simulation/share/franka_simulation/meshes
[1.488s] symbolically linking /home/vardan/Introduction-to-Robotics/Assignment 1/roswk/build/franka_simulation/meshes/chain_link4.stl -> /home/vardan/Introduction-to-Robotics/Assignment 1/roswk/install/franka_simulation/share/franka_simulation/meshes
[1.489s] symbolically linking /home/vardan/Introduction-to-Robotics/Assignment 1/roswk/build/franka_simulation/meshes/chain_link5.stl -> /home/vardan/Introduction-to-Robotics/Assignment 1/roswk/install/franka_simulation/share/franka_simulation/meshes
[1.492s] creating /home/vardan/Introduction-to-Robotics/Assignment 1/roswk/install/franka_simulation/share/franka_simulation/launch
[1.492s] symbolically linking /home/vardan/Introduction-to-Robotics/Assignment 1/roswk/build/franka_simulation/launch/sim.launch.py -> /home/vardan/Introduction-to-Robotics/Assignment 1/roswk/install/franka_simulation/share/franka_simulation/launch
[1.546s] Invoked command in '/home/vardan/Introduction-to-Robotics/Assignment 1/roswk/build/franka_simulation' returned '0': PYTHONPATH=/home/vardan/Introduction-to-Robotics/Assignment 1/roswk/build/franka_simulation/prefix_override:/home/vardan/Introduction-to-Robotics/Assignment 1/roswk/install/franka_simulation/lib/python3.10/site-packages:${PYTHONPATH} VIRTUAL_ENV_PROMPT=(.venv) /usr/bin/python3 -W ignore:setup.py install is deprecated setup.py develop --editable --build-directory /home/vardan/Introduction-to-Robotics/Assignment 1/roswk/build/franka_simulation/build --no-deps symlink_data
