[0.909s] Invoking command in '/home/vardan/Introduction-to-Robotics/Assignment4/ros2_ws/build/workshop': PYTHONPATH=/home/vardan/Introduction-to-Robotics/Assignment4/ros2_ws/build/workshop/prefix_override:/usr/lib/python3/dist-packages/colcon_core/task/python/colcon_distutils_commands:/home/vardan/Introduction-to-Robotics/Assignment4/ros2_ws/install/workshop/lib/python3.10/site-packages:${PYTHONPATH} VIRTUAL_ENV_PROMPT=(.venv) /usr/bin/python3 -W ignore:setup.py install is deprecated setup.py develop --editable --build-directory /home/vardan/Introduction-to-Robotics/Assignment4/ros2_ws/build/workshop/build --no-deps symlink_data
[1.269s] running develop
[1.270s] /usr/lib/python3/dist-packages/setuptools/command/easy_install.py:158: EasyInstallDeprecationWarning: easy_install command is deprecated. Use build and pip and other standards-based tools.
[1.270s]   warnings.warn(
[1.479s] running egg_info
[1.479s] writing workshop.egg-info/PKG-INFO
[1.480s] writing dependency_links to workshop.egg-info/dependency_links.txt
[1.480s] writing entry points to workshop.egg-info/entry_points.txt
[1.481s] writing requirements to workshop.egg-info/requires.txt
[1.481s] writing top-level names to workshop.egg-info/top_level.txt
[1.483s] reading manifest file 'workshop.egg-info/SOURCES.txt'
[1.484s] writing manifest file 'workshop.egg-info/SOURCES.txt'
[1.486s] running build_ext
[1.487s] Creating /home/vardan/Introduction-to-Robotics/Assignment4/ros2_ws/install/workshop/lib/python3.10/site-packages/workshop.egg-link (link to .)
[1.488s] Installing NumPublisher script to /home/vardan/Introduction-to-Robotics/Assignment4/ros2_ws/install/workshop/lib/workshop
[1.489s] Installing SumPublisher script to /home/vardan/Introduction-to-Robotics/Assignment4/ros2_ws/install/workshop/lib/workshop
[1.489s] 
[1.489s] Installed /home/vardan/Introduction-to-Robotics/Assignment4/ros2_ws/build/workshop
[1.489s] running symlink_data
[1.540s] Invoked command in '/home/vardan/Introduction-to-Robotics/Assignment4/ros2_ws/build/workshop' returned '0': PYTHONPATH=/home/vardan/Introduction-to-Robotics/Assignment4/ros2_ws/build/workshop/prefix_override:/usr/lib/python3/dist-packages/colcon_core/task/python/colcon_distutils_commands:/home/vardan/Introduction-to-Robotics/Assignment4/ros2_ws/install/workshop/lib/python3.10/site-packages:${PYTHONPATH} VIRTUAL_ENV_PROMPT=(.venv) /usr/bin/python3 -W ignore:setup.py install is deprecated setup.py develop --editable --build-directory /home/vardan/Introduction-to-Robotics/Assignment4/ros2_ws/build/workshop/build --no-deps symlink_data
