[0.992s] Invoking command in '/home/vardan/Introduction-to-Robotics/Assignment4/ros2_ws/build/workshop': PYTHONPATH=/home/vardan/Introduction-to-Robotics/Assignment4/ros2_ws/build/workshop/prefix_override:/usr/lib/python3/dist-packages/colcon_core/task/python/colcon_distutils_commands:/home/vardan/Introduction-to-Robotics/Assignment4/ros2_ws/install/workshop/lib/python3.10/site-packages:${PYTHONPATH} VIRTUAL_ENV_PROMPT=(.venv) /usr/bin/python3 -W ignore:setup.py install is deprecated setup.py develop --editable --build-directory /home/vardan/Introduction-to-Robotics/Assignment4/ros2_ws/build/workshop/build --no-deps symlink_data
[1.418s] running develop
[1.419s] /usr/lib/python3/dist-packages/setuptools/command/easy_install.py:158: EasyInstallDeprecationWarning: easy_install command is deprecated. Use build and pip and other standards-based tools.
[1.419s]   warnings.warn(
[1.696s] running egg_info
[1.696s] creating workshop.egg-info
[1.696s] writing workshop.egg-info/PKG-INFO
[1.697s] writing dependency_links to workshop.egg-info/dependency_links.txt
[1.698s] writing entry points to workshop.egg-info/entry_points.txt
[1.698s] writing requirements to workshop.egg-info/requires.txt
[1.698s] writing top-level names to workshop.egg-info/top_level.txt
[1.698s] writing manifest file 'workshop.egg-info/SOURCES.txt'
[1.700s] reading manifest file 'workshop.egg-info/SOURCES.txt'
[1.701s] writing manifest file 'workshop.egg-info/SOURCES.txt'
[1.704s] running build_ext
[1.704s] Creating /home/vardan/Introduction-to-Robotics/Assignment4/ros2_ws/install/workshop/lib/python3.10/site-packages/workshop.egg-link (link to .)
[1.705s] 
[1.706s] Installed /home/vardan/Introduction-to-Robotics/Assignment4/ros2_ws/build/workshop
[1.706s] running symlink_data
[1.706s] creating /home/vardan/Introduction-to-Robotics/Assignment4/ros2_ws/install/workshop/share/ament_index
[1.707s] creating /home/vardan/Introduction-to-Robotics/Assignment4/ros2_ws/install/workshop/share/ament_index/resource_index
[1.707s] creating /home/vardan/Introduction-to-Robotics/Assignment4/ros2_ws/install/workshop/share/ament_index/resource_index/packages
[1.707s] symbolically linking /home/vardan/Introduction-to-Robotics/Assignment4/ros2_ws/build/workshop/resource/workshop -> /home/vardan/Introduction-to-Robotics/Assignment4/ros2_ws/install/workshop/share/ament_index/resource_index/packages
[1.707s] symbolically linking /home/vardan/Introduction-to-Robotics/Assignment4/ros2_ws/build/workshop/package.xml -> /home/vardan/Introduction-to-Robotics/Assignment4/ros2_ws/install/workshop/share/workshop
[1.757s] Invoked command in '/home/vardan/Introduction-to-Robotics/Assignment4/ros2_ws/build/workshop' returned '0': PYTHONPATH=/home/vardan/Introduction-to-Robotics/Assignment4/ros2_ws/build/workshop/prefix_override:/usr/lib/python3/dist-packages/colcon_core/task/python/colcon_distutils_commands:/home/vardan/Introduction-to-Robotics/Assignment4/ros2_ws/install/workshop/lib/python3.10/site-packages:${PYTHONPATH} VIRTUAL_ENV_PROMPT=(.venv) /usr/bin/python3 -W ignore:setup.py install is deprecated setup.py develop --editable --build-directory /home/vardan/Introduction-to-Robotics/Assignment4/ros2_ws/build/workshop/build --no-deps symlink_data
