running develop
running egg_info
creating Manipulator_Simulation.egg-info
writing Manipulator_Simulation.egg-info/PKG-INFO
writing dependency_links to Manipulator_Simulation.egg-info/dependency_links.txt
writing entry points to Manipulator_Simulation.egg-info/entry_points.txt
writing requirements to Manipulator_Simulation.egg-info/requires.txt
writing top-level names to Manipulator_Simulation.egg-info/top_level.txt
writing manifest file 'Manipulator_Simulation.egg-info/SOURCES.txt'
reading manifest file 'Manipulator_Simulation.egg-info/SOURCES.txt'
writing manifest file 'Manipulator_Simulation.egg-info/SOURCES.txt'
running build_ext
Creating /home/vardan/Introduction-to-Robotics/Assignment 1/ros2_wk/install/Manipulator_Simulation/lib/python3.10/site-packages/Manipulator-Simulation.egg-link (link to .)

Installed /home/vardan/Introduction-to-Robotics/Assignment 1/ros2_wk/build/Manipulator_Simulation
running symlink_data
creating /home/vardan/Introduction-to-Robotics/Assignment 1/ros2_wk/install/Manipulator_Simulation/share/ament_index
creating /home/vardan/Introduction-to-Robotics/Assignment 1/ros2_wk/install/Manipulator_Simulation/share/ament_index/resource_index
creating /home/vardan/Introduction-to-Robotics/Assignment 1/ros2_wk/install/Manipulator_Simulation/share/ament_index/resource_index/packages
symbolically linking /home/vardan/Introduction-to-Robotics/Assignment 1/ros2_wk/build/Manipulator_Simulation/resource/Manipulator_Simulation -> /home/vardan/Introduction-to-Robotics/Assignment 1/ros2_wk/install/Manipulator_Simulation/share/ament_index/resource_index/packages
symbolically linking /home/vardan/Introduction-to-Robotics/Assignment 1/ros2_wk/build/Manipulator_Simulation/package.xml -> /home/vardan/Introduction-to-Robotics/Assignment 1/ros2_wk/install/Manipulator_Simulation/share/Manipulator_Simulation
