running develop
/usr/lib/python3/dist-packages/setuptools/command/easy_install.py:158: EasyInstallDeprecationWarning: easy_install command is deprecated. Use build and pip and other standards-based tools.
  warnings.warn(
running egg_info
writing manipulator_simulation.egg-info/PKG-INFO
writing dependency_links to manipulator_simulation.egg-info/dependency_links.txt
writing entry points to manipulator_simulation.egg-info/entry_points.txt
writing requirements to manipulator_simulation.egg-info/requires.txt
writing top-level names to manipulator_simulation.egg-info/top_level.txt
reading manifest file 'manipulator_simulation.egg-info/SOURCES.txt'
writing manifest file 'manipulator_simulation.egg-info/SOURCES.txt'
running build_ext
Creating /home/vardan/Introduction-to-Robotics/Assignment 1/ros2_wk/install/manipulator_simulation/lib/python3.10/site-packages/manipulator-simulation.egg-link (link to .)

Installed /home/vardan/Introduction-to-Robotics/Assignment 1/ros2_wk/build/manipulator_simulation
running symlink_data
symbolically linking /home/vardan/Introduction-to-Robotics/Assignment 1/ros2_wk/build/manipulator_simulation/resource/manipulator_simulation -> /home/vardan/Introduction-to-Robotics/Assignment 1/ros2_wk/install/manipulator_simulation/share/ament_index/resource_index/packages
symbolically linking /home/vardan/Introduction-to-Robotics/Assignment 1/ros2_wk/build/manipulator_simulation/package.xml -> /home/vardan/Introduction-to-Robotics/Assignment 1/ros2_wk/install/manipulator_simulation/share/manipulator_simulation
creating /home/vardan/Introduction-to-Robotics/Assignment 1/ros2_wk/install/manipulator_simulation/share/manipulator_simulation/urdf
symbolically linking /home/vardan/Introduction-to-Robotics/Assignment 1/ros2_wk/build/manipulator_simulation/urdf/open_manipulator_robot.urdf.xacro -> /home/vardan/Introduction-to-Robotics/Assignment 1/ros2_wk/install/manipulator_simulation/share/manipulator_simulation/urdf
symbolically linking /home/vardan/Introduction-to-Robotics/Assignment 1/ros2_wk/build/manipulator_simulation/urdf/open_manipulator.urdf.xacro -> /home/vardan/Introduction-to-Robotics/Assignment 1/ros2_wk/install/manipulator_simulation/share/manipulator_simulation/urdf
symbolically linking /home/vardan/Introduction-to-Robotics/Assignment 1/ros2_wk/build/manipulator_simulation/urdf/open_manipulator.gazebo.xacro -> /home/vardan/Introduction-to-Robotics/Assignment 1/ros2_wk/install/manipulator_simulation/share/manipulator_simulation/urdf
symbolically linking /home/vardan/Introduction-to-Robotics/Assignment 1/ros2_wk/build/manipulator_simulation/urdf/open_manipulator.transmission.xacro -> /home/vardan/Introduction-to-Robotics/Assignment 1/ros2_wk/install/manipulator_simulation/share/manipulator_simulation/urdf
symbolically linking /home/vardan/Introduction-to-Robotics/Assignment 1/ros2_wk/build/manipulator_simulation/urdf/materials.xacro -> /home/vardan/Introduction-to-Robotics/Assignment 1/ros2_wk/install/manipulator_simulation/share/manipulator_simulation/urdf
creating /home/vardan/Introduction-to-Robotics/Assignment 1/ros2_wk/install/manipulator_simulation/share/manipulator_simulation/meshes
symbolically linking /home/vardan/Introduction-to-Robotics/Assignment 1/ros2_wk/build/manipulator_simulation/meshes/chain_link1.stl -> /home/vardan/Introduction-to-Robotics/Assignment 1/ros2_wk/install/manipulator_simulation/share/manipulator_simulation/meshes
symbolically linking /home/vardan/Introduction-to-Robotics/Assignment 1/ros2_wk/build/manipulator_simulation/meshes/chain_link_grip_r.stl -> /home/vardan/Introduction-to-Robotics/Assignment 1/ros2_wk/install/manipulator_simulation/share/manipulator_simulation/meshes
symbolically linking /home/vardan/Introduction-to-Robotics/Assignment 1/ros2_wk/build/manipulator_simulation/meshes/chain_link2.stl -> /home/vardan/Introduction-to-Robotics/Assignment 1/ros2_wk/install/manipulator_simulation/share/manipulator_simulation/meshes
symbolically linking /home/vardan/Introduction-to-Robotics/Assignment 1/ros2_wk/build/manipulator_simulation/meshes/chain_link_grip_l.stl -> /home/vardan/Introduction-to-Robotics/Assignment 1/ros2_wk/install/manipulator_simulation/share/manipulator_simulation/meshes
symbolically linking /home/vardan/Introduction-to-Robotics/Assignment 1/ros2_wk/build/manipulator_simulation/meshes/chain_link3.stl -> /home/vardan/Introduction-to-Robotics/Assignment 1/ros2_wk/install/manipulator_simulation/share/manipulator_simulation/meshes
symbolically linking /home/vardan/Introduction-to-Robotics/Assignment 1/ros2_wk/build/manipulator_simulation/meshes/chain_link4.stl -> /home/vardan/Introduction-to-Robotics/Assignment 1/ros2_wk/install/manipulator_simulation/share/manipulator_simulation/meshes
symbolically linking /home/vardan/Introduction-to-Robotics/Assignment 1/ros2_wk/build/manipulator_simulation/meshes/chain_link5.stl -> /home/vardan/Introduction-to-Robotics/Assignment 1/ros2_wk/install/manipulator_simulation/share/manipulator_simulation/meshes
creating /home/vardan/Introduction-to-Robotics/Assignment 1/ros2_wk/install/manipulator_simulation/share/manipulator_simulation/launch
symbolically linking /home/vardan/Introduction-to-Robotics/Assignment 1/ros2_wk/build/manipulator_simulation/launch/simulation.launch.py -> /home/vardan/Introduction-to-Robotics/Assignment 1/ros2_wk/install/manipulator_simulation/share/manipulator_simulation/launch
