[0.919s] Invoking command in '/home/vardan/Introduction-to-Robotics/Assignment 1/ros2_wk/build/manipulator_simulation': PYTHONPATH=/home/vardan/Introduction-to-Robotics/Assignment 1/ros2_wk/build/manipulator_simulation/prefix_override:/home/vardan/Introduction-to-Robotics/Assignment 1/ros2_wk/install/manipulator_simulation/lib/python3.10/site-packages:${PYTHONPATH} VIRTUAL_ENV_PROMPT=(.venv) /usr/bin/python3 -W ignore:setup.py install is deprecated setup.py develop --editable --build-directory /home/vardan/Introduction-to-Robotics/Assignment 1/ros2_wk/build/manipulator_simulation/build --no-deps symlink_data
[1.301s] running develop
[1.301s] /usr/lib/python3/dist-packages/setuptools/command/easy_install.py:158: EasyInstallDeprecationWarning: easy_install command is deprecated. Use build and pip and other standards-based tools.
[1.302s]   warnings.warn(
[1.502s] running egg_info
[1.503s] writing manipulator_simulation.egg-info/PKG-INFO
[1.503s] writing dependency_links to manipulator_simulation.egg-info/dependency_links.txt
[1.504s] writing entry points to manipulator_simulation.egg-info/entry_points.txt
[1.504s] writing requirements to manipulator_simulation.egg-info/requires.txt
[1.504s] writing top-level names to manipulator_simulation.egg-info/top_level.txt
[1.507s] reading manifest file 'manipulator_simulation.egg-info/SOURCES.txt'
[1.508s] writing manifest file 'manipulator_simulation.egg-info/SOURCES.txt'
[1.512s] running build_ext
[1.513s] Creating /home/vardan/Introduction-to-Robotics/Assignment 1/ros2_wk/install/manipulator_simulation/lib/python3.10/site-packages/manipulator-simulation.egg-link (link to .)
[1.517s] 
[1.518s] Installed /home/vardan/Introduction-to-Robotics/Assignment 1/ros2_wk/build/manipulator_simulation
[1.518s] running symlink_data
[1.519s] symbolically linking /home/vardan/Introduction-to-Robotics/Assignment 1/ros2_wk/build/manipulator_simulation/resource/manipulator_simulation -> /home/vardan/Introduction-to-Robotics/Assignment 1/ros2_wk/install/manipulator_simulation/share/ament_index/resource_index/packages
[1.520s] symbolically linking /home/vardan/Introduction-to-Robotics/Assignment 1/ros2_wk/build/manipulator_simulation/package.xml -> /home/vardan/Introduction-to-Robotics/Assignment 1/ros2_wk/install/manipulator_simulation/share/manipulator_simulation
[1.520s] creating /home/vardan/Introduction-to-Robotics/Assignment 1/ros2_wk/install/manipulator_simulation/share/manipulator_simulation/urdf
[1.521s] symbolically linking /home/vardan/Introduction-to-Robotics/Assignment 1/ros2_wk/build/manipulator_simulation/urdf/open_manipulator_robot.urdf.xacro -> /home/vardan/Introduction-to-Robotics/Assignment 1/ros2_wk/install/manipulator_simulation/share/manipulator_simulation/urdf
[1.521s] symbolically linking /home/vardan/Introduction-to-Robotics/Assignment 1/ros2_wk/build/manipulator_simulation/urdf/open_manipulator.urdf.xacro -> /home/vardan/Introduction-to-Robotics/Assignment 1/ros2_wk/install/manipulator_simulation/share/manipulator_simulation/urdf
[1.521s] symbolically linking /home/vardan/Introduction-to-Robotics/Assignment 1/ros2_wk/build/manipulator_simulation/urdf/open_manipulator.gazebo.xacro -> /home/vardan/Introduction-to-Robotics/Assignment 1/ros2_wk/install/manipulator_simulation/share/manipulator_simulation/urdf
[1.522s] symbolically linking /home/vardan/Introduction-to-Robotics/Assignment 1/ros2_wk/build/manipulator_simulation/urdf/open_manipulator.transmission.xacro -> /home/vardan/Introduction-to-Robotics/Assignment 1/ros2_wk/install/manipulator_simulation/share/manipulator_simulation/urdf
[1.523s] symbolically linking /home/vardan/Introduction-to-Robotics/Assignment 1/ros2_wk/build/manipulator_simulation/urdf/materials.xacro -> /home/vardan/Introduction-to-Robotics/Assignment 1/ros2_wk/install/manipulator_simulation/share/manipulator_simulation/urdf
[1.523s] creating /home/vardan/Introduction-to-Robotics/Assignment 1/ros2_wk/install/manipulator_simulation/share/manipulator_simulation/meshes
[1.524s] symbolically linking /home/vardan/Introduction-to-Robotics/Assignment 1/ros2_wk/build/manipulator_simulation/meshes/chain_link1.stl -> /home/vardan/Introduction-to-Robotics/Assignment 1/ros2_wk/install/manipulator_simulation/share/manipulator_simulation/meshes
[1.525s] symbolically linking /home/vardan/Introduction-to-Robotics/Assignment 1/ros2_wk/build/manipulator_simulation/meshes/chain_link_grip_r.stl -> /home/vardan/Introduction-to-Robotics/Assignment 1/ros2_wk/install/manipulator_simulation/share/manipulator_simulation/meshes
[1.525s] symbolically linking /home/vardan/Introduction-to-Robotics/Assignment 1/ros2_wk/build/manipulator_simulation/meshes/chain_link2.stl -> /home/vardan/Introduction-to-Robotics/Assignment 1/ros2_wk/install/manipulator_simulation/share/manipulator_simulation/meshes
[1.526s] symbolically linking /home/vardan/Introduction-to-Robotics/Assignment 1/ros2_wk/build/manipulator_simulation/meshes/chain_link_grip_l.stl -> /home/vardan/Introduction-to-Robotics/Assignment 1/ros2_wk/install/manipulator_simulation/share/manipulator_simulation/meshes
[1.526s] symbolically linking /home/vardan/Introduction-to-Robotics/Assignment 1/ros2_wk/build/manipulator_simulation/meshes/chain_link3.stl -> /home/vardan/Introduction-to-Robotics/Assignment 1/ros2_wk/install/manipulator_simulation/share/manipulator_simulation/meshes
[1.526s] symbolically linking /home/vardan/Introduction-to-Robotics/Assignment 1/ros2_wk/build/manipulator_simulation/meshes/chain_link4.stl -> /home/vardan/Introduction-to-Robotics/Assignment 1/ros2_wk/install/manipulator_simulation/share/manipulator_simulation/meshes
[1.527s] symbolically linking /home/vardan/Introduction-to-Robotics/Assignment 1/ros2_wk/build/manipulator_simulation/meshes/chain_link5.stl -> /home/vardan/Introduction-to-Robotics/Assignment 1/ros2_wk/install/manipulator_simulation/share/manipulator_simulation/meshes
[1.527s] creating /home/vardan/Introduction-to-Robotics/Assignment 1/ros2_wk/install/manipulator_simulation/share/manipulator_simulation/launch
[1.528s] symbolically linking /home/vardan/Introduction-to-Robotics/Assignment 1/ros2_wk/build/manipulator_simulation/launch/simulation.launch.py -> /home/vardan/Introduction-to-Robotics/Assignment 1/ros2_wk/install/manipulator_simulation/share/manipulator_simulation/launch
[1.574s] Invoked command in '/home/vardan/Introduction-to-Robotics/Assignment 1/ros2_wk/build/manipulator_simulation' returned '0': PYTHONPATH=/home/vardan/Introduction-to-Robotics/Assignment 1/ros2_wk/build/manipulator_simulation/prefix_override:/home/vardan/Introduction-to-Robotics/Assignment 1/ros2_wk/install/manipulator_simulation/lib/python3.10/site-packages:${PYTHONPATH} VIRTUAL_ENV_PROMPT=(.venv) /usr/bin/python3 -W ignore:setup.py install is deprecated setup.py develop --editable --build-directory /home/vardan/Introduction-to-Robotics/Assignment 1/ros2_wk/build/manipulator_simulation/build --no-deps symlink_data
