[0.382s] DEBUG:colcon:Command line arguments: ['/usr/bin/colcon', 'build', '--symlink-install']
[0.382s] DEBUG:colcon:Parsed command line arguments: Namespace(log_base=None, log_level=None, verb_name='build', build_base='build', install_base='install', merge_install=False, symlink_install=True, test_result_base=None, continue_on_error=False, executor='parallel', parallel_workers=4, event_handlers=None, ignore_user_meta=False, metas=['./colcon.meta'], base_paths=['.'], packages_ignore=None, packages_ignore_regex=None, paths=None, packages_up_to=None, packages_up_to_regex=None, packages_above=None, packages_above_and_dependencies=None, packages_above_depth=None, packages_select_by_dep=None, packages_skip_by_dep=None, packages_skip_up_to=None, packages_select_build_failed=False, packages_skip_build_finished=False, packages_select_test_failures=False, packages_skip_test_passed=False, packages_select=None, packages_skip=None, packages_select_regex=None, packages_skip_regex=None, packages_start=None, packages_end=None, allow_overriding=[], cmake_args=None, cmake_target=None, cmake_target_skip_unavailable=False, cmake_clean_cache=False, cmake_clean_first=False, cmake_force_configure=False, ament_cmake_args=None, catkin_cmake_args=None, catkin_skip_building_tests=False, verb_parser=<colcon_defaults.argument_parser.defaults.DefaultArgumentsDecorator object at 0x7fa29b61feb0>, verb_extension=<colcon_core.verb.build.BuildVerb object at 0x7fa29b61f9a0>, main=<bound method BuildVerb.main of <colcon_core.verb.build.BuildVerb object at 0x7fa29b61f9a0>>)
[0.766s] Level 1:colcon.colcon_core.package_discovery:discover_packages(colcon_meta) check parameters
[0.766s] Level 1:colcon.colcon_core.package_discovery:discover_packages(recursive) check parameters
[0.767s] Level 1:colcon.colcon_core.package_discovery:discover_packages(ignore) check parameters
[0.767s] Level 1:colcon.colcon_core.package_discovery:discover_packages(path) check parameters
[0.767s] Level 1:colcon.colcon_core.package_discovery:discover_packages(colcon_meta) discover
[0.767s] Level 1:colcon.colcon_core.package_discovery:discover_packages(recursive) discover
[0.767s] INFO:colcon.colcon_core.package_discovery:Crawling recursively for packages in '/home/vardan/Introduction-to-Robotics/Assignment1/ros2_wk'
[0.767s] Level 1:colcon.colcon_core.package_identification:_identify(.) by extensions ['ignore', 'ignore_ament_install']
[0.767s] Level 1:colcon.colcon_core.package_identification:_identify(.) by extension 'ignore'
[0.767s] Level 1:colcon.colcon_core.package_identification:_identify(.) by extension 'ignore_ament_install'
[0.767s] Level 1:colcon.colcon_core.package_identification:_identify(.) by extensions ['colcon_pkg']
[0.767s] Level 1:colcon.colcon_core.package_identification:_identify(.) by extension 'colcon_pkg'
[0.767s] Level 1:colcon.colcon_core.package_identification:_identify(.) by extensions ['colcon_meta']
[0.767s] Level 1:colcon.colcon_core.package_identification:_identify(.) by extension 'colcon_meta'
[0.768s] Level 1:colcon.colcon_core.package_identification:_identify(.) by extensions ['ros']
[0.768s] Level 1:colcon.colcon_core.package_identification:_identify(.) by extension 'ros'
[0.795s] Level 1:colcon.colcon_core.package_identification:_identify(.) by extensions ['cmake', 'python']
[0.795s] Level 1:colcon.colcon_core.package_identification:_identify(.) by extension 'cmake'
[0.795s] Level 1:colcon.colcon_core.package_identification:_identify(.) by extension 'python'
[0.795s] Level 1:colcon.colcon_core.package_identification:_identify(.) by extensions ['python_setup_py']
[0.795s] Level 1:colcon.colcon_core.package_identification:_identify(.) by extension 'python_setup_py'
[0.795s] Level 1:colcon.colcon_core.package_identification:_identify(build) by extensions ['ignore', 'ignore_ament_install']
[0.796s] Level 1:colcon.colcon_core.package_identification:_identify(build) by extension 'ignore'
[0.796s] Level 1:colcon.colcon_core.package_identification:_identify(build) ignored
[0.796s] Level 1:colcon.colcon_core.package_identification:_identify(install) by extensions ['ignore', 'ignore_ament_install']
[0.796s] Level 1:colcon.colcon_core.package_identification:_identify(install) by extension 'ignore'
[0.796s] Level 1:colcon.colcon_core.package_identification:_identify(install) ignored
[0.796s] Level 1:colcon.colcon_core.package_identification:_identify(log) by extensions ['ignore', 'ignore_ament_install']
[0.797s] Level 1:colcon.colcon_core.package_identification:_identify(log) by extension 'ignore'
[0.797s] Level 1:colcon.colcon_core.package_identification:_identify(log) ignored
[0.797s] Level 1:colcon.colcon_core.package_identification:_identify(src) by extensions ['ignore', 'ignore_ament_install']
[0.797s] Level 1:colcon.colcon_core.package_identification:_identify(src) by extension 'ignore'
[0.797s] Level 1:colcon.colcon_core.package_identification:_identify(src) by extension 'ignore_ament_install'
[0.797s] Level 1:colcon.colcon_core.package_identification:_identify(src) by extensions ['colcon_pkg']
[0.797s] Level 1:colcon.colcon_core.package_identification:_identify(src) by extension 'colcon_pkg'
[0.797s] Level 1:colcon.colcon_core.package_identification:_identify(src) by extensions ['colcon_meta']
[0.797s] Level 1:colcon.colcon_core.package_identification:_identify(src) by extension 'colcon_meta'
[0.797s] Level 1:colcon.colcon_core.package_identification:_identify(src) by extensions ['ros']
[0.798s] Level 1:colcon.colcon_core.package_identification:_identify(src) by extension 'ros'
[0.798s] Level 1:colcon.colcon_core.package_identification:_identify(src) by extensions ['cmake', 'python']
[0.798s] Level 1:colcon.colcon_core.package_identification:_identify(src) by extension 'cmake'
[0.798s] Level 1:colcon.colcon_core.package_identification:_identify(src) by extension 'python'
[0.798s] Level 1:colcon.colcon_core.package_identification:_identify(src) by extensions ['python_setup_py']
[0.798s] Level 1:colcon.colcon_core.package_identification:_identify(src) by extension 'python_setup_py'
[0.798s] Level 1:colcon.colcon_core.package_identification:_identify(src/manipulator_simulation) by extensions ['ignore', 'ignore_ament_install']
[0.798s] Level 1:colcon.colcon_core.package_identification:_identify(src/manipulator_simulation) by extension 'ignore'
[0.798s] Level 1:colcon.colcon_core.package_identification:_identify(src/manipulator_simulation) by extension 'ignore_ament_install'
[0.799s] Level 1:colcon.colcon_core.package_identification:_identify(src/manipulator_simulation) by extensions ['colcon_pkg']
[0.799s] Level 1:colcon.colcon_core.package_identification:_identify(src/manipulator_simulation) by extension 'colcon_pkg'
[0.799s] Level 1:colcon.colcon_core.package_identification:_identify(src/manipulator_simulation) by extensions ['colcon_meta']
[0.799s] Level 1:colcon.colcon_core.package_identification:_identify(src/manipulator_simulation) by extension 'colcon_meta'
[0.799s] Level 1:colcon.colcon_core.package_identification:_identify(src/manipulator_simulation) by extensions ['ros']
[0.799s] Level 1:colcon.colcon_core.package_identification:_identify(src/manipulator_simulation) by extension 'ros'
[0.808s] DEBUG:colcon.colcon_core.package_identification:Package 'src/manipulator_simulation' with type 'ros.ament_python' and name 'manipulator_simulation'
[0.808s] Level 1:colcon.colcon_core.package_discovery:discover_packages(recursive) using defaults
[0.808s] Level 1:colcon.colcon_core.package_discovery:discover_packages(ignore) discover
[0.808s] Level 1:colcon.colcon_core.package_discovery:discover_packages(ignore) using defaults
[0.808s] Level 1:colcon.colcon_core.package_discovery:discover_packages(path) discover
[0.808s] Level 1:colcon.colcon_core.package_discovery:discover_packages(path) using defaults
[0.859s] Level 1:colcon.colcon_core.package_discovery:discover_packages(prefix_path) check parameters
[0.859s] Level 1:colcon.colcon_core.package_discovery:discover_packages(prefix_path) discover
[0.865s] WARNING:colcon.colcon_ros.prefix_path.ament:The path '/home/vardan/Introduction-to-Robotics/Assignment1/ros2_wk/install/manipulator_simulation' in the environment variable AMENT_PREFIX_PATH doesn't exist
[0.869s] DEBUG:colcon.colcon_installed_package_information.package_discovery:Found 0 installed packages in /home/vardan/Introduction-to-Robotics/Assignment1/ros2_wk/install
[0.870s] DEBUG:colcon.colcon_installed_package_information.package_discovery:Found 1 installed packages in /home/vardan/Introduction-to-Robotics/Assignment3/ros2_ws/install
[0.871s] DEBUG:colcon.colcon_installed_package_information.package_discovery:Found 280 installed packages in /opt/ros/humble
[0.875s] Level 1:colcon.colcon_core.package_discovery:discover_packages(prefix_path) using defaults
[0.965s] Level 5:colcon.colcon_core.verb:set package 'manipulator_simulation' build argument 'cmake_args' from command line to 'None'
[0.965s] Level 5:colcon.colcon_core.verb:set package 'manipulator_simulation' build argument 'cmake_target' from command line to 'None'
[0.965s] Level 5:colcon.colcon_core.verb:set package 'manipulator_simulation' build argument 'cmake_target_skip_unavailable' from command line to 'False'
[0.965s] Level 5:colcon.colcon_core.verb:set package 'manipulator_simulation' build argument 'cmake_clean_cache' from command line to 'False'
[0.965s] Level 5:colcon.colcon_core.verb:set package 'manipulator_simulation' build argument 'cmake_clean_first' from command line to 'False'
[0.965s] Level 5:colcon.colcon_core.verb:set package 'manipulator_simulation' build argument 'cmake_force_configure' from command line to 'False'
[0.965s] Level 5:colcon.colcon_core.verb:set package 'manipulator_simulation' build argument 'ament_cmake_args' from command line to 'None'
[0.965s] Level 5:colcon.colcon_core.verb:set package 'manipulator_simulation' build argument 'catkin_cmake_args' from command line to 'None'
[0.965s] Level 5:colcon.colcon_core.verb:set package 'manipulator_simulation' build argument 'catkin_skip_building_tests' from command line to 'False'
[0.965s] DEBUG:colcon.colcon_core.verb:Building package 'manipulator_simulation' with the following arguments: {'ament_cmake_args': None, 'build_base': '/home/vardan/Introduction-to-Robotics/Assignment1/ros2_wk/build/manipulator_simulation', 'catkin_cmake_args': None, 'catkin_skip_building_tests': False, 'cmake_args': None, 'cmake_clean_cache': False, 'cmake_clean_first': False, 'cmake_force_configure': False, 'cmake_target': None, 'cmake_target_skip_unavailable': False, 'install_base': '/home/vardan/Introduction-to-Robotics/Assignment1/ros2_wk/install/manipulator_simulation', 'merge_install': False, 'path': '/home/vardan/Introduction-to-Robotics/Assignment1/ros2_wk/src/manipulator_simulation', 'symlink_install': True, 'test_result_base': None}
[0.966s] INFO:colcon.colcon_core.executor:Executing jobs using 'parallel' executor
[0.967s] DEBUG:colcon.colcon_parallel_executor.executor.parallel:run_until_complete
[0.968s] INFO:colcon.colcon_ros.task.ament_python.build:Building ROS package in '/home/vardan/Introduction-to-Robotics/Assignment1/ros2_wk/src/manipulator_simulation' with build type 'ament_python'
[0.968s] Level 1:colcon.colcon_core.shell:create_environment_hook('manipulator_simulation', 'ament_prefix_path')
[0.983s] INFO:colcon.colcon_core.plugin_system:Skipping extension 'colcon_core.shell.bat': Not used on non-Windows systems
[0.984s] INFO:colcon.colcon_core.shell:Creating environment hook '/home/vardan/Introduction-to-Robotics/Assignment1/ros2_wk/install/manipulator_simulation/share/manipulator_simulation/hook/ament_prefix_path.ps1'
[0.989s] INFO:colcon.colcon_core.shell:Creating environment descriptor '/home/vardan/Introduction-to-Robotics/Assignment1/ros2_wk/install/manipulator_simulation/share/manipulator_simulation/hook/ament_prefix_path.dsv'
[0.991s] INFO:colcon.colcon_core.shell:Creating environment hook '/home/vardan/Introduction-to-Robotics/Assignment1/ros2_wk/install/manipulator_simulation/share/manipulator_simulation/hook/ament_prefix_path.sh'
[0.994s] INFO:colcon.colcon_core.shell:Skip shell extension 'powershell' for command environment: Not usable outside of PowerShell
[0.994s] DEBUG:colcon.colcon_core.shell:Skip shell extension 'dsv' for command environment
[1.439s] INFO:colcon.colcon_core.task.python.build:Building Python package in '/home/vardan/Introduction-to-Robotics/Assignment1/ros2_wk/src/manipulator_simulation'
[1.440s] INFO:colcon.colcon_core.shell:Skip shell extension 'powershell' for command environment: Not usable outside of PowerShell
[1.440s] DEBUG:colcon.colcon_core.shell:Skip shell extension 'dsv' for command environment
[2.078s] DEBUG:colcon.colcon_core.event_handler.log_command:Invoking command in '/home/vardan/Introduction-to-Robotics/Assignment1/ros2_wk/build/manipulator_simulation': PYTHONPATH=/home/vardan/Introduction-to-Robotics/Assignment1/ros2_wk/build/manipulator_simulation/prefix_override:/usr/lib/python3/dist-packages/colcon_core/task/python/colcon_distutils_commands:/home/vardan/Introduction-to-Robotics/Assignment1/ros2_wk/install/manipulator_simulation/lib/python3.10/site-packages:${PYTHONPATH} VIRTUAL_ENV_PROMPT=(.venv) /usr/bin/python3 -W ignore:setup.py install is deprecated setup.py develop --editable --build-directory /home/vardan/Introduction-to-Robotics/Assignment1/ros2_wk/build/manipulator_simulation/build --no-deps symlink_data
[2.759s] Level 1:colcon.colcon_core.shell:create_environment_hook('manipulator_simulation', 'pythonpath_develop')
[2.760s] INFO:colcon.colcon_core.shell:Creating environment hook '/home/vardan/Introduction-to-Robotics/Assignment1/ros2_wk/build/manipulator_simulation/share/manipulator_simulation/hook/pythonpath_develop.ps1'
[2.760s] DEBUG:colcon.colcon_core.event_handler.log_command:Invoked command in '/home/vardan/Introduction-to-Robotics/Assignment1/ros2_wk/build/manipulator_simulation' returned '0': PYTHONPATH=/home/vardan/Introduction-to-Robotics/Assignment1/ros2_wk/build/manipulator_simulation/prefix_override:/usr/lib/python3/dist-packages/colcon_core/task/python/colcon_distutils_commands:/home/vardan/Introduction-to-Robotics/Assignment1/ros2_wk/install/manipulator_simulation/lib/python3.10/site-packages:${PYTHONPATH} VIRTUAL_ENV_PROMPT=(.venv) /usr/bin/python3 -W ignore:setup.py install is deprecated setup.py develop --editable --build-directory /home/vardan/Introduction-to-Robotics/Assignment1/ros2_wk/build/manipulator_simulation/build --no-deps symlink_data
[2.762s] INFO:colcon.colcon_core.shell:Creating environment descriptor '/home/vardan/Introduction-to-Robotics/Assignment1/ros2_wk/build/manipulator_simulation/share/manipulator_simulation/hook/pythonpath_develop.dsv'
[2.762s] INFO:colcon.colcon_core.shell:Creating environment hook '/home/vardan/Introduction-to-Robotics/Assignment1/ros2_wk/build/manipulator_simulation/share/manipulator_simulation/hook/pythonpath_develop.sh'
[2.775s] Level 1:colcon.colcon_core.environment:checking '/home/vardan/Introduction-to-Robotics/Assignment1/ros2_wk/install/manipulator_simulation' for CMake module files
[2.776s] Level 1:colcon.colcon_core.environment:checking '/home/vardan/Introduction-to-Robotics/Assignment1/ros2_wk/install/manipulator_simulation' for CMake config files
[2.778s] Level 1:colcon.colcon_core.environment:checking '/home/vardan/Introduction-to-Robotics/Assignment1/ros2_wk/install/manipulator_simulation/lib'
[2.778s] Level 1:colcon.colcon_core.environment:checking '/home/vardan/Introduction-to-Robotics/Assignment1/ros2_wk/install/manipulator_simulation/bin'
[2.778s] Level 1:colcon.colcon_core.environment:checking '/home/vardan/Introduction-to-Robotics/Assignment1/ros2_wk/install/manipulator_simulation/lib/pkgconfig/manipulator_simulation.pc'
[2.778s] Level 1:colcon.colcon_core.environment:checking '/home/vardan/Introduction-to-Robotics/Assignment1/ros2_wk/install/manipulator_simulation/lib/python3.10/site-packages'
[2.779s] Level 1:colcon.colcon_core.shell:create_environment_hook('manipulator_simulation', 'pythonpath')
[2.779s] INFO:colcon.colcon_core.shell:Creating environment hook '/home/vardan/Introduction-to-Robotics/Assignment1/ros2_wk/install/manipulator_simulation/share/manipulator_simulation/hook/pythonpath.ps1'
[2.780s] INFO:colcon.colcon_core.shell:Creating environment descriptor '/home/vardan/Introduction-to-Robotics/Assignment1/ros2_wk/install/manipulator_simulation/share/manipulator_simulation/hook/pythonpath.dsv'
[2.780s] INFO:colcon.colcon_core.shell:Creating environment hook '/home/vardan/Introduction-to-Robotics/Assignment1/ros2_wk/install/manipulator_simulation/share/manipulator_simulation/hook/pythonpath.sh'
[2.781s] Level 1:colcon.colcon_core.environment:checking '/home/vardan/Introduction-to-Robotics/Assignment1/ros2_wk/install/manipulator_simulation/bin'
[2.782s] Level 1:colcon.colcon_core.environment:create_environment_scripts_only(manipulator_simulation)
[2.782s] INFO:colcon.colcon_core.shell:Creating package script '/home/vardan/Introduction-to-Robotics/Assignment1/ros2_wk/install/manipulator_simulation/share/manipulator_simulation/package.ps1'
[2.785s] INFO:colcon.colcon_core.shell:Creating package descriptor '/home/vardan/Introduction-to-Robotics/Assignment1/ros2_wk/install/manipulator_simulation/share/manipulator_simulation/package.dsv'
[2.787s] INFO:colcon.colcon_core.shell:Creating package script '/home/vardan/Introduction-to-Robotics/Assignment1/ros2_wk/install/manipulator_simulation/share/manipulator_simulation/package.sh'
[2.792s] INFO:colcon.colcon_core.shell:Creating package script '/home/vardan/Introduction-to-Robotics/Assignment1/ros2_wk/install/manipulator_simulation/share/manipulator_simulation/package.bash'
[2.795s] INFO:colcon.colcon_core.shell:Creating package script '/home/vardan/Introduction-to-Robotics/Assignment1/ros2_wk/install/manipulator_simulation/share/manipulator_simulation/package.zsh'
[2.796s] Level 1:colcon.colcon_core.environment:create_file_with_runtime_dependencies(/home/vardan/Introduction-to-Robotics/Assignment1/ros2_wk/install/manipulator_simulation/share/colcon-core/packages/manipulator_simulation)
[2.797s] DEBUG:colcon.colcon_parallel_executor.executor.parallel:closing loop
[2.798s] DEBUG:colcon.colcon_parallel_executor.executor.parallel:loop closed
[2.798s] DEBUG:colcon.colcon_parallel_executor.executor.parallel:run_until_complete finished with '0'
[2.799s] DEBUG:colcon.colcon_core.event_reactor:joining thread
[2.850s] INFO:colcon.colcon_core.plugin_system:Skipping extension 'colcon_notification.desktop_notification.notify_send': Could not find 'notify-send'
[2.850s] INFO:colcon.colcon_core.plugin_system:Skipping extension 'colcon_notification.desktop_notification.terminal_notifier': Not used on non-Darwin systems
[2.850s] INFO:colcon.colcon_core.plugin_system:Skipping extension 'colcon_notification.desktop_notification.win32': Not used on non-Windows systems
[2.851s] INFO:colcon.colcon_notification.desktop_notification:Sending desktop notification using 'notify2'
[2.851s] DEBUG:colcon.colcon_notification.desktop_notification.notify2:Failed to initialize notify2: org.freedesktop.DBus.Error.FileNotFound: Failed to connect to socket /run/user/1000/bus: No such file or directory
[2.851s] DEBUG:colcon.colcon_core.event_reactor:joined thread
[2.851s] INFO:colcon.colcon_core.shell:Creating prefix script '/home/vardan/Introduction-to-Robotics/Assignment1/ros2_wk/install/local_setup.ps1'
[2.853s] INFO:colcon.colcon_core.shell:Creating prefix util module '/home/vardan/Introduction-to-Robotics/Assignment1/ros2_wk/install/_local_setup_util_ps1.py'
[2.857s] INFO:colcon.colcon_core.shell:Creating prefix chain script '/home/vardan/Introduction-to-Robotics/Assignment1/ros2_wk/install/setup.ps1'
[2.860s] INFO:colcon.colcon_core.shell:Creating prefix script '/home/vardan/Introduction-to-Robotics/Assignment1/ros2_wk/install/local_setup.sh'
[2.862s] INFO:colcon.colcon_core.shell:Creating prefix util module '/home/vardan/Introduction-to-Robotics/Assignment1/ros2_wk/install/_local_setup_util_sh.py'
[2.862s] INFO:colcon.colcon_core.shell:Creating prefix chain script '/home/vardan/Introduction-to-Robotics/Assignment1/ros2_wk/install/setup.sh'
[2.865s] INFO:colcon.colcon_core.shell:Creating prefix script '/home/vardan/Introduction-to-Robotics/Assignment1/ros2_wk/install/local_setup.bash'
[2.866s] INFO:colcon.colcon_core.shell:Creating prefix chain script '/home/vardan/Introduction-to-Robotics/Assignment1/ros2_wk/install/setup.bash'
[2.868s] INFO:colcon.colcon_core.shell:Creating prefix script '/home/vardan/Introduction-to-Robotics/Assignment1/ros2_wk/install/local_setup.zsh'
[2.869s] INFO:colcon.colcon_core.shell:Creating prefix chain script '/home/vardan/Introduction-to-Robotics/Assignment1/ros2_wk/install/setup.zsh'
