running develop
/usr/lib/python3/dist-packages/setuptools/command/easy_install.py:158: EasyInstallDeprecationWarning: easy_install command is deprecated. Use build and pip and other standards-based tools.
  warnings.warn(
running egg_info
writing Manipulator_Simulation.egg-info/PKG-INFO
writing dependency_links to Manipulator_Simulation.egg-info/dependency_links.txt
writing entry points to Manipulator_Simulation.egg-info/entry_points.txt
writing requirements to Manipulator_Simulation.egg-info/requires.txt
writing top-level names to Manipulator_Simulation.egg-info/top_level.txt
reading manifest file 'Manipulator_Simulation.egg-info/SOURCES.txt'
writing manifest file 'Manipulator_Simulation.egg-info/SOURCES.txt'
running build_ext
Creating /home/vardan/Introduction-to-Robotics/Assignment 1/ros2_wk/install/Manipulator_Simulation/lib/python3.10/site-packages/Manipulator-Simulation.egg-link (link to .)

Installed /home/vardan/Introduction-to-Robotics/Assignment 1/ros2_wk/build/Manipulator_Simulation
running symlink_data
symbolically linking /home/vardan/Introduction-to-Robotics/Assignment 1/ros2_wk/build/Manipulator_Simulation/meshes/chain_link1.stl -> /home/vardan/Introduction-to-Robotics/Assignment 1/ros2_wk/install/Manipulator_Simulation/share/Manipulator_Simulation/meshes
symbolically linking /home/vardan/Introduction-to-Robotics/Assignment 1/ros2_wk/build/Manipulator_Simulation/meshes/chain_link_grip_r.stl -> /home/vardan/Introduction-to-Robotics/Assignment 1/ros2_wk/install/Manipulator_Simulation/share/Manipulator_Simulation/meshes
symbolically linking /home/vardan/Introduction-to-Robotics/Assignment 1/ros2_wk/build/Manipulator_Simulation/meshes/chain_link2.stl -> /home/vardan/Introduction-to-Robotics/Assignment 1/ros2_wk/install/Manipulator_Simulation/share/Manipulator_Simulation/meshes
symbolically linking /home/vardan/Introduction-to-Robotics/Assignment 1/ros2_wk/build/Manipulator_Simulation/meshes/chain_link_grip_l.stl -> /home/vardan/Introduction-to-Robotics/Assignment 1/ros2_wk/install/Manipulator_Simulation/share/Manipulator_Simulation/meshes
symbolically linking /home/vardan/Introduction-to-Robotics/Assignment 1/ros2_wk/build/Manipulator_Simulation/meshes/chain_link3.stl -> /home/vardan/Introduction-to-Robotics/Assignment 1/ros2_wk/install/Manipulator_Simulation/share/Manipulator_Simulation/meshes
symbolically linking /home/vardan/Introduction-to-Robotics/Assignment 1/ros2_wk/build/Manipulator_Simulation/meshes/chain_link4.stl -> /home/vardan/Introduction-to-Robotics/Assignment 1/ros2_wk/install/Manipulator_Simulation/share/Manipulator_Simulation/meshes
symbolically linking /home/vardan/Introduction-to-Robotics/Assignment 1/ros2_wk/build/Manipulator_Simulation/meshes/chain_link5.stl -> /home/vardan/Introduction-to-Robotics/Assignment 1/ros2_wk/install/Manipulator_Simulation/share/Manipulator_Simulation/meshes
