[0.219s] DEBUG:colcon:Command line arguments: ['/usr/bin/colcon', 'build', '--symlink-install']
[0.219s] DEBUG:colcon:Parsed command line arguments: Namespace(log_base=None, log_level=None, verb_name='build', build_base='build', install_base='install', merge_install=False, symlink_install=True, test_result_base=None, continue_on_error=False, executor='parallel', parallel_workers=4, event_handlers=None, ignore_user_meta=False, metas=['./colcon.meta'], base_paths=['.'], packages_ignore=None, packages_ignore_regex=None, paths=None, packages_up_to=None, packages_up_to_regex=None, packages_above=None, packages_above_and_dependencies=None, packages_above_depth=None, packages_select_by_dep=None, packages_skip_by_dep=None, packages_skip_up_to=None, packages_select_build_failed=False, packages_skip_build_finished=False, packages_select_test_failures=False, packages_skip_test_passed=False, packages_select=None, packages_skip=None, packages_select_regex=None, packages_skip_regex=None, packages_start=None, packages_end=None, allow_overriding=[], cmake_args=None, cmake_target=None, cmake_target_skip_unavailable=False, cmake_clean_cache=False, cmake_clean_first=False, cmake_force_configure=False, ament_cmake_args=None, catkin_cmake_args=None, catkin_skip_building_tests=False, verb_parser=<colcon_defaults.argument_parser.defaults.DefaultArgumentsDecorator object at 0x7f424df7b670>, verb_extension=<colcon_core.verb.build.BuildVerb object at 0x7f424df7b130>, main=<bound method BuildVerb.main of <colcon_core.verb.build.BuildVerb object at 0x7f424df7b130>>)
[0.441s] Level 1:colcon.colcon_core.package_discovery:discover_packages(colcon_meta) check parameters
[0.441s] Level 1:colcon.colcon_core.package_discovery:discover_packages(recursive) check parameters
[0.441s] Level 1:colcon.colcon_core.package_discovery:discover_packages(ignore) check parameters
[0.441s] Level 1:colcon.colcon_core.package_discovery:discover_packages(path) check parameters
[0.441s] Level 1:colcon.colcon_core.package_discovery:discover_packages(colcon_meta) discover
[0.442s] Level 1:colcon.colcon_core.package_discovery:discover_packages(recursive) discover
[0.442s] INFO:colcon.colcon_core.package_discovery:Crawling recursively for packages in '/home/vardan/Introduction-to-Robotics'
[0.442s] Level 1:colcon.colcon_core.package_identification:_identify(.) by extensions ['ignore', 'ignore_ament_install']
[0.442s] Level 1:colcon.colcon_core.package_identification:_identify(.) by extension 'ignore'
[0.443s] Level 1:colcon.colcon_core.package_identification:_identify(.) by extension 'ignore_ament_install'
[0.443s] Level 1:colcon.colcon_core.package_identification:_identify(.) by extensions ['colcon_pkg']
[0.443s] Level 1:colcon.colcon_core.package_identification:_identify(.) by extension 'colcon_pkg'
[0.443s] Level 1:colcon.colcon_core.package_identification:_identify(.) by extensions ['colcon_meta']
[0.443s] Level 1:colcon.colcon_core.package_identification:_identify(.) by extension 'colcon_meta'
[0.443s] Level 1:colcon.colcon_core.package_identification:_identify(.) by extensions ['ros']
[0.443s] Level 1:colcon.colcon_core.package_identification:_identify(.) by extension 'ros'
[0.461s] Level 1:colcon.colcon_core.package_identification:_identify(.) by extensions ['cmake', 'python']
[0.461s] Level 1:colcon.colcon_core.package_identification:_identify(.) by extension 'cmake'
[0.461s] Level 1:colcon.colcon_core.package_identification:_identify(.) by extension 'python'
[0.462s] Level 1:colcon.colcon_core.package_identification:_identify(.) by extensions ['python_setup_py']
[0.462s] Level 1:colcon.colcon_core.package_identification:_identify(.) by extension 'python_setup_py'
[0.462s] Level 1:colcon.colcon_core.package_identification:_identify(Assignment1) by extensions ['ignore', 'ignore_ament_install']
[0.462s] Level 1:colcon.colcon_core.package_identification:_identify(Assignment1) by extension 'ignore'
[0.462s] Level 1:colcon.colcon_core.package_identification:_identify(Assignment1) by extension 'ignore_ament_install'
[0.462s] Level 1:colcon.colcon_core.package_identification:_identify(Assignment1) by extensions ['colcon_pkg']
[0.462s] Level 1:colcon.colcon_core.package_identification:_identify(Assignment1) by extension 'colcon_pkg'
[0.462s] Level 1:colcon.colcon_core.package_identification:_identify(Assignment1) by extensions ['colcon_meta']
[0.463s] Level 1:colcon.colcon_core.package_identification:_identify(Assignment1) by extension 'colcon_meta'
[0.463s] Level 1:colcon.colcon_core.package_identification:_identify(Assignment1) by extensions ['ros']
[0.463s] Level 1:colcon.colcon_core.package_identification:_identify(Assignment1) by extension 'ros'
[0.463s] Level 1:colcon.colcon_core.package_identification:_identify(Assignment1) by extensions ['cmake', 'python']
[0.463s] Level 1:colcon.colcon_core.package_identification:_identify(Assignment1) by extension 'cmake'
[0.463s] Level 1:colcon.colcon_core.package_identification:_identify(Assignment1) by extension 'python'
[0.463s] Level 1:colcon.colcon_core.package_identification:_identify(Assignment1) by extensions ['python_setup_py']
[0.463s] Level 1:colcon.colcon_core.package_identification:_identify(Assignment1) by extension 'python_setup_py'
[0.463s] Level 1:colcon.colcon_core.package_identification:_identify(Assignment1/Tasks) by extensions ['ignore', 'ignore_ament_install']
[0.464s] Level 1:colcon.colcon_core.package_identification:_identify(Assignment1/Tasks) by extension 'ignore'
[0.464s] Level 1:colcon.colcon_core.package_identification:_identify(Assignment1/Tasks) by extension 'ignore_ament_install'
[0.464s] Level 1:colcon.colcon_core.package_identification:_identify(Assignment1/Tasks) by extensions ['colcon_pkg']
[0.464s] Level 1:colcon.colcon_core.package_identification:_identify(Assignment1/Tasks) by extension 'colcon_pkg'
[0.464s] Level 1:colcon.colcon_core.package_identification:_identify(Assignment1/Tasks) by extensions ['colcon_meta']
[0.464s] Level 1:colcon.colcon_core.package_identification:_identify(Assignment1/Tasks) by extension 'colcon_meta'
[0.464s] Level 1:colcon.colcon_core.package_identification:_identify(Assignment1/Tasks) by extensions ['ros']
[0.464s] Level 1:colcon.colcon_core.package_identification:_identify(Assignment1/Tasks) by extension 'ros'
[0.464s] Level 1:colcon.colcon_core.package_identification:_identify(Assignment1/Tasks) by extensions ['cmake', 'python']
[0.464s] Level 1:colcon.colcon_core.package_identification:_identify(Assignment1/Tasks) by extension 'cmake'
[0.464s] Level 1:colcon.colcon_core.package_identification:_identify(Assignment1/Tasks) by extension 'python'
[0.464s] Level 1:colcon.colcon_core.package_identification:_identify(Assignment1/Tasks) by extensions ['python_setup_py']
[0.465s] Level 1:colcon.colcon_core.package_identification:_identify(Assignment1/Tasks) by extension 'python_setup_py'
[0.465s] Level 1:colcon.colcon_core.package_identification:_identify(Assignment1/Tasks/__pycache__) by extensions ['ignore', 'ignore_ament_install']
[0.465s] Level 1:colcon.colcon_core.package_identification:_identify(Assignment1/Tasks/__pycache__) by extension 'ignore'
[0.465s] Level 1:colcon.colcon_core.package_identification:_identify(Assignment1/Tasks/__pycache__) by extension 'ignore_ament_install'
[0.465s] Level 1:colcon.colcon_core.package_identification:_identify(Assignment1/Tasks/__pycache__) by extensions ['colcon_pkg']
[0.465s] Level 1:colcon.colcon_core.package_identification:_identify(Assignment1/Tasks/__pycache__) by extension 'colcon_pkg'
[0.465s] Level 1:colcon.colcon_core.package_identification:_identify(Assignment1/Tasks/__pycache__) by extensions ['colcon_meta']
[0.465s] Level 1:colcon.colcon_core.package_identification:_identify(Assignment1/Tasks/__pycache__) by extension 'colcon_meta'
[0.465s] Level 1:colcon.colcon_core.package_identification:_identify(Assignment1/Tasks/__pycache__) by extensions ['ros']
[0.465s] Level 1:colcon.colcon_core.package_identification:_identify(Assignment1/Tasks/__pycache__) by extension 'ros'
[0.465s] Level 1:colcon.colcon_core.package_identification:_identify(Assignment1/Tasks/__pycache__) by extensions ['cmake', 'python']
[0.465s] Level 1:colcon.colcon_core.package_identification:_identify(Assignment1/Tasks/__pycache__) by extension 'cmake'
[0.465s] Level 1:colcon.colcon_core.package_identification:_identify(Assignment1/Tasks/__pycache__) by extension 'python'
[0.466s] Level 1:colcon.colcon_core.package_identification:_identify(Assignment1/Tasks/__pycache__) by extensions ['python_setup_py']
[0.466s] Level 1:colcon.colcon_core.package_identification:_identify(Assignment1/Tasks/__pycache__) by extension 'python_setup_py'
[0.466s] Level 1:colcon.colcon_core.package_identification:_identify(Assignment1/__pycache__) by extensions ['ignore', 'ignore_ament_install']
[0.466s] Level 1:colcon.colcon_core.package_identification:_identify(Assignment1/__pycache__) by extension 'ignore'
[0.466s] Level 1:colcon.colcon_core.package_identification:_identify(Assignment1/__pycache__) by extension 'ignore_ament_install'
[0.466s] Level 1:colcon.colcon_core.package_identification:_identify(Assignment1/__pycache__) by extensions ['colcon_pkg']
[0.466s] Level 1:colcon.colcon_core.package_identification:_identify(Assignment1/__pycache__) by extension 'colcon_pkg'
[0.466s] Level 1:colcon.colcon_core.package_identification:_identify(Assignment1/__pycache__) by extensions ['colcon_meta']
[0.466s] Level 1:colcon.colcon_core.package_identification:_identify(Assignment1/__pycache__) by extension 'colcon_meta'
[0.466s] Level 1:colcon.colcon_core.package_identification:_identify(Assignment1/__pycache__) by extensions ['ros']
[0.466s] Level 1:colcon.colcon_core.package_identification:_identify(Assignment1/__pycache__) by extension 'ros'
[0.466s] Level 1:colcon.colcon_core.package_identification:_identify(Assignment1/__pycache__) by extensions ['cmake', 'python']
[0.466s] Level 1:colcon.colcon_core.package_identification:_identify(Assignment1/__pycache__) by extension 'cmake'
[0.466s] Level 1:colcon.colcon_core.package_identification:_identify(Assignment1/__pycache__) by extension 'python'
[0.466s] Level 1:colcon.colcon_core.package_identification:_identify(Assignment1/__pycache__) by extensions ['python_setup_py']
[0.467s] Level 1:colcon.colcon_core.package_identification:_identify(Assignment1/__pycache__) by extension 'python_setup_py'
[0.467s] Level 1:colcon.colcon_core.package_identification:_identify(Assignment1/ros2_wk) by extensions ['ignore', 'ignore_ament_install']
[0.467s] Level 1:colcon.colcon_core.package_identification:_identify(Assignment1/ros2_wk) by extension 'ignore'
[0.467s] Level 1:colcon.colcon_core.package_identification:_identify(Assignment1/ros2_wk) by extension 'ignore_ament_install'
[0.467s] Level 1:colcon.colcon_core.package_identification:_identify(Assignment1/ros2_wk) by extensions ['colcon_pkg']
[0.467s] Level 1:colcon.colcon_core.package_identification:_identify(Assignment1/ros2_wk) by extension 'colcon_pkg'
[0.467s] Level 1:colcon.colcon_core.package_identification:_identify(Assignment1/ros2_wk) by extensions ['colcon_meta']
[0.467s] Level 1:colcon.colcon_core.package_identification:_identify(Assignment1/ros2_wk) by extension 'colcon_meta'
[0.467s] Level 1:colcon.colcon_core.package_identification:_identify(Assignment1/ros2_wk) by extensions ['ros']
[0.467s] Level 1:colcon.colcon_core.package_identification:_identify(Assignment1/ros2_wk) by extension 'ros'
[0.467s] Level 1:colcon.colcon_core.package_identification:_identify(Assignment1/ros2_wk) by extensions ['cmake', 'python']
[0.467s] Level 1:colcon.colcon_core.package_identification:_identify(Assignment1/ros2_wk) by extension 'cmake'
[0.467s] Level 1:colcon.colcon_core.package_identification:_identify(Assignment1/ros2_wk) by extension 'python'
[0.467s] Level 1:colcon.colcon_core.package_identification:_identify(Assignment1/ros2_wk) by extensions ['python_setup_py']
[0.467s] Level 1:colcon.colcon_core.package_identification:_identify(Assignment1/ros2_wk) by extension 'python_setup_py'
[0.468s] Level 1:colcon.colcon_core.package_identification:_identify(Assignment1/ros2_wk/build) by extensions ['ignore', 'ignore_ament_install']
[0.468s] Level 1:colcon.colcon_core.package_identification:_identify(Assignment1/ros2_wk/build) by extension 'ignore'
[0.468s] Level 1:colcon.colcon_core.package_identification:_identify(Assignment1/ros2_wk/build) ignored
[0.468s] Level 1:colcon.colcon_core.package_identification:_identify(Assignment1/ros2_wk/install) by extensions ['ignore', 'ignore_ament_install']
[0.468s] Level 1:colcon.colcon_core.package_identification:_identify(Assignment1/ros2_wk/install) by extension 'ignore'
[0.468s] Level 1:colcon.colcon_core.package_identification:_identify(Assignment1/ros2_wk/install) ignored
[0.468s] Level 1:colcon.colcon_core.package_identification:_identify(Assignment1/ros2_wk/log) by extensions ['ignore', 'ignore_ament_install']
[0.469s] Level 1:colcon.colcon_core.package_identification:_identify(Assignment1/ros2_wk/log) by extension 'ignore'
[0.469s] Level 1:colcon.colcon_core.package_identification:_identify(Assignment1/ros2_wk/log) ignored
[0.469s] Level 1:colcon.colcon_core.package_identification:_identify(Assignment1/ros2_wk/src) by extensions ['ignore', 'ignore_ament_install']
[0.469s] Level 1:colcon.colcon_core.package_identification:_identify(Assignment1/ros2_wk/src) by extension 'ignore'
[0.469s] Level 1:colcon.colcon_core.package_identification:_identify(Assignment1/ros2_wk/src) by extension 'ignore_ament_install'
[0.469s] Level 1:colcon.colcon_core.package_identification:_identify(Assignment1/ros2_wk/src) by extensions ['colcon_pkg']
[0.469s] Level 1:colcon.colcon_core.package_identification:_identify(Assignment1/ros2_wk/src) by extension 'colcon_pkg'
[0.469s] Level 1:colcon.colcon_core.package_identification:_identify(Assignment1/ros2_wk/src) by extensions ['colcon_meta']
[0.469s] Level 1:colcon.colcon_core.package_identification:_identify(Assignment1/ros2_wk/src) by extension 'colcon_meta'
[0.469s] Level 1:colcon.colcon_core.package_identification:_identify(Assignment1/ros2_wk/src) by extensions ['ros']
[0.469s] Level 1:colcon.colcon_core.package_identification:_identify(Assignment1/ros2_wk/src) by extension 'ros'
[0.469s] Level 1:colcon.colcon_core.package_identification:_identify(Assignment1/ros2_wk/src) by extensions ['cmake', 'python']
[0.469s] Level 1:colcon.colcon_core.package_identification:_identify(Assignment1/ros2_wk/src) by extension 'cmake'
[0.470s] Level 1:colcon.colcon_core.package_identification:_identify(Assignment1/ros2_wk/src) by extension 'python'
[0.470s] Level 1:colcon.colcon_core.package_identification:_identify(Assignment1/ros2_wk/src) by extensions ['python_setup_py']
[0.470s] Level 1:colcon.colcon_core.package_identification:_identify(Assignment1/ros2_wk/src) by extension 'python_setup_py'
[0.470s] Level 1:colcon.colcon_core.package_identification:_identify(Assignment1/ros2_wk/src/manipulator_simulation) by extensions ['ignore', 'ignore_ament_install']
[0.470s] Level 1:colcon.colcon_core.package_identification:_identify(Assignment1/ros2_wk/src/manipulator_simulation) by extension 'ignore'
[0.470s] Level 1:colcon.colcon_core.package_identification:_identify(Assignment1/ros2_wk/src/manipulator_simulation) by extension 'ignore_ament_install'
[0.471s] Level 1:colcon.colcon_core.package_identification:_identify(Assignment1/ros2_wk/src/manipulator_simulation) by extensions ['colcon_pkg']
[0.471s] Level 1:colcon.colcon_core.package_identification:_identify(Assignment1/ros2_wk/src/manipulator_simulation) by extension 'colcon_pkg'
[0.471s] Level 1:colcon.colcon_core.package_identification:_identify(Assignment1/ros2_wk/src/manipulator_simulation) by extensions ['colcon_meta']
[0.471s] Level 1:colcon.colcon_core.package_identification:_identify(Assignment1/ros2_wk/src/manipulator_simulation) by extension 'colcon_meta'
[0.472s] Level 1:colcon.colcon_core.package_identification:_identify(Assignment1/ros2_wk/src/manipulator_simulation) by extensions ['ros']
[0.472s] Level 1:colcon.colcon_core.package_identification:_identify(Assignment1/ros2_wk/src/manipulator_simulation) by extension 'ros'
[0.476s] DEBUG:colcon.colcon_core.package_identification:Package 'Assignment1/ros2_wk/src/manipulator_simulation' with type 'ros.ament_python' and name 'manipulator_simulation'
[0.476s] Level 1:colcon.colcon_core.package_identification:_identify(build) by extensions ['ignore', 'ignore_ament_install']
[0.476s] Level 1:colcon.colcon_core.package_identification:_identify(build) by extension 'ignore'
[0.476s] Level 1:colcon.colcon_core.package_identification:_identify(build) ignored
[0.476s] Level 1:colcon.colcon_core.package_identification:_identify(install) by extensions ['ignore', 'ignore_ament_install']
[0.476s] Level 1:colcon.colcon_core.package_identification:_identify(install) by extension 'ignore'
[0.477s] Level 1:colcon.colcon_core.package_identification:_identify(install) ignored
[0.477s] Level 1:colcon.colcon_core.package_identification:_identify(log) by extensions ['ignore', 'ignore_ament_install']
[0.477s] Level 1:colcon.colcon_core.package_identification:_identify(log) by extension 'ignore'
[0.477s] Level 1:colcon.colcon_core.package_identification:_identify(log) ignored
[0.477s] Level 1:colcon.colcon_core.package_discovery:discover_packages(recursive) using defaults
[0.477s] Level 1:colcon.colcon_core.package_discovery:discover_packages(ignore) discover
[0.477s] Level 1:colcon.colcon_core.package_discovery:discover_packages(ignore) using defaults
[0.477s] Level 1:colcon.colcon_core.package_discovery:discover_packages(path) discover
[0.477s] Level 1:colcon.colcon_core.package_discovery:discover_packages(path) using defaults
[0.505s] Level 1:colcon.colcon_core.package_discovery:discover_packages(prefix_path) check parameters
[0.506s] Level 1:colcon.colcon_core.package_discovery:discover_packages(prefix_path) discover
[0.508s] DEBUG:colcon.colcon_installed_package_information.package_discovery:Found 1 installed packages in /home/vardan/Introduction-to-Robotics/Assignment1/ros2_wk/install
[0.508s] DEBUG:colcon.colcon_installed_package_information.package_discovery:Found 1 installed packages in /home/vardan/surveillance-swarm/code/ros2_wk/install
[0.510s] DEBUG:colcon.colcon_installed_package_information.package_discovery:Found 282 installed packages in /opt/ros/humble
[0.512s] Level 1:colcon.colcon_core.package_discovery:discover_packages(prefix_path) using defaults
[0.594s] Level 5:colcon.colcon_core.verb:set package 'manipulator_simulation' build argument 'cmake_args' from command line to 'None'
[0.595s] Level 5:colcon.colcon_core.verb:set package 'manipulator_simulation' build argument 'cmake_target' from command line to 'None'
[0.595s] Level 5:colcon.colcon_core.verb:set package 'manipulator_simulation' build argument 'cmake_target_skip_unavailable' from command line to 'False'
[0.595s] Level 5:colcon.colcon_core.verb:set package 'manipulator_simulation' build argument 'cmake_clean_cache' from command line to 'False'
[0.595s] Level 5:colcon.colcon_core.verb:set package 'manipulator_simulation' build argument 'cmake_clean_first' from command line to 'False'
[0.595s] Level 5:colcon.colcon_core.verb:set package 'manipulator_simulation' build argument 'cmake_force_configure' from command line to 'False'
[0.595s] Level 5:colcon.colcon_core.verb:set package 'manipulator_simulation' build argument 'ament_cmake_args' from command line to 'None'
[0.595s] Level 5:colcon.colcon_core.verb:set package 'manipulator_simulation' build argument 'catkin_cmake_args' from command line to 'None'
[0.595s] Level 5:colcon.colcon_core.verb:set package 'manipulator_simulation' build argument 'catkin_skip_building_tests' from command line to 'False'
[0.595s] DEBUG:colcon.colcon_core.verb:Building package 'manipulator_simulation' with the following arguments: {'ament_cmake_args': None, 'build_base': '/home/vardan/Introduction-to-Robotics/build/manipulator_simulation', 'catkin_cmake_args': None, 'catkin_skip_building_tests': False, 'cmake_args': None, 'cmake_clean_cache': False, 'cmake_clean_first': False, 'cmake_force_configure': False, 'cmake_target': None, 'cmake_target_skip_unavailable': False, 'install_base': '/home/vardan/Introduction-to-Robotics/install/manipulator_simulation', 'merge_install': False, 'path': '/home/vardan/Introduction-to-Robotics/Assignment1/ros2_wk/src/manipulator_simulation', 'symlink_install': True, 'test_result_base': None}
[0.595s] INFO:colcon.colcon_core.executor:Executing jobs using 'parallel' executor
[0.597s] DEBUG:colcon.colcon_parallel_executor.executor.parallel:run_until_complete
[0.597s] INFO:colcon.colcon_ros.task.ament_python.build:Building ROS package in '/home/vardan/Introduction-to-Robotics/Assignment1/ros2_wk/src/manipulator_simulation' with build type 'ament_python'
[0.597s] Level 1:colcon.colcon_core.shell:create_environment_hook('manipulator_simulation', 'ament_prefix_path')
[0.601s] INFO:colcon.colcon_core.plugin_system:Skipping extension 'colcon_core.shell.bat': Not used on non-Windows systems
[0.602s] INFO:colcon.colcon_core.shell:Creating environment hook '/home/vardan/Introduction-to-Robotics/install/manipulator_simulation/share/manipulator_simulation/hook/ament_prefix_path.ps1'
[0.604s] INFO:colcon.colcon_core.shell:Creating environment descriptor '/home/vardan/Introduction-to-Robotics/install/manipulator_simulation/share/manipulator_simulation/hook/ament_prefix_path.dsv'
[0.605s] INFO:colcon.colcon_core.shell:Creating environment hook '/home/vardan/Introduction-to-Robotics/install/manipulator_simulation/share/manipulator_simulation/hook/ament_prefix_path.sh'
[0.607s] INFO:colcon.colcon_core.shell:Skip shell extension 'powershell' for command environment: Not usable outside of PowerShell
[0.608s] DEBUG:colcon.colcon_core.shell:Skip shell extension 'dsv' for command environment
[1.129s] INFO:colcon.colcon_core.task.python.build:Building Python package in '/home/vardan/Introduction-to-Robotics/Assignment1/ros2_wk/src/manipulator_simulation'
[1.130s] INFO:colcon.colcon_core.shell:Skip shell extension 'powershell' for command environment: Not usable outside of PowerShell
[1.130s] DEBUG:colcon.colcon_core.shell:Skip shell extension 'dsv' for command environment
[1.710s] DEBUG:colcon.colcon_core.event_handler.log_command:Invoking command in '/home/vardan/Introduction-to-Robotics/build/manipulator_simulation': PYTHONPATH=/home/vardan/Introduction-to-Robotics/build/manipulator_simulation/prefix_override:/home/vardan/Introduction-to-Robotics/install/manipulator_simulation/lib/python3.10/site-packages:${PYTHONPATH} VIRTUAL_ENV_PROMPT=(.venv) /usr/bin/python3 -W ignore:setup.py install is deprecated setup.py develop --editable --build-directory /home/vardan/Introduction-to-Robotics/build/manipulator_simulation/build --no-deps symlink_data
[2.577s] Level 1:colcon.colcon_core.shell:create_environment_hook('manipulator_simulation', 'pythonpath_develop')
[2.578s] INFO:colcon.colcon_core.shell:Creating environment hook '/home/vardan/Introduction-to-Robotics/build/manipulator_simulation/share/manipulator_simulation/hook/pythonpath_develop.ps1'
[2.579s] DEBUG:colcon.colcon_core.event_handler.log_command:Invoked command in '/home/vardan/Introduction-to-Robotics/build/manipulator_simulation' returned '0': PYTHONPATH=/home/vardan/Introduction-to-Robotics/build/manipulator_simulation/prefix_override:/home/vardan/Introduction-to-Robotics/install/manipulator_simulation/lib/python3.10/site-packages:${PYTHONPATH} VIRTUAL_ENV_PROMPT=(.venv) /usr/bin/python3 -W ignore:setup.py install is deprecated setup.py develop --editable --build-directory /home/vardan/Introduction-to-Robotics/build/manipulator_simulation/build --no-deps symlink_data
[2.580s] INFO:colcon.colcon_core.shell:Creating environment descriptor '/home/vardan/Introduction-to-Robotics/build/manipulator_simulation/share/manipulator_simulation/hook/pythonpath_develop.dsv'
[2.581s] INFO:colcon.colcon_core.shell:Creating environment hook '/home/vardan/Introduction-to-Robotics/build/manipulator_simulation/share/manipulator_simulation/hook/pythonpath_develop.sh'
[2.585s] Level 1:colcon.colcon_core.environment:checking '/home/vardan/Introduction-to-Robotics/install/manipulator_simulation' for CMake module files
[2.586s] Level 1:colcon.colcon_core.environment:checking '/home/vardan/Introduction-to-Robotics/install/manipulator_simulation' for CMake config files
[2.587s] Level 1:colcon.colcon_core.environment:checking '/home/vardan/Introduction-to-Robotics/install/manipulator_simulation/lib'
[2.587s] Level 1:colcon.colcon_core.environment:checking '/home/vardan/Introduction-to-Robotics/install/manipulator_simulation/bin'
[2.587s] Level 1:colcon.colcon_core.environment:checking '/home/vardan/Introduction-to-Robotics/install/manipulator_simulation/lib/pkgconfig/manipulator_simulation.pc'
[2.587s] Level 1:colcon.colcon_core.environment:checking '/home/vardan/Introduction-to-Robotics/install/manipulator_simulation/lib/python3.10/site-packages'
[2.587s] Level 1:colcon.colcon_core.shell:create_environment_hook('manipulator_simulation', 'pythonpath')
[2.588s] INFO:colcon.colcon_core.shell:Creating environment hook '/home/vardan/Introduction-to-Robotics/install/manipulator_simulation/share/manipulator_simulation/hook/pythonpath.ps1'
[2.588s] INFO:colcon.colcon_core.shell:Creating environment descriptor '/home/vardan/Introduction-to-Robotics/install/manipulator_simulation/share/manipulator_simulation/hook/pythonpath.dsv'
[2.589s] INFO:colcon.colcon_core.shell:Creating environment hook '/home/vardan/Introduction-to-Robotics/install/manipulator_simulation/share/manipulator_simulation/hook/pythonpath.sh'
[2.589s] Level 1:colcon.colcon_core.environment:checking '/home/vardan/Introduction-to-Robotics/install/manipulator_simulation/bin'
[2.589s] Level 1:colcon.colcon_core.environment:create_environment_scripts_only(manipulator_simulation)
[2.590s] INFO:colcon.colcon_core.shell:Creating package script '/home/vardan/Introduction-to-Robotics/install/manipulator_simulation/share/manipulator_simulation/package.ps1'
[2.592s] INFO:colcon.colcon_core.shell:Creating package descriptor '/home/vardan/Introduction-to-Robotics/install/manipulator_simulation/share/manipulator_simulation/package.dsv'
[2.593s] INFO:colcon.colcon_core.shell:Creating package script '/home/vardan/Introduction-to-Robotics/install/manipulator_simulation/share/manipulator_simulation/package.sh'
[2.595s] INFO:colcon.colcon_core.shell:Creating package script '/home/vardan/Introduction-to-Robotics/install/manipulator_simulation/share/manipulator_simulation/package.bash'
[2.596s] INFO:colcon.colcon_core.shell:Creating package script '/home/vardan/Introduction-to-Robotics/install/manipulator_simulation/share/manipulator_simulation/package.zsh'
[2.598s] Level 1:colcon.colcon_core.environment:create_file_with_runtime_dependencies(/home/vardan/Introduction-to-Robotics/install/manipulator_simulation/share/colcon-core/packages/manipulator_simulation)
[2.599s] DEBUG:colcon.colcon_parallel_executor.executor.parallel:closing loop
[2.601s] DEBUG:colcon.colcon_parallel_executor.executor.parallel:loop closed
[2.601s] DEBUG:colcon.colcon_parallel_executor.executor.parallel:run_until_complete finished with '0'
[2.601s] DEBUG:colcon.colcon_core.event_reactor:joining thread
[2.667s] INFO:colcon.colcon_core.plugin_system:Skipping extension 'colcon_notification.desktop_notification.notify_send': Could not find 'notify-send'
[2.667s] INFO:colcon.colcon_core.plugin_system:Skipping extension 'colcon_notification.desktop_notification.terminal_notifier': Not used on non-Darwin systems
[2.668s] INFO:colcon.colcon_core.plugin_system:Skipping extension 'colcon_notification.desktop_notification.win32': Not used on non-Windows systems
[2.669s] INFO:colcon.colcon_notification.desktop_notification:Sending desktop notification using 'notify2'
[2.669s] DEBUG:colcon.colcon_notification.desktop_notification.notify2:Failed to initialize notify2: org.freedesktop.DBus.Error.FileNotFound: Failed to connect to socket /run/user/1000/bus: No such file or directory
[2.669s] DEBUG:colcon.colcon_core.event_reactor:joined thread
[2.670s] INFO:colcon.colcon_core.shell:Creating prefix script '/home/vardan/Introduction-to-Robotics/install/local_setup.ps1'
[2.671s] INFO:colcon.colcon_core.shell:Creating prefix util module '/home/vardan/Introduction-to-Robotics/install/_local_setup_util_ps1.py'
[2.674s] INFO:colcon.colcon_core.shell:Creating prefix chain script '/home/vardan/Introduction-to-Robotics/install/setup.ps1'
[2.675s] INFO:colcon.colcon_core.shell:Creating prefix script '/home/vardan/Introduction-to-Robotics/install/local_setup.sh'
[2.677s] INFO:colcon.colcon_core.shell:Creating prefix util module '/home/vardan/Introduction-to-Robotics/install/_local_setup_util_sh.py'
[2.678s] INFO:colcon.colcon_core.shell:Creating prefix chain script '/home/vardan/Introduction-to-Robotics/install/setup.sh'
[2.681s] INFO:colcon.colcon_core.shell:Creating prefix script '/home/vardan/Introduction-to-Robotics/install/local_setup.bash'
[2.685s] INFO:colcon.colcon_core.shell:Creating prefix chain script '/home/vardan/Introduction-to-Robotics/install/setup.bash'
[2.687s] INFO:colcon.colcon_core.shell:Creating prefix script '/home/vardan/Introduction-to-Robotics/install/local_setup.zsh'
[2.688s] INFO:colcon.colcon_core.shell:Creating prefix chain script '/home/vardan/Introduction-to-Robotics/install/setup.zsh'
