[0.877s] Invoking command in '/home/vardan/Introduction-to-Robotics/Assignment4/ros2_ws/build/workshop': PYTHONPATH=/home/vardan/Introduction-to-Robotics/Assignment4/ros2_ws/build/workshop/prefix_override:/usr/lib/python3/dist-packages/colcon_core/task/python/colcon_distutils_commands:/home/vardan/Introduction-to-Robotics/Assignment4/ros2_ws/install/workshop/lib/python3.10/site-packages:${PYTHONPATH} VIRTUAL_ENV_PROMPT=(.venv) /usr/bin/python3 -W ignore:setup.py install is deprecated setup.py develop --editable --build-directory /home/vardan/Introduction-to-Robotics/Assignment4/ros2_ws/build/workshop/build --no-deps symlink_data
[1.239s] running develop
[1.239s] /usr/lib/python3/dist-packages/setuptools/command/easy_install.py:158: EasyInstallDeprecationWarning: easy_install command is deprecated. Use build and pip and other standards-based tools.
[1.239s]   warnings.warn(
[1.437s] running egg_info
[1.438s] writing workshop.egg-info/PKG-INFO
[1.438s] writing dependency_links to workshop.egg-info/dependency_links.txt
[1.439s] writing entry points to workshop.egg-info/entry_points.txt
[1.439s] writing requirements to workshop.egg-info/requires.txt
[1.439s] writing top-level names to workshop.egg-info/top_level.txt
[1.441s] reading manifest file 'workshop.egg-info/SOURCES.txt'
[1.443s] writing manifest file 'workshop.egg-info/SOURCES.txt'
[1.445s] running build_ext
[1.446s] Creating /home/vardan/Introduction-to-Robotics/Assignment4/ros2_ws/install/workshop/lib/python3.10/site-packages/workshop.egg-link (link to .)
[1.447s] Installing NumPublisher script to /home/vardan/Introduction-to-Robotics/Assignment4/ros2_ws/install/workshop/lib/workshop
[1.447s] Installing SumPublisher script to /home/vardan/Introduction-to-Robotics/Assignment4/ros2_ws/install/workshop/lib/workshop
[1.447s] 
[1.448s] Installed /home/vardan/Introduction-to-Robotics/Assignment4/ros2_ws/build/workshop
[1.448s] running symlink_data
[1.493s] Invoked command in '/home/vardan/Introduction-to-Robotics/Assignment4/ros2_ws/build/workshop' returned '0': PYTHONPATH=/home/vardan/Introduction-to-Robotics/Assignment4/ros2_ws/build/workshop/prefix_override:/usr/lib/python3/dist-packages/colcon_core/task/python/colcon_distutils_commands:/home/vardan/Introduction-to-Robotics/Assignment4/ros2_ws/install/workshop/lib/python3.10/site-packages:${PYTHONPATH} VIRTUAL_ENV_PROMPT=(.venv) /usr/bin/python3 -W ignore:setup.py install is deprecated setup.py develop --editable --build-directory /home/vardan/Introduction-to-Robotics/Assignment4/ros2_ws/build/workshop/build --no-deps symlink_data
