[1.268s] Invoking command in '/home/vardan/Introduction-to-Robotics/Assignment 1/roswk/build/franka_simulation': PYTHONPATH=/home/vardan/Introduction-to-Robotics/Assignment 1/roswk/build/franka_simulation/prefix_override:/home/vardan/Introduction-to-Robotics/Assignment 1/roswk/install/franka_simulation/lib/python3.10/site-packages:${PYTHONPATH} VIRTUAL_ENV_PROMPT=(.venv) /usr/bin/python3 -W ignore:setup.py install is deprecated setup.py develop --editable --build-directory /home/vardan/Introduction-to-Robotics/Assignment 1/roswk/build/franka_simulation/build --no-deps symlink_data
[1.694s] running develop
[1.697s] /usr/lib/python3/dist-packages/setuptools/command/easy_install.py:158: EasyInstallDeprecationWarning: easy_install command is deprecated. Use build and pip and other standards-based tools.
[1.697s]   warnings.warn(
[1.924s] running egg_info
[1.924s] creating franka_simulation.egg-info
[1.925s] writing franka_simulation.egg-info/PKG-INFO
[1.925s] writing dependency_links to franka_simulation.egg-info/dependency_links.txt
[1.926s] writing entry points to franka_simulation.egg-info/entry_points.txt
[1.926s] writing requirements to franka_simulation.egg-info/requires.txt
[1.928s] writing top-level names to franka_simulation.egg-info/top_level.txt
[1.928s] writing manifest file 'franka_simulation.egg-info/SOURCES.txt'
[1.932s] reading manifest file 'franka_simulation.egg-info/SOURCES.txt'
[1.935s] writing manifest file 'franka_simulation.egg-info/SOURCES.txt'
[1.939s] running build_ext
[1.939s] Creating /home/vardan/Introduction-to-Robotics/Assignment 1/roswk/install/franka_simulation/lib/python3.10/site-packages/franka-simulation.egg-link (link to .)
[1.941s] 
[1.942s] Installed /home/vardan/Introduction-to-Robotics/Assignment 1/roswk/build/franka_simulation
[1.942s] running symlink_data
[1.942s] creating /home/vardan/Introduction-to-Robotics/Assignment 1/roswk/install/franka_simulation/share/ament_index
[1.943s] creating /home/vardan/Introduction-to-Robotics/Assignment 1/roswk/install/franka_simulation/share/ament_index/resource_index
[1.944s] creating /home/vardan/Introduction-to-Robotics/Assignment 1/roswk/install/franka_simulation/share/ament_index/resource_index/packages
[1.944s] symbolically linking /home/vardan/Introduction-to-Robotics/Assignment 1/roswk/build/franka_simulation/resource/franka_simulation -> /home/vardan/Introduction-to-Robotics/Assignment 1/roswk/install/franka_simulation/share/ament_index/resource_index/packages
[1.945s] symbolically linking /home/vardan/Introduction-to-Robotics/Assignment 1/roswk/build/franka_simulation/package.xml -> /home/vardan/Introduction-to-Robotics/Assignment 1/roswk/install/franka_simulation/share/franka_simulation
[1.992s] Invoked command in '/home/vardan/Introduction-to-Robotics/Assignment 1/roswk/build/franka_simulation' returned '0': PYTHONPATH=/home/vardan/Introduction-to-Robotics/Assignment 1/roswk/build/franka_simulation/prefix_override:/home/vardan/Introduction-to-Robotics/Assignment 1/roswk/install/franka_simulation/lib/python3.10/site-packages:${PYTHONPATH} VIRTUAL_ENV_PROMPT=(.venv) /usr/bin/python3 -W ignore:setup.py install is deprecated setup.py develop --editable --build-directory /home/vardan/Introduction-to-Robotics/Assignment 1/roswk/build/franka_simulation/build --no-deps symlink_data
