[1.144s] Invoking command in '/home/vardan/Introduction-to-Robotics/Assignment1/ros2_wk/build/manipulator_simulation': PYTHONPATH=/home/vardan/Introduction-to-Robotics/Assignment1/ros2_wk/build/manipulator_simulation/prefix_override:/home/vardan/Introduction-to-Robotics/Assignment1/ros2_wk/install/manipulator_simulation/lib/python3.10/site-packages:${PYTHONPATH} VIRTUAL_ENV_PROMPT=(.venv) /usr/bin/python3 -W ignore:setup.py install is deprecated setup.py develop --editable --build-directory /home/vardan/Introduction-to-Robotics/Assignment1/ros2_wk/build/manipulator_simulation/build --no-deps symlink_data
[1.579s] running develop
[1.580s] /usr/lib/python3/dist-packages/setuptools/command/easy_install.py:158: EasyInstallDeprecationWarning: easy_install command is deprecated. Use build and pip and other standards-based tools.
[1.581s]   warnings.warn(
[1.810s] running egg_info
[1.811s] creating manipulator_simulation.egg-info
[1.814s] writing manipulator_simulation.egg-info/PKG-INFO
[1.814s] writing dependency_links to manipulator_simulation.egg-info/dependency_links.txt
[1.815s] writing entry points to manipulator_simulation.egg-info/entry_points.txt
[1.815s] writing requirements to manipulator_simulation.egg-info/requires.txt
[1.815s] writing top-level names to manipulator_simulation.egg-info/top_level.txt
[1.815s] writing manifest file 'manipulator_simulation.egg-info/SOURCES.txt'
[1.819s] reading manifest file 'manipulator_simulation.egg-info/SOURCES.txt'
[1.826s] writing manifest file 'manipulator_simulation.egg-info/SOURCES.txt'
[1.828s] running build_ext
[1.829s] Creating /home/vardan/Introduction-to-Robotics/Assignment1/ros2_wk/install/manipulator_simulation/lib/python3.10/site-packages/manipulator-simulation.egg-link (link to .)
[1.830s] 
[1.830s] Installed /home/vardan/Introduction-to-Robotics/Assignment1/ros2_wk/build/manipulator_simulation
[1.830s] running symlink_data
[1.831s] creating /home/vardan/Introduction-to-Robotics/Assignment1/ros2_wk/install/manipulator_simulation/share/ament_index
[1.831s] creating /home/vardan/Introduction-to-Robotics/Assignment1/ros2_wk/install/manipulator_simulation/share/ament_index/resource_index
[1.831s] creating /home/vardan/Introduction-to-Robotics/Assignment1/ros2_wk/install/manipulator_simulation/share/ament_index/resource_index/packages
[1.831s] symbolically linking /home/vardan/Introduction-to-Robotics/Assignment1/ros2_wk/build/manipulator_simulation/resource/manipulator_simulation -> /home/vardan/Introduction-to-Robotics/Assignment1/ros2_wk/install/manipulator_simulation/share/ament_index/resource_index/packages
[1.832s] symbolically linking /home/vardan/Introduction-to-Robotics/Assignment1/ros2_wk/build/manipulator_simulation/package.xml -> /home/vardan/Introduction-to-Robotics/Assignment1/ros2_wk/install/manipulator_simulation/share/manipulator_simulation
[1.832s] creating /home/vardan/Introduction-to-Robotics/Assignment1/ros2_wk/install/manipulator_simulation/share/manipulator_simulation/urdf
[1.835s] symbolically linking /home/vardan/Introduction-to-Robotics/Assignment1/ros2_wk/build/manipulator_simulation/urdf/open_manipulator_robot.urdf.xacro -> /home/vardan/Introduction-to-Robotics/Assignment1/ros2_wk/install/manipulator_simulation/share/manipulator_simulation/urdf
[1.835s] symbolically linking /home/vardan/Introduction-to-Robotics/Assignment1/ros2_wk/build/manipulator_simulation/urdf/open_manipulator.urdf.xacro -> /home/vardan/Introduction-to-Robotics/Assignment1/ros2_wk/install/manipulator_simulation/share/manipulator_simulation/urdf
[1.840s] symbolically linking /home/vardan/Introduction-to-Robotics/Assignment1/ros2_wk/build/manipulator_simulation/urdf/open_manipulator.gazebo.xacro -> /home/vardan/Introduction-to-Robotics/Assignment1/ros2_wk/install/manipulator_simulation/share/manipulator_simulation/urdf
[1.841s] symbolically linking /home/vardan/Introduction-to-Robotics/Assignment1/ros2_wk/build/manipulator_simulation/urdf/open_manipulator.transmission.xacro -> /home/vardan/Introduction-to-Robotics/Assignment1/ros2_wk/install/manipulator_simulation/share/manipulator_simulation/urdf
[1.841s] symbolically linking /home/vardan/Introduction-to-Robotics/Assignment1/ros2_wk/build/manipulator_simulation/urdf/materials.xacro -> /home/vardan/Introduction-to-Robotics/Assignment1/ros2_wk/install/manipulator_simulation/share/manipulator_simulation/urdf
[1.841s] creating /home/vardan/Introduction-to-Robotics/Assignment1/ros2_wk/install/manipulator_simulation/share/manipulator_simulation/meshes
[1.842s] symbolically linking /home/vardan/Introduction-to-Robotics/Assignment1/ros2_wk/build/manipulator_simulation/meshes/chain_link1.stl -> /home/vardan/Introduction-to-Robotics/Assignment1/ros2_wk/install/manipulator_simulation/share/manipulator_simulation/meshes
[1.843s] symbolically linking /home/vardan/Introduction-to-Robotics/Assignment1/ros2_wk/build/manipulator_simulation/meshes/chain_link_grip_r.stl -> /home/vardan/Introduction-to-Robotics/Assignment1/ros2_wk/install/manipulator_simulation/share/manipulator_simulation/meshes
[1.844s] symbolically linking /home/vardan/Introduction-to-Robotics/Assignment1/ros2_wk/build/manipulator_simulation/meshes/chain_link2.stl -> /home/vardan/Introduction-to-Robotics/Assignment1/ros2_wk/install/manipulator_simulation/share/manipulator_simulation/meshes
[1.845s] symbolically linking /home/vardan/Introduction-to-Robotics/Assignment1/ros2_wk/build/manipulator_simulation/meshes/chain_link_grip_l.stl -> /home/vardan/Introduction-to-Robotics/Assignment1/ros2_wk/install/manipulator_simulation/share/manipulator_simulation/meshes
[1.846s] symbolically linking /home/vardan/Introduction-to-Robotics/Assignment1/ros2_wk/build/manipulator_simulation/meshes/chain_link3.stl -> /home/vardan/Introduction-to-Robotics/Assignment1/ros2_wk/install/manipulator_simulation/share/manipulator_simulation/meshes
[1.847s] symbolically linking /home/vardan/Introduction-to-Robotics/Assignment1/ros2_wk/build/manipulator_simulation/meshes/chain_link4.stl -> /home/vardan/Introduction-to-Robotics/Assignment1/ros2_wk/install/manipulator_simulation/share/manipulator_simulation/meshes
[1.847s] symbolically linking /home/vardan/Introduction-to-Robotics/Assignment1/ros2_wk/build/manipulator_simulation/meshes/chain_link5.stl -> /home/vardan/Introduction-to-Robotics/Assignment1/ros2_wk/install/manipulator_simulation/share/manipulator_simulation/meshes
[1.847s] creating /home/vardan/Introduction-to-Robotics/Assignment1/ros2_wk/install/manipulator_simulation/share/manipulator_simulation/launch
[1.847s] symbolically linking /home/vardan/Introduction-to-Robotics/Assignment1/ros2_wk/build/manipulator_simulation/launch/gazebo_sim.launch.py -> /home/vardan/Introduction-to-Robotics/Assignment1/ros2_wk/install/manipulator_simulation/share/manipulator_simulation/launch
[1.847s] symbolically linking /home/vardan/Introduction-to-Robotics/Assignment1/ros2_wk/build/manipulator_simulation/launch/simulation.launch.py -> /home/vardan/Introduction-to-Robotics/Assignment1/ros2_wk/install/manipulator_simulation/share/manipulator_simulation/launch
[1.897s] Invoked command in '/home/vardan/Introduction-to-Robotics/Assignment1/ros2_wk/build/manipulator_simulation' returned '0': PYTHONPATH=/home/vardan/Introduction-to-Robotics/Assignment1/ros2_wk/build/manipulator_simulation/prefix_override:/home/vardan/Introduction-to-Robotics/Assignment1/ros2_wk/install/manipulator_simulation/lib/python3.10/site-packages:${PYTHONPATH} VIRTUAL_ENV_PROMPT=(.venv) /usr/bin/python3 -W ignore:setup.py install is deprecated setup.py develop --editable --build-directory /home/vardan/Introduction-to-Robotics/Assignment1/ros2_wk/build/manipulator_simulation/build --no-deps symlink_data
