[0.182s] DEBUG:colcon:Command line arguments: ['/usr/bin/colcon', 'build', '--symlink-install']
[0.182s] DEBUG:colcon:Parsed command line arguments: Namespace(log_base=None, log_level=None, verb_name='build', build_base='build', install_base='install', merge_install=False, symlink_install=True, test_result_base=None, continue_on_error=False, executor='parallel', parallel_workers=4, event_handlers=None, ignore_user_meta=False, metas=['./colcon.meta'], base_paths=['.'], packages_ignore=None, packages_ignore_regex=None, paths=None, packages_up_to=None, packages_up_to_regex=None, packages_above=None, packages_above_and_dependencies=None, packages_above_depth=None, packages_select_by_dep=None, packages_skip_by_dep=None, packages_skip_up_to=None, packages_select_build_failed=False, packages_skip_build_finished=False, packages_select_test_failures=False, packages_skip_test_passed=False, packages_select=None, packages_skip=None, packages_select_regex=None, packages_skip_regex=None, packages_start=None, packages_end=None, allow_overriding=[], cmake_args=None, cmake_target=None, cmake_target_skip_unavailable=False, cmake_clean_cache=False, cmake_clean_first=False, cmake_force_configure=False, ament_cmake_args=None, catkin_cmake_args=None, catkin_skip_building_tests=False, verb_parser=<colcon_defaults.argument_parser.defaults.DefaultArgumentsDecorator object at 0x7fecbf793850>, verb_extension=<colcon_core.verb.build.BuildVerb object at 0x7fecbf793340>, main=<bound method BuildVerb.main of <colcon_core.verb.build.BuildVerb object at 0x7fecbf793340>>)
[0.362s] Level 1:colcon.colcon_core.package_discovery:discover_packages(colcon_meta) check parameters
[0.363s] Level 1:colcon.colcon_core.package_discovery:discover_packages(recursive) check parameters
[0.363s] Level 1:colcon.colcon_core.package_discovery:discover_packages(ignore) check parameters
[0.363s] Level 1:colcon.colcon_core.package_discovery:discover_packages(path) check parameters
[0.363s] Level 1:colcon.colcon_core.package_discovery:discover_packages(colcon_meta) discover
[0.363s] Level 1:colcon.colcon_core.package_discovery:discover_packages(recursive) discover
[0.363s] INFO:colcon.colcon_core.package_discovery:Crawling recursively for packages in '/home/vardan/Introduction-to-Robotics/Assignment4/ros2_ws'
[0.363s] Level 1:colcon.colcon_core.package_identification:_identify(.) by extensions ['ignore', 'ignore_ament_install']
[0.363s] Level 1:colcon.colcon_core.package_identification:_identify(.) by extension 'ignore'
[0.363s] Level 1:colcon.colcon_core.package_identification:_identify(.) by extension 'ignore_ament_install'
[0.363s] Level 1:colcon.colcon_core.package_identification:_identify(.) by extensions ['colcon_pkg']
[0.363s] Level 1:colcon.colcon_core.package_identification:_identify(.) by extension 'colcon_pkg'
[0.363s] Level 1:colcon.colcon_core.package_identification:_identify(.) by extensions ['colcon_meta']
[0.364s] Level 1:colcon.colcon_core.package_identification:_identify(.) by extension 'colcon_meta'
[0.364s] Level 1:colcon.colcon_core.package_identification:_identify(.) by extensions ['ros']
[0.364s] Level 1:colcon.colcon_core.package_identification:_identify(.) by extension 'ros'
[0.377s] Level 1:colcon.colcon_core.package_identification:_identify(.) by extensions ['cmake', 'python']
[0.377s] Level 1:colcon.colcon_core.package_identification:_identify(.) by extension 'cmake'
[0.377s] Level 1:colcon.colcon_core.package_identification:_identify(.) by extension 'python'
[0.377s] Level 1:colcon.colcon_core.package_identification:_identify(.) by extensions ['python_setup_py']
[0.377s] Level 1:colcon.colcon_core.package_identification:_identify(.) by extension 'python_setup_py'
[0.377s] Level 1:colcon.colcon_core.package_identification:_identify(build) by extensions ['ignore', 'ignore_ament_install']
[0.377s] Level 1:colcon.colcon_core.package_identification:_identify(build) by extension 'ignore'
[0.377s] Level 1:colcon.colcon_core.package_identification:_identify(build) ignored
[0.378s] Level 1:colcon.colcon_core.package_identification:_identify(install) by extensions ['ignore', 'ignore_ament_install']
[0.378s] Level 1:colcon.colcon_core.package_identification:_identify(install) by extension 'ignore'
[0.378s] Level 1:colcon.colcon_core.package_identification:_identify(install) ignored
[0.378s] Level 1:colcon.colcon_core.package_identification:_identify(log) by extensions ['ignore', 'ignore_ament_install']
[0.378s] Level 1:colcon.colcon_core.package_identification:_identify(log) by extension 'ignore'
[0.378s] Level 1:colcon.colcon_core.package_identification:_identify(log) ignored
[0.378s] Level 1:colcon.colcon_core.package_identification:_identify(src) by extensions ['ignore', 'ignore_ament_install']
[0.378s] Level 1:colcon.colcon_core.package_identification:_identify(src) by extension 'ignore'
[0.378s] Level 1:colcon.colcon_core.package_identification:_identify(src) by extension 'ignore_ament_install'
[0.378s] Level 1:colcon.colcon_core.package_identification:_identify(src) by extensions ['colcon_pkg']
[0.379s] Level 1:colcon.colcon_core.package_identification:_identify(src) by extension 'colcon_pkg'
[0.379s] Level 1:colcon.colcon_core.package_identification:_identify(src) by extensions ['colcon_meta']
[0.379s] Level 1:colcon.colcon_core.package_identification:_identify(src) by extension 'colcon_meta'
[0.379s] Level 1:colcon.colcon_core.package_identification:_identify(src) by extensions ['ros']
[0.379s] Level 1:colcon.colcon_core.package_identification:_identify(src) by extension 'ros'
[0.379s] Level 1:colcon.colcon_core.package_identification:_identify(src) by extensions ['cmake', 'python']
[0.379s] Level 1:colcon.colcon_core.package_identification:_identify(src) by extension 'cmake'
[0.379s] Level 1:colcon.colcon_core.package_identification:_identify(src) by extension 'python'
[0.379s] Level 1:colcon.colcon_core.package_identification:_identify(src) by extensions ['python_setup_py']
[0.379s] Level 1:colcon.colcon_core.package_identification:_identify(src) by extension 'python_setup_py'
[0.379s] Level 1:colcon.colcon_core.package_identification:_identify(src/workshop) by extensions ['ignore', 'ignore_ament_install']
[0.379s] Level 1:colcon.colcon_core.package_identification:_identify(src/workshop) by extension 'ignore'
[0.379s] Level 1:colcon.colcon_core.package_identification:_identify(src/workshop) by extension 'ignore_ament_install'
[0.379s] Level 1:colcon.colcon_core.package_identification:_identify(src/workshop) by extensions ['colcon_pkg']
[0.379s] Level 1:colcon.colcon_core.package_identification:_identify(src/workshop) by extension 'colcon_pkg'
[0.380s] Level 1:colcon.colcon_core.package_identification:_identify(src/workshop) by extensions ['colcon_meta']
[0.380s] Level 1:colcon.colcon_core.package_identification:_identify(src/workshop) by extension 'colcon_meta'
[0.380s] Level 1:colcon.colcon_core.package_identification:_identify(src/workshop) by extensions ['ros']
[0.380s] Level 1:colcon.colcon_core.package_identification:_identify(src/workshop) by extension 'ros'
[0.384s] DEBUG:colcon.colcon_core.package_identification:Package 'src/workshop' with type 'ros.ament_python' and name 'workshop'
[0.384s] Level 1:colcon.colcon_core.package_discovery:discover_packages(recursive) using defaults
[0.384s] Level 1:colcon.colcon_core.package_discovery:discover_packages(ignore) discover
[0.384s] Level 1:colcon.colcon_core.package_discovery:discover_packages(ignore) using defaults
[0.384s] Level 1:colcon.colcon_core.package_discovery:discover_packages(path) discover
[0.384s] Level 1:colcon.colcon_core.package_discovery:discover_packages(path) using defaults
[0.409s] Level 1:colcon.colcon_core.package_discovery:discover_packages(prefix_path) check parameters
[0.409s] Level 1:colcon.colcon_core.package_discovery:discover_packages(prefix_path) discover
[0.411s] DEBUG:colcon.colcon_installed_package_information.package_discovery:Found 1 installed packages in /home/vardan/Introduction-to-Robotics/Assignment4/ros2_ws/install
[0.412s] DEBUG:colcon.colcon_installed_package_information.package_discovery:Found 1 installed packages in /home/vardan/Introduction-to-Robotics/Assignment1/ros2_wk/install
[0.412s] DEBUG:colcon.colcon_installed_package_information.package_discovery:Found 1 installed packages in /home/vardan/Introduction-to-Robotics/Assignment3/ros2_ws/install
[0.414s] DEBUG:colcon.colcon_installed_package_information.package_discovery:Found 280 installed packages in /opt/ros/humble
[0.415s] Level 1:colcon.colcon_core.package_discovery:discover_packages(prefix_path) using defaults
[0.477s] Level 5:colcon.colcon_core.verb:set package 'workshop' build argument 'cmake_args' from command line to 'None'
[0.477s] Level 5:colcon.colcon_core.verb:set package 'workshop' build argument 'cmake_target' from command line to 'None'
[0.477s] Level 5:colcon.colcon_core.verb:set package 'workshop' build argument 'cmake_target_skip_unavailable' from command line to 'False'
[0.477s] Level 5:colcon.colcon_core.verb:set package 'workshop' build argument 'cmake_clean_cache' from command line to 'False'
[0.477s] Level 5:colcon.colcon_core.verb:set package 'workshop' build argument 'cmake_clean_first' from command line to 'False'
[0.477s] Level 5:colcon.colcon_core.verb:set package 'workshop' build argument 'cmake_force_configure' from command line to 'False'
[0.477s] Level 5:colcon.colcon_core.verb:set package 'workshop' build argument 'ament_cmake_args' from command line to 'None'
[0.477s] Level 5:colcon.colcon_core.verb:set package 'workshop' build argument 'catkin_cmake_args' from command line to 'None'
[0.477s] Level 5:colcon.colcon_core.verb:set package 'workshop' build argument 'catkin_skip_building_tests' from command line to 'False'
[0.478s] DEBUG:colcon.colcon_core.verb:Building package 'workshop' with the following arguments: {'ament_cmake_args': None, 'build_base': '/home/vardan/Introduction-to-Robotics/Assignment4/ros2_ws/build/workshop', 'catkin_cmake_args': None, 'catkin_skip_building_tests': False, 'cmake_args': None, 'cmake_clean_cache': False, 'cmake_clean_first': False, 'cmake_force_configure': False, 'cmake_target': None, 'cmake_target_skip_unavailable': False, 'install_base': '/home/vardan/Introduction-to-Robotics/Assignment4/ros2_ws/install/workshop', 'merge_install': False, 'path': '/home/vardan/Introduction-to-Robotics/Assignment4/ros2_ws/src/workshop', 'symlink_install': True, 'test_result_base': None}
[0.478s] INFO:colcon.colcon_core.executor:Executing jobs using 'parallel' executor
[0.479s] DEBUG:colcon.colcon_parallel_executor.executor.parallel:run_until_complete
[0.480s] INFO:colcon.colcon_ros.task.ament_python.build:Building ROS package in '/home/vardan/Introduction-to-Robotics/Assignment4/ros2_ws/src/workshop' with build type 'ament_python'
[0.480s] Level 1:colcon.colcon_core.shell:create_environment_hook('workshop', 'ament_prefix_path')
[0.483s] INFO:colcon.colcon_core.plugin_system:Skipping extension 'colcon_core.shell.bat': Not used on non-Windows systems
[0.484s] INFO:colcon.colcon_core.shell:Creating environment hook '/home/vardan/Introduction-to-Robotics/Assignment4/ros2_ws/install/workshop/share/workshop/hook/ament_prefix_path.ps1'
[0.484s] INFO:colcon.colcon_core.shell:Creating environment descriptor '/home/vardan/Introduction-to-Robotics/Assignment4/ros2_ws/install/workshop/share/workshop/hook/ament_prefix_path.dsv'
[0.485s] INFO:colcon.colcon_core.shell:Creating environment hook '/home/vardan/Introduction-to-Robotics/Assignment4/ros2_ws/install/workshop/share/workshop/hook/ament_prefix_path.sh'
[0.486s] INFO:colcon.colcon_core.shell:Skip shell extension 'powershell' for command environment: Not usable outside of PowerShell
[0.487s] DEBUG:colcon.colcon_core.shell:Skip shell extension 'dsv' for command environment
[0.877s] INFO:colcon.colcon_core.task.python.build:Building Python package in '/home/vardan/Introduction-to-Robotics/Assignment4/ros2_ws/src/workshop'
[0.877s] INFO:colcon.colcon_core.shell:Skip shell extension 'powershell' for command environment: Not usable outside of PowerShell
[0.877s] DEBUG:colcon.colcon_core.shell:Skip shell extension 'dsv' for command environment
[1.358s] DEBUG:colcon.colcon_core.event_handler.log_command:Invoking command in '/home/vardan/Introduction-to-Robotics/Assignment4/ros2_ws/build/workshop': PYTHONPATH=/home/vardan/Introduction-to-Robotics/Assignment4/ros2_ws/build/workshop/prefix_override:/usr/lib/python3/dist-packages/colcon_core/task/python/colcon_distutils_commands:/home/vardan/Introduction-to-Robotics/Assignment4/ros2_ws/install/workshop/lib/python3.10/site-packages:${PYTHONPATH} VIRTUAL_ENV_PROMPT=(.venv) /usr/bin/python3 -W ignore:setup.py install is deprecated setup.py develop --editable --build-directory /home/vardan/Introduction-to-Robotics/Assignment4/ros2_ws/build/workshop/build --no-deps symlink_data
[1.973s] Level 1:colcon.colcon_core.shell:create_environment_hook('workshop', 'pythonpath_develop')
[1.973s] INFO:colcon.colcon_core.shell:Creating environment hook '/home/vardan/Introduction-to-Robotics/Assignment4/ros2_ws/build/workshop/share/workshop/hook/pythonpath_develop.ps1'
[1.974s] DEBUG:colcon.colcon_core.event_handler.log_command:Invoked command in '/home/vardan/Introduction-to-Robotics/Assignment4/ros2_ws/build/workshop' returned '0': PYTHONPATH=/home/vardan/Introduction-to-Robotics/Assignment4/ros2_ws/build/workshop/prefix_override:/usr/lib/python3/dist-packages/colcon_core/task/python/colcon_distutils_commands:/home/vardan/Introduction-to-Robotics/Assignment4/ros2_ws/install/workshop/lib/python3.10/site-packages:${PYTHONPATH} VIRTUAL_ENV_PROMPT=(.venv) /usr/bin/python3 -W ignore:setup.py install is deprecated setup.py develop --editable --build-directory /home/vardan/Introduction-to-Robotics/Assignment4/ros2_ws/build/workshop/build --no-deps symlink_data
[1.975s] INFO:colcon.colcon_core.shell:Creating environment descriptor '/home/vardan/Introduction-to-Robotics/Assignment4/ros2_ws/build/workshop/share/workshop/hook/pythonpath_develop.dsv'
[1.975s] INFO:colcon.colcon_core.shell:Creating environment hook '/home/vardan/Introduction-to-Robotics/Assignment4/ros2_ws/build/workshop/share/workshop/hook/pythonpath_develop.sh'
[1.978s] Level 1:colcon.colcon_core.environment:checking '/home/vardan/Introduction-to-Robotics/Assignment4/ros2_ws/install/workshop' for CMake module files
[1.979s] Level 1:colcon.colcon_core.environment:checking '/home/vardan/Introduction-to-Robotics/Assignment4/ros2_ws/install/workshop' for CMake config files
[1.980s] Level 1:colcon.colcon_core.environment:checking '/home/vardan/Introduction-to-Robotics/Assignment4/ros2_ws/install/workshop/lib'
[1.980s] Level 1:colcon.colcon_core.environment:checking '/home/vardan/Introduction-to-Robotics/Assignment4/ros2_ws/install/workshop/bin'
[1.980s] Level 1:colcon.colcon_core.environment:checking '/home/vardan/Introduction-to-Robotics/Assignment4/ros2_ws/install/workshop/lib/pkgconfig/workshop.pc'
[1.981s] Level 1:colcon.colcon_core.environment:checking '/home/vardan/Introduction-to-Robotics/Assignment4/ros2_ws/install/workshop/lib/python3.10/site-packages'
[1.981s] Level 1:colcon.colcon_core.shell:create_environment_hook('workshop', 'pythonpath')
[1.981s] INFO:colcon.colcon_core.shell:Creating environment hook '/home/vardan/Introduction-to-Robotics/Assignment4/ros2_ws/install/workshop/share/workshop/hook/pythonpath.ps1'
[1.981s] INFO:colcon.colcon_core.shell:Creating environment descriptor '/home/vardan/Introduction-to-Robotics/Assignment4/ros2_ws/install/workshop/share/workshop/hook/pythonpath.dsv'
[1.982s] INFO:colcon.colcon_core.shell:Creating environment hook '/home/vardan/Introduction-to-Robotics/Assignment4/ros2_ws/install/workshop/share/workshop/hook/pythonpath.sh'
[1.983s] Level 1:colcon.colcon_core.environment:checking '/home/vardan/Introduction-to-Robotics/Assignment4/ros2_ws/install/workshop/bin'
[1.983s] Level 1:colcon.colcon_core.environment:create_environment_scripts_only(workshop)
[1.984s] INFO:colcon.colcon_core.shell:Creating package script '/home/vardan/Introduction-to-Robotics/Assignment4/ros2_ws/install/workshop/share/workshop/package.ps1'
[1.985s] INFO:colcon.colcon_core.shell:Creating package descriptor '/home/vardan/Introduction-to-Robotics/Assignment4/ros2_ws/install/workshop/share/workshop/package.dsv'
[1.986s] INFO:colcon.colcon_core.shell:Creating package script '/home/vardan/Introduction-to-Robotics/Assignment4/ros2_ws/install/workshop/share/workshop/package.sh'
[1.987s] INFO:colcon.colcon_core.shell:Creating package script '/home/vardan/Introduction-to-Robotics/Assignment4/ros2_ws/install/workshop/share/workshop/package.bash'
[1.988s] INFO:colcon.colcon_core.shell:Creating package script '/home/vardan/Introduction-to-Robotics/Assignment4/ros2_ws/install/workshop/share/workshop/package.zsh'
[1.990s] Level 1:colcon.colcon_core.environment:create_file_with_runtime_dependencies(/home/vardan/Introduction-to-Robotics/Assignment4/ros2_ws/install/workshop/share/colcon-core/packages/workshop)
[1.990s] DEBUG:colcon.colcon_parallel_executor.executor.parallel:closing loop
[1.991s] DEBUG:colcon.colcon_parallel_executor.executor.parallel:loop closed
[1.992s] DEBUG:colcon.colcon_parallel_executor.executor.parallel:run_until_complete finished with '0'
[1.992s] DEBUG:colcon.colcon_core.event_reactor:joining thread
[2.044s] INFO:colcon.colcon_core.plugin_system:Skipping extension 'colcon_notification.desktop_notification.notify_send': Could not find 'notify-send'
[2.044s] INFO:colcon.colcon_core.plugin_system:Skipping extension 'colcon_notification.desktop_notification.terminal_notifier': Not used on non-Darwin systems
[2.044s] INFO:colcon.colcon_core.plugin_system:Skipping extension 'colcon_notification.desktop_notification.win32': Not used on non-Windows systems
[2.044s] INFO:colcon.colcon_notification.desktop_notification:Sending desktop notification using 'notify2'
[2.045s] DEBUG:colcon.colcon_notification.desktop_notification.notify2:Failed to initialize notify2: org.freedesktop.DBus.Error.FileNotFound: Failed to connect to socket /run/user/1000/bus: No such file or directory
[2.045s] DEBUG:colcon.colcon_core.event_reactor:joined thread
[2.045s] INFO:colcon.colcon_core.shell:Creating prefix script '/home/vardan/Introduction-to-Robotics/Assignment4/ros2_ws/install/local_setup.ps1'
[2.046s] INFO:colcon.colcon_core.shell:Creating prefix util module '/home/vardan/Introduction-to-Robotics/Assignment4/ros2_ws/install/_local_setup_util_ps1.py'
[2.048s] INFO:colcon.colcon_core.shell:Creating prefix chain script '/home/vardan/Introduction-to-Robotics/Assignment4/ros2_ws/install/setup.ps1'
[2.049s] INFO:colcon.colcon_core.shell:Creating prefix script '/home/vardan/Introduction-to-Robotics/Assignment4/ros2_ws/install/local_setup.sh'
[2.050s] INFO:colcon.colcon_core.shell:Creating prefix util module '/home/vardan/Introduction-to-Robotics/Assignment4/ros2_ws/install/_local_setup_util_sh.py'
[2.051s] INFO:colcon.colcon_core.shell:Creating prefix chain script '/home/vardan/Introduction-to-Robotics/Assignment4/ros2_ws/install/setup.sh'
[2.053s] INFO:colcon.colcon_core.shell:Creating prefix script '/home/vardan/Introduction-to-Robotics/Assignment4/ros2_ws/install/local_setup.bash'
[2.054s] INFO:colcon.colcon_core.shell:Creating prefix chain script '/home/vardan/Introduction-to-Robotics/Assignment4/ros2_ws/install/setup.bash'
[2.055s] INFO:colcon.colcon_core.shell:Creating prefix script '/home/vardan/Introduction-to-Robotics/Assignment4/ros2_ws/install/local_setup.zsh'
[2.058s] INFO:colcon.colcon_core.shell:Creating prefix chain script '/home/vardan/Introduction-to-Robotics/Assignment4/ros2_ws/install/setup.zsh'
