running develop
running egg_info
creating owl_sim.egg-info
writing owl_sim.egg-info/PKG-INFO
writing dependency_links to owl_sim.egg-info/dependency_links.txt
writing entry points to owl_sim.egg-info/entry_points.txt
writing requirements to owl_sim.egg-info/requires.txt
writing top-level names to owl_sim.egg-info/top_level.txt
writing manifest file 'owl_sim.egg-info/SOURCES.txt'
reading manifest file 'owl_sim.egg-info/SOURCES.txt'
writing manifest file 'owl_sim.egg-info/SOURCES.txt'
running build_ext
Creating /home/vardan/Introduction-to-Robotics/Module4/OWL_food/install/owl_sim/lib/python3.10/site-packages/owl-sim.egg-link (link to .)

Installed /home/vardan/Introduction-to-Robotics/Module4/OWL_food/build/owl_sim
running symlink_data
creating /home/vardan/Introduction-to-Robotics/Module4/OWL_food/install/owl_sim/share/ament_index
creating /home/vardan/Introduction-to-Robotics/Module4/OWL_food/install/owl_sim/share/ament_index/resource_index
creating /home/vardan/Introduction-to-Robotics/Module4/OWL_food/install/owl_sim/share/ament_index/resource_index/packages
symbolically linking /home/vardan/Introduction-to-Robotics/Module4/OWL_food/build/owl_sim/resource/owl_sim -> /home/vardan/Introduction-to-Robotics/Module4/OWL_food/install/owl_sim/share/ament_index/resource_index/packages
symbolically linking /home/vardan/Introduction-to-Robotics/Module4/OWL_food/build/owl_sim/package.xml -> /home/vardan/Introduction-to-Robotics/Module4/OWL_food/install/owl_sim/share/owl_sim
