[0.966s] Invoking command in '/home/vardan/Introduction-to-Robotics/Module4/OWL_food/build/owl_sim': PYTHONPATH=/home/vardan/Introduction-to-Robotics/Module4/OWL_food/build/owl_sim/prefix_override:/usr/lib/python3/dist-packages/colcon_core/task/python/colcon_distutils_commands:/home/vardan/Introduction-to-Robotics/Module4/OWL_food/install/owl_sim/lib/python3.10/site-packages:${PYTHONPATH} /usr/bin/python3 -W ignore:setup.py install is deprecated setup.py develop --editable --build-directory /home/vardan/Introduction-to-Robotics/Module4/OWL_food/build/owl_sim/build --no-deps symlink_data
[1.318s] running develop
[1.320s] /usr/lib/python3/dist-packages/setuptools/command/easy_install.py:158: EasyInstallDeprecationWarning: easy_install command is deprecated. Use build and pip and other standards-based tools.
[1.320s]   warnings.warn(
[1.556s] running egg_info
[1.556s] creating owl_sim.egg-info
[1.556s] writing owl_sim.egg-info/PKG-INFO
[1.557s] writing dependency_links to owl_sim.egg-info/dependency_links.txt
[1.557s] writing entry points to owl_sim.egg-info/entry_points.txt
[1.557s] writing requirements to owl_sim.egg-info/requires.txt
[1.557s] writing top-level names to owl_sim.egg-info/top_level.txt
[1.558s] writing manifest file 'owl_sim.egg-info/SOURCES.txt'
[1.560s] reading manifest file 'owl_sim.egg-info/SOURCES.txt'
[1.561s] writing manifest file 'owl_sim.egg-info/SOURCES.txt'
[1.564s] running build_ext
[1.564s] Creating /home/vardan/Introduction-to-Robotics/Module4/OWL_food/install/owl_sim/lib/python3.10/site-packages/owl-sim.egg-link (link to .)
[1.565s] 
[1.566s] Installed /home/vardan/Introduction-to-Robotics/Module4/OWL_food/build/owl_sim
[1.566s] running symlink_data
[1.566s] creating /home/vardan/Introduction-to-Robotics/Module4/OWL_food/install/owl_sim/share/ament_index
[1.567s] creating /home/vardan/Introduction-to-Robotics/Module4/OWL_food/install/owl_sim/share/ament_index/resource_index
[1.567s] creating /home/vardan/Introduction-to-Robotics/Module4/OWL_food/install/owl_sim/share/ament_index/resource_index/packages
[1.567s] symbolically linking /home/vardan/Introduction-to-Robotics/Module4/OWL_food/build/owl_sim/resource/owl_sim -> /home/vardan/Introduction-to-Robotics/Module4/OWL_food/install/owl_sim/share/ament_index/resource_index/packages
[1.568s] symbolically linking /home/vardan/Introduction-to-Robotics/Module4/OWL_food/build/owl_sim/package.xml -> /home/vardan/Introduction-to-Robotics/Module4/OWL_food/install/owl_sim/share/owl_sim
[1.603s] Invoked command in '/home/vardan/Introduction-to-Robotics/Module4/OWL_food/build/owl_sim' returned '0': PYTHONPATH=/home/vardan/Introduction-to-Robotics/Module4/OWL_food/build/owl_sim/prefix_override:/usr/lib/python3/dist-packages/colcon_core/task/python/colcon_distutils_commands:/home/vardan/Introduction-to-Robotics/Module4/OWL_food/install/owl_sim/lib/python3.10/site-packages:${PYTHONPATH} /usr/bin/python3 -W ignore:setup.py install is deprecated setup.py develop --editable --build-directory /home/vardan/Introduction-to-Robotics/Module4/OWL_food/build/owl_sim/build --no-deps symlink_data
