[1.111s] Invoking command in '/home/vardan/Introduction-to-Robotics/Assignment1/ros2_wk/build/manipulator_simulation': PYTHONPATH=/home/vardan/Introduction-to-Robotics/Assignment1/ros2_wk/build/manipulator_simulation/prefix_override:/home/vardan/Introduction-to-Robotics/Assignment1/ros2_wk/install/manipulator_simulation/lib/python3.10/site-packages:${PYTHONPATH} VIRTUAL_ENV_PROMPT=(.venv) /usr/bin/python3 -W ignore:setup.py install is deprecated setup.py develop --editable --build-directory /home/vardan/Introduction-to-Robotics/Assignment1/ros2_wk/build/manipulator_simulation/build --no-deps symlink_data
[1.655s] running develop
[1.657s] /usr/lib/python3/dist-packages/setuptools/command/easy_install.py:158: EasyInstallDeprecationWarning: easy_install command is deprecated. Use build and pip and other standards-based tools.
[1.657s]   warnings.warn(
[1.886s] running egg_info
[1.887s] writing manipulator_simulation.egg-info/PKG-INFO
[1.887s] writing dependency_links to manipulator_simulation.egg-info/dependency_links.txt
[1.887s] writing entry points to manipulator_simulation.egg-info/entry_points.txt
[1.888s] writing requirements to manipulator_simulation.egg-info/requires.txt
[1.888s] writing top-level names to manipulator_simulation.egg-info/top_level.txt
[1.891s] reading manifest file 'manipulator_simulation.egg-info/SOURCES.txt'
[1.893s] writing manifest file 'manipulator_simulation.egg-info/SOURCES.txt'
[1.895s] running build_ext
[1.895s] Creating /home/vardan/Introduction-to-Robotics/Assignment1/ros2_wk/install/manipulator_simulation/lib/python3.10/site-packages/manipulator-simulation.egg-link (link to .)
[1.898s] 
[1.898s] Installed /home/vardan/Introduction-to-Robotics/Assignment1/ros2_wk/build/manipulator_simulation
[1.898s] running symlink_data
[1.899s] creating /home/vardan/Introduction-to-Robotics/Assignment1/ros2_wk/install/manipulator_simulation/share/manipulator_simulation/world
[1.900s] symbolically linking /home/vardan/Introduction-to-Robotics/Assignment1/ros2_wk/build/manipulator_simulation/world/Gazebo_simulation.world -> /home/vardan/Introduction-to-Robotics/Assignment1/ros2_wk/install/manipulator_simulation/share/manipulator_simulation/world
[1.959s] Invoked command in '/home/vardan/Introduction-to-Robotics/Assignment1/ros2_wk/build/manipulator_simulation' returned '0': PYTHONPATH=/home/vardan/Introduction-to-Robotics/Assignment1/ros2_wk/build/manipulator_simulation/prefix_override:/home/vardan/Introduction-to-Robotics/Assignment1/ros2_wk/install/manipulator_simulation/lib/python3.10/site-packages:${PYTHONPATH} VIRTUAL_ENV_PROMPT=(.venv) /usr/bin/python3 -W ignore:setup.py install is deprecated setup.py develop --editable --build-directory /home/vardan/Introduction-to-Robotics/Assignment1/ros2_wk/build/manipulator_simulation/build --no-deps symlink_data
