[0.991s] Invoking command in '/home/vardan/Introduction-to-Robotics/Module2/ros2_ws/build/owl_robot': PYTHONPATH=/home/vardan/Introduction-to-Robotics/Module2/ros2_ws/build/owl_robot/prefix_override:/usr/lib/python3/dist-packages/colcon_core/task/python/colcon_distutils_commands:/home/vardan/Introduction-to-Robotics/Module2/ros2_ws/install/owl_robot/lib/python3.10/site-packages:${PYTHONPATH} /usr/bin/python3 -W ignore:setup.py install is deprecated setup.py develop --editable --build-directory /home/vardan/Introduction-to-Robotics/Module2/ros2_ws/build/owl_robot/build --no-deps symlink_data
[1.493s] running develop
[1.493s] /usr/lib/python3/dist-packages/setuptools/command/easy_install.py:158: EasyInstallDeprecationWarning: easy_install command is deprecated. Use build and pip and other standards-based tools.
[1.493s]   warnings.warn(
[1.727s] running egg_info
[1.727s] creating owl_robot.egg-info
[1.728s] writing owl_robot.egg-info/PKG-INFO
[1.728s] writing dependency_links to owl_robot.egg-info/dependency_links.txt
[1.729s] writing entry points to owl_robot.egg-info/entry_points.txt
[1.729s] writing requirements to owl_robot.egg-info/requires.txt
[1.729s] writing top-level names to owl_robot.egg-info/top_level.txt
[1.730s] writing manifest file 'owl_robot.egg-info/SOURCES.txt'
[1.732s] reading manifest file 'owl_robot.egg-info/SOURCES.txt'
[1.735s] writing manifest file 'owl_robot.egg-info/SOURCES.txt'
[1.739s] running build_ext
[1.740s] Creating /home/vardan/Introduction-to-Robotics/Module2/ros2_ws/install/owl_robot/lib/python3.10/site-packages/owl-robot.egg-link (link to .)
[1.741s] Installing EndEffectorPose script to /home/vardan/Introduction-to-Robotics/Module2/ros2_ws/install/owl_robot/lib/owl_robot
[1.742s] 
[1.742s] Installed /home/vardan/Introduction-to-Robotics/Module2/ros2_ws/build/owl_robot
[1.742s] running symlink_data
[1.742s] creating /home/vardan/Introduction-to-Robotics/Module2/ros2_ws/install/owl_robot/share/ament_index
[1.743s] creating /home/vardan/Introduction-to-Robotics/Module2/ros2_ws/install/owl_robot/share/ament_index/resource_index
[1.743s] creating /home/vardan/Introduction-to-Robotics/Module2/ros2_ws/install/owl_robot/share/ament_index/resource_index/packages
[1.744s] symbolically linking /home/vardan/Introduction-to-Robotics/Module2/ros2_ws/build/owl_robot/resource/owl_robot -> /home/vardan/Introduction-to-Robotics/Module2/ros2_ws/install/owl_robot/share/ament_index/resource_index/packages
[1.744s] symbolically linking /home/vardan/Introduction-to-Robotics/Module2/ros2_ws/build/owl_robot/package.xml -> /home/vardan/Introduction-to-Robotics/Module2/ros2_ws/install/owl_robot/share/owl_robot
[1.744s] creating /home/vardan/Introduction-to-Robotics/Module2/ros2_ws/install/owl_robot/share/owl_robot/urdf
[1.745s] symbolically linking /home/vardan/Introduction-to-Robotics/Module2/ros2_ws/build/owl_robot/urdf/robot.xacro -> /home/vardan/Introduction-to-Robotics/Module2/ros2_ws/install/owl_robot/share/owl_robot/urdf
[1.745s] symbolically linking /home/vardan/Introduction-to-Robotics/Module2/ros2_ws/build/owl_robot/urdf/robot_active.urdf -> /home/vardan/Introduction-to-Robotics/Module2/ros2_ws/install/owl_robot/share/owl_robot/urdf
[1.745s] symbolically linking /home/vardan/Introduction-to-Robotics/Module2/ros2_ws/build/owl_robot/urdf/robot.urdf -> /home/vardan/Introduction-to-Robotics/Module2/ros2_ws/install/owl_robot/share/owl_robot/urdf
[1.746s] creating /home/vardan/Introduction-to-Robotics/Module2/ros2_ws/install/owl_robot/share/owl_robot/meshes
[1.746s] symbolically linking /home/vardan/Introduction-to-Robotics/Module2/ros2_ws/build/owl_robot/meshes/base_link.STL -> /home/vardan/Introduction-to-Robotics/Module2/ros2_ws/install/owl_robot/share/owl_robot/meshes
[1.746s] symbolically linking /home/vardan/Introduction-to-Robotics/Module2/ros2_ws/build/owl_robot/meshes/link2.STL -> /home/vardan/Introduction-to-Robotics/Module2/ros2_ws/install/owl_robot/share/owl_robot/meshes
[1.747s] symbolically linking /home/vardan/Introduction-to-Robotics/Module2/ros2_ws/build/owl_robot/meshes/link1.STL -> /home/vardan/Introduction-to-Robotics/Module2/ros2_ws/install/owl_robot/share/owl_robot/meshes
[1.747s] symbolically linking /home/vardan/Introduction-to-Robotics/Module2/ros2_ws/build/owl_robot/meshes/w2w3_link.STL -> /home/vardan/Introduction-to-Robotics/Module2/ros2_ws/install/owl_robot/share/owl_robot/meshes
[1.747s] symbolically linking /home/vardan/Introduction-to-Robotics/Module2/ros2_ws/build/owl_robot/meshes/shoulder_link.STL -> /home/vardan/Introduction-to-Robotics/Module2/ros2_ws/install/owl_robot/share/owl_robot/meshes
[1.748s] symbolically linking /home/vardan/Introduction-to-Robotics/Module2/ros2_ws/build/owl_robot/meshes/end_effector_link.STL -> /home/vardan/Introduction-to-Robotics/Module2/ros2_ws/install/owl_robot/share/owl_robot/meshes
[1.748s] symbolically linking /home/vardan/Introduction-to-Robotics/Module2/ros2_ws/build/owl_robot/meshes/elbow_link.STL -> /home/vardan/Introduction-to-Robotics/Module2/ros2_ws/install/owl_robot/share/owl_robot/meshes
[1.749s] creating /home/vardan/Introduction-to-Robotics/Module2/ros2_ws/install/owl_robot/share/owl_robot/launch
[1.749s] symbolically linking /home/vardan/Introduction-to-Robotics/Module2/ros2_ws/build/owl_robot/launch/rviz.launch.py -> /home/vardan/Introduction-to-Robotics/Module2/ros2_ws/install/owl_robot/share/owl_robot/launch
[1.749s] symbolically linking /home/vardan/Introduction-to-Robotics/Module2/ros2_ws/build/owl_robot/launch/sim.launch.py -> /home/vardan/Introduction-to-Robotics/Module2/ros2_ws/install/owl_robot/share/owl_robot/launch
[1.790s] Invoked command in '/home/vardan/Introduction-to-Robotics/Module2/ros2_ws/build/owl_robot' returned '0': PYTHONPATH=/home/vardan/Introduction-to-Robotics/Module2/ros2_ws/build/owl_robot/prefix_override:/usr/lib/python3/dist-packages/colcon_core/task/python/colcon_distutils_commands:/home/vardan/Introduction-to-Robotics/Module2/ros2_ws/install/owl_robot/lib/python3.10/site-packages:${PYTHONPATH} /usr/bin/python3 -W ignore:setup.py install is deprecated setup.py develop --editable --build-directory /home/vardan/Introduction-to-Robotics/Module2/ros2_ws/build/owl_robot/build --no-deps symlink_data
