[1.136s] Invoking command in '/home/vardan/Introduction-to-Robotics/Assignment3/ros2_ws/build/owl_robot': PYTHONPATH=/home/vardan/Introduction-to-Robotics/Assignment3/ros2_ws/build/owl_robot/prefix_override:/usr/lib/python3/dist-packages/colcon_core/task/python/colcon_distutils_commands:/home/vardan/Introduction-to-Robotics/Assignment3/ros2_ws/install/owl_robot/lib/python3.10/site-packages:${PYTHONPATH} VIRTUAL_ENV_PROMPT=(.venv) /usr/bin/python3 -W ignore:setup.py install is deprecated setup.py develop --editable --build-directory /home/vardan/Introduction-to-Robotics/Assignment3/ros2_ws/build/owl_robot/build --no-deps symlink_data
[1.563s] running develop
[1.566s] /usr/lib/python3/dist-packages/setuptools/command/easy_install.py:158: EasyInstallDeprecationWarning: easy_install command is deprecated. Use build and pip and other standards-based tools.
[1.566s]   warnings.warn(
[1.766s] running egg_info
[1.766s] writing owl_robot.egg-info/PKG-INFO
[1.767s] writing dependency_links to owl_robot.egg-info/dependency_links.txt
[1.767s] writing entry points to owl_robot.egg-info/entry_points.txt
[1.767s] writing requirements to owl_robot.egg-info/requires.txt
[1.768s] writing top-level names to owl_robot.egg-info/top_level.txt
[1.771s] reading manifest file 'owl_robot.egg-info/SOURCES.txt'
[1.773s] writing manifest file 'owl_robot.egg-info/SOURCES.txt'
[1.775s] running build_ext
[1.776s] Creating /home/vardan/Introduction-to-Robotics/Assignment3/ros2_ws/install/owl_robot/lib/python3.10/site-packages/owl-robot.egg-link (link to .)
[1.778s] Installing EndEffectorPosition script to /home/vardan/Introduction-to-Robotics/Assignment3/ros2_ws/install/owl_robot/lib/owl_robot
[1.778s] 
[1.779s] Installed /home/vardan/Introduction-to-Robotics/Assignment3/ros2_ws/build/owl_robot
[1.779s] running symlink_data
[1.780s] creating /home/vardan/Introduction-to-Robotics/Assignment3/ros2_ws/install/owl_robot/share/owl_robot/owl_robot
[1.780s] symbolically linking /home/vardan/Introduction-to-Robotics/Assignment3/ros2_ws/build/owl_robot/owl_robot/EndEffectorPosition.py -> /home/vardan/Introduction-to-Robotics/Assignment3/ros2_ws/install/owl_robot/share/owl_robot/owl_robot
[1.781s] symbolically linking /home/vardan/Introduction-to-Robotics/Assignment3/ros2_ws/build/owl_robot/owl_robot/__init__.py -> /home/vardan/Introduction-to-Robotics/Assignment3/ros2_ws/install/owl_robot/share/owl_robot/owl_robot
[1.837s] Invoked command in '/home/vardan/Introduction-to-Robotics/Assignment3/ros2_ws/build/owl_robot' returned '0': PYTHONPATH=/home/vardan/Introduction-to-Robotics/Assignment3/ros2_ws/build/owl_robot/prefix_override:/usr/lib/python3/dist-packages/colcon_core/task/python/colcon_distutils_commands:/home/vardan/Introduction-to-Robotics/Assignment3/ros2_ws/install/owl_robot/lib/python3.10/site-packages:${PYTHONPATH} VIRTUAL_ENV_PROMPT=(.venv) /usr/bin/python3 -W ignore:setup.py install is deprecated setup.py develop --editable --build-directory /home/vardan/Introduction-to-Robotics/Assignment3/ros2_ws/build/owl_robot/build --no-deps symlink_data
