running develop
/usr/lib/python3/dist-packages/setuptools/command/easy_install.py:158: EasyInstallDeprecationWarning: easy_install command is deprecated. Use build and pip and other standards-based tools.
  warnings.warn(
running egg_info
creating manipulator_simulation.egg-info
writing manipulator_simulation.egg-info/PKG-INFO
writing dependency_links to manipulator_simulation.egg-info/dependency_links.txt
writing entry points to manipulator_simulation.egg-info/entry_points.txt
writing requirements to manipulator_simulation.egg-info/requires.txt
writing top-level names to manipulator_simulation.egg-info/top_level.txt
writing manifest file 'manipulator_simulation.egg-info/SOURCES.txt'
reading manifest file 'manipulator_simulation.egg-info/SOURCES.txt'
writing manifest file 'manipulator_simulation.egg-info/SOURCES.txt'
running build_ext
Creating /home/vardan/Introduction-to-Robotics/Assignment 1/ros2_wk/install/manipulator_simulation/lib/python3.10/site-packages/manipulator-simulation.egg-link (link to .)

Installed /home/vardan/Introduction-to-Robotics/Assignment 1/ros2_wk/build/manipulator_simulation
running symlink_data
creating /home/vardan/Introduction-to-Robotics/Assignment 1/ros2_wk/install/manipulator_simulation/share/ament_index
creating /home/vardan/Introduction-to-Robotics/Assignment 1/ros2_wk/install/manipulator_simulation/share/ament_index/resource_index
creating /home/vardan/Introduction-to-Robotics/Assignment 1/ros2_wk/install/manipulator_simulation/share/ament_index/resource_index/packages
error: can't copy '/home/vardan/Introduction-to-Robotics/Assignment 1/ros2_wk/build/manipulator_simulation/resource/manipulator_simulation': doesn't exist or not a regular file
