[0.827s] Invoking command in '/home/vardan/Introduction-to-Robotics/Assignment 1/ros2_wk/build/manipulator_simulation': PYTHONPATH=/home/vardan/Introduction-to-Robotics/Assignment 1/ros2_wk/build/manipulator_simulation/prefix_override:/home/vardan/Introduction-to-Robotics/Assignment 1/ros2_wk/install/manipulator_simulation/lib/python3.10/site-packages:${PYTHONPATH} VIRTUAL_ENV_PROMPT=(.venv) /usr/bin/python3 -W ignore:setup.py install is deprecated setup.py develop --editable --build-directory /home/vardan/Introduction-to-Robotics/Assignment 1/ros2_wk/build/manipulator_simulation/build --no-deps symlink_data
[1.158s] running develop
[1.158s] /usr/lib/python3/dist-packages/setuptools/command/easy_install.py:158: EasyInstallDeprecationWarning: easy_install command is deprecated. Use build and pip and other standards-based tools.
[1.158s]   warnings.warn(
[1.374s] running egg_info
[1.374s] creating manipulator_simulation.egg-info
[1.375s] writing manipulator_simulation.egg-info/PKG-INFO
[1.375s] writing dependency_links to manipulator_simulation.egg-info/dependency_links.txt
[1.376s] writing entry points to manipulator_simulation.egg-info/entry_points.txt
[1.376s] writing requirements to manipulator_simulation.egg-info/requires.txt
[1.376s] writing top-level names to manipulator_simulation.egg-info/top_level.txt
[1.376s] writing manifest file 'manipulator_simulation.egg-info/SOURCES.txt'
[1.379s] reading manifest file 'manipulator_simulation.egg-info/SOURCES.txt'
[1.380s] writing manifest file 'manipulator_simulation.egg-info/SOURCES.txt'
[1.382s] running build_ext
[1.383s] Creating /home/vardan/Introduction-to-Robotics/Assignment 1/ros2_wk/install/manipulator_simulation/lib/python3.10/site-packages/manipulator-simulation.egg-link (link to .)
[1.384s] 
[1.384s] Installed /home/vardan/Introduction-to-Robotics/Assignment 1/ros2_wk/build/manipulator_simulation
[1.384s] running symlink_data
[1.385s] creating /home/vardan/Introduction-to-Robotics/Assignment 1/ros2_wk/install/manipulator_simulation/share/ament_index
[1.385s] creating /home/vardan/Introduction-to-Robotics/Assignment 1/ros2_wk/install/manipulator_simulation/share/ament_index/resource_index
[1.385s] creating /home/vardan/Introduction-to-Robotics/Assignment 1/ros2_wk/install/manipulator_simulation/share/ament_index/resource_index/packages
[1.386s] error: can't copy '/home/vardan/Introduction-to-Robotics/Assignment 1/ros2_wk/build/manipulator_simulation/resource/manipulator_simulation': doesn't exist or not a regular file
[1.427s] Invoked command in '/home/vardan/Introduction-to-Robotics/Assignment 1/ros2_wk/build/manipulator_simulation' returned '1': PYTHONPATH=/home/vardan/Introduction-to-Robotics/Assignment 1/ros2_wk/build/manipulator_simulation/prefix_override:/home/vardan/Introduction-to-Robotics/Assignment 1/ros2_wk/install/manipulator_simulation/lib/python3.10/site-packages:${PYTHONPATH} VIRTUAL_ENV_PROMPT=(.venv) /usr/bin/python3 -W ignore:setup.py install is deprecated setup.py develop --editable --build-directory /home/vardan/Introduction-to-Robotics/Assignment 1/ros2_wk/build/manipulator_simulation/build --no-deps symlink_data
