[0.112s] Invoking command in '/home/vardan/Introduction-to-Robotics/Module2/ros2_ws/build/moveit_pkgs': AMENT_PREFIX_PATH=/home/vardan/Introduction-to-Robotics/Module2/ros2_ws/install/owl_robot:/home/vardan/RAKSH-Autonomous-Pesticide-Spraying-Robot/ros2_ws/install/raksh_description:/home/vardan/RAKSH-Autonomous-Pesticide-Spraying-Robot/ros2_ws/install/disease_detection:/home/vardan/Introduction-to-Robotics/Module1/ros2_wk/install/manipulator_simulation:/opt/ros/humble CMAKE_PREFIX_PATH=/home/vardan/RAKSH-Autonomous-Pesticide-Spraying-Robot/ros2_ws/install/raksh_description:/home/vardan/RAKSH-Autonomous-Pesticide-Spraying-Robot/ros2_ws/install/disease_detection:/home/vardan/Introduction-to-Robotics/Module1/ros2_wk/install/manipulator_simulation:/home/vardan/Introduction-to-Robotics/Module2/ros2_ws/install/owl_robot:/opt/ros/humble PYTHONPATH=/home/vardan/Introduction-to-Robotics/Module2/ros2_ws/build/owl_robot:/home/vardan/Introduction-to-Robotics/Module2/ros2_ws/install/owl_robot/lib/python3.10/site-packages:/home/vardan/RAKSH-Autonomous-Pesticide-Spraying-Robot/ros2_ws/build/raksh_description:/home/vardan/RAKSH-Autonomous-Pesticide-Spraying-Robot/ros2_ws/install/raksh_description/lib/python3.10/site-packages:/home/vardan/RAKSH-Autonomous-Pesticide-Spraying-Robot/ros2_ws/build/disease_detection:/home/vardan/RAKSH-Autonomous-Pesticide-Spraying-Robot/ros2_ws/install/disease_detection/lib/python3.10/site-packages:/home/vardan/Introduction-to-Robotics/Assignment1/ros2_wk/build/manipulator_simulation:/home/vardan/Introduction-to-Robotics/Module1/ros2_wk/install/manipulator_simulation/lib/python3.10/site-packages:/home/vardan/Introduction-to-Robotics/Assignment3/ros2_ws/build/owl_robot:/opt/ros/humble/lib/python3.10/site-packages:/opt/ros/humble/local/lib/python3.10/dist-packages /usr/bin/cmake /home/vardan/Introduction-to-Robotics/Module2/ros2_ws/src/moveit_pkgs -DAMENT_CMAKE_SYMLINK_INSTALL=1 -DCMAKE_INSTALL_PREFIX=/home/vardan/Introduction-to-Robotics/Module2/ros2_ws/install/moveit_pkgs
[0.584s] -- The C compiler identification is GNU 11.4.0
[1.266s] -- The CXX compiler identification is GNU 11.4.0
[1.450s] -- Detecting C compiler ABI info
[1.603s] -- Detecting C compiler ABI info - done
[1.612s] -- Check for working C compiler: /usr/bin/cc - skipped
[1.613s] -- Detecting C compile features
[1.615s] -- Detecting C compile features - done
[1.620s] -- Detecting CXX compiler ABI info
[1.802s] -- Detecting CXX compiler ABI info - done
[1.831s] -- Check for working CXX compiler: /usr/bin/c++ - skipped
[1.832s] -- Detecting CXX compile features
[1.833s] -- Detecting CXX compile features - done
[1.899s] -- Found ament_cmake: 1.3.10 (/opt/ros/humble/share/ament_cmake/cmake)
[2.120s] -- Found Python3: /usr/bin/python3 (found version "3.10.12") found components: Interpreter 
[2.225s] -- Override CMake install command with custom implementation using symlinks instead of copying resources
[2.399s] -- Configuring done
[2.404s] -- Generating done
[2.405s] -- Build files have been written to: /home/vardan/Introduction-to-Robotics/Module2/ros2_ws/build/moveit_pkgs
[2.415s] Invoked command in '/home/vardan/Introduction-to-Robotics/Module2/ros2_ws/build/moveit_pkgs' returned '0': AMENT_PREFIX_PATH=/home/vardan/Introduction-to-Robotics/Module2/ros2_ws/install/owl_robot:/home/vardan/RAKSH-Autonomous-Pesticide-Spraying-Robot/ros2_ws/install/raksh_description:/home/vardan/RAKSH-Autonomous-Pesticide-Spraying-Robot/ros2_ws/install/disease_detection:/home/vardan/Introduction-to-Robotics/Module1/ros2_wk/install/manipulator_simulation:/opt/ros/humble CMAKE_PREFIX_PATH=/home/vardan/RAKSH-Autonomous-Pesticide-Spraying-Robot/ros2_ws/install/raksh_description:/home/vardan/RAKSH-Autonomous-Pesticide-Spraying-Robot/ros2_ws/install/disease_detection:/home/vardan/Introduction-to-Robotics/Module1/ros2_wk/install/manipulator_simulation:/home/vardan/Introduction-to-Robotics/Module2/ros2_ws/install/owl_robot:/opt/ros/humble PYTHONPATH=/home/vardan/Introduction-to-Robotics/Module2/ros2_ws/build/owl_robot:/home/vardan/Introduction-to-Robotics/Module2/ros2_ws/install/owl_robot/lib/python3.10/site-packages:/home/vardan/RAKSH-Autonomous-Pesticide-Spraying-Robot/ros2_ws/build/raksh_description:/home/vardan/RAKSH-Autonomous-Pesticide-Spraying-Robot/ros2_ws/install/raksh_description/lib/python3.10/site-packages:/home/vardan/RAKSH-Autonomous-Pesticide-Spraying-Robot/ros2_ws/build/disease_detection:/home/vardan/RAKSH-Autonomous-Pesticide-Spraying-Robot/ros2_ws/install/disease_detection/lib/python3.10/site-packages:/home/vardan/Introduction-to-Robotics/Assignment1/ros2_wk/build/manipulator_simulation:/home/vardan/Introduction-to-Robotics/Module1/ros2_wk/install/manipulator_simulation/lib/python3.10/site-packages:/home/vardan/Introduction-to-Robotics/Assignment3/ros2_ws/build/owl_robot:/opt/ros/humble/lib/python3.10/site-packages:/opt/ros/humble/local/lib/python3.10/dist-packages /usr/bin/cmake /home/vardan/Introduction-to-Robotics/Module2/ros2_ws/src/moveit_pkgs -DAMENT_CMAKE_SYMLINK_INSTALL=1 -DCMAKE_INSTALL_PREFIX=/home/vardan/Introduction-to-Robotics/Module2/ros2_ws/install/moveit_pkgs
[2.417s] Invoking command in '/home/vardan/Introduction-to-Robotics/Module2/ros2_ws/build/moveit_pkgs': AMENT_PREFIX_PATH=/home/vardan/Introduction-to-Robotics/Module2/ros2_ws/install/owl_robot:/home/vardan/RAKSH-Autonomous-Pesticide-Spraying-Robot/ros2_ws/install/raksh_description:/home/vardan/RAKSH-Autonomous-Pesticide-Spraying-Robot/ros2_ws/install/disease_detection:/home/vardan/Introduction-to-Robotics/Module1/ros2_wk/install/manipulator_simulation:/opt/ros/humble CMAKE_PREFIX_PATH=/home/vardan/RAKSH-Autonomous-Pesticide-Spraying-Robot/ros2_ws/install/raksh_description:/home/vardan/RAKSH-Autonomous-Pesticide-Spraying-Robot/ros2_ws/install/disease_detection:/home/vardan/Introduction-to-Robotics/Module1/ros2_wk/install/manipulator_simulation:/home/vardan/Introduction-to-Robotics/Module2/ros2_ws/install/owl_robot:/opt/ros/humble PYTHONPATH=/home/vardan/Introduction-to-Robotics/Module2/ros2_ws/build/owl_robot:/home/vardan/Introduction-to-Robotics/Module2/ros2_ws/install/owl_robot/lib/python3.10/site-packages:/home/vardan/RAKSH-Autonomous-Pesticide-Spraying-Robot/ros2_ws/build/raksh_description:/home/vardan/RAKSH-Autonomous-Pesticide-Spraying-Robot/ros2_ws/install/raksh_description/lib/python3.10/site-packages:/home/vardan/RAKSH-Autonomous-Pesticide-Spraying-Robot/ros2_ws/build/disease_detection:/home/vardan/RAKSH-Autonomous-Pesticide-Spraying-Robot/ros2_ws/install/disease_detection/lib/python3.10/site-packages:/home/vardan/Introduction-to-Robotics/Assignment1/ros2_wk/build/manipulator_simulation:/home/vardan/Introduction-to-Robotics/Module1/ros2_wk/install/manipulator_simulation/lib/python3.10/site-packages:/home/vardan/Introduction-to-Robotics/Assignment3/ros2_ws/build/owl_robot:/opt/ros/humble/lib/python3.10/site-packages:/opt/ros/humble/local/lib/python3.10/dist-packages /usr/bin/cmake --build /home/vardan/Introduction-to-Robotics/Module2/ros2_ws/build/moveit_pkgs -- -j4 -l4
[2.462s] Invoked command in '/home/vardan/Introduction-to-Robotics/Module2/ros2_ws/build/moveit_pkgs' returned '0': AMENT_PREFIX_PATH=/home/vardan/Introduction-to-Robotics/Module2/ros2_ws/install/owl_robot:/home/vardan/RAKSH-Autonomous-Pesticide-Spraying-Robot/ros2_ws/install/raksh_description:/home/vardan/RAKSH-Autonomous-Pesticide-Spraying-Robot/ros2_ws/install/disease_detection:/home/vardan/Introduction-to-Robotics/Module1/ros2_wk/install/manipulator_simulation:/opt/ros/humble CMAKE_PREFIX_PATH=/home/vardan/RAKSH-Autonomous-Pesticide-Spraying-Robot/ros2_ws/install/raksh_description:/home/vardan/RAKSH-Autonomous-Pesticide-Spraying-Robot/ros2_ws/install/disease_detection:/home/vardan/Introduction-to-Robotics/Module1/ros2_wk/install/manipulator_simulation:/home/vardan/Introduction-to-Robotics/Module2/ros2_ws/install/owl_robot:/opt/ros/humble PYTHONPATH=/home/vardan/Introduction-to-Robotics/Module2/ros2_ws/build/owl_robot:/home/vardan/Introduction-to-Robotics/Module2/ros2_ws/install/owl_robot/lib/python3.10/site-packages:/home/vardan/RAKSH-Autonomous-Pesticide-Spraying-Robot/ros2_ws/build/raksh_description:/home/vardan/RAKSH-Autonomous-Pesticide-Spraying-Robot/ros2_ws/install/raksh_description/lib/python3.10/site-packages:/home/vardan/RAKSH-Autonomous-Pesticide-Spraying-Robot/ros2_ws/build/disease_detection:/home/vardan/RAKSH-Autonomous-Pesticide-Spraying-Robot/ros2_ws/install/disease_detection/lib/python3.10/site-packages:/home/vardan/Introduction-to-Robotics/Assignment1/ros2_wk/build/manipulator_simulation:/home/vardan/Introduction-to-Robotics/Module1/ros2_wk/install/manipulator_simulation/lib/python3.10/site-packages:/home/vardan/Introduction-to-Robotics/Assignment3/ros2_ws/build/owl_robot:/opt/ros/humble/lib/python3.10/site-packages:/opt/ros/humble/local/lib/python3.10/dist-packages /usr/bin/cmake --build /home/vardan/Introduction-to-Robotics/Module2/ros2_ws/build/moveit_pkgs -- -j4 -l4
[2.581s] Invoking command in '/home/vardan/Introduction-to-Robotics/Module2/ros2_ws/build/moveit_pkgs': AMENT_PREFIX_PATH=/home/vardan/Introduction-to-Robotics/Module2/ros2_ws/install/owl_robot:/home/vardan/RAKSH-Autonomous-Pesticide-Spraying-Robot/ros2_ws/install/raksh_description:/home/vardan/RAKSH-Autonomous-Pesticide-Spraying-Robot/ros2_ws/install/disease_detection:/home/vardan/Introduction-to-Robotics/Module1/ros2_wk/install/manipulator_simulation:/opt/ros/humble CMAKE_PREFIX_PATH=/home/vardan/RAKSH-Autonomous-Pesticide-Spraying-Robot/ros2_ws/install/raksh_description:/home/vardan/RAKSH-Autonomous-Pesticide-Spraying-Robot/ros2_ws/install/disease_detection:/home/vardan/Introduction-to-Robotics/Module1/ros2_wk/install/manipulator_simulation:/home/vardan/Introduction-to-Robotics/Module2/ros2_ws/install/owl_robot:/opt/ros/humble PYTHONPATH=/home/vardan/Introduction-to-Robotics/Module2/ros2_ws/build/owl_robot:/home/vardan/Introduction-to-Robotics/Module2/ros2_ws/install/owl_robot/lib/python3.10/site-packages:/home/vardan/RAKSH-Autonomous-Pesticide-Spraying-Robot/ros2_ws/build/raksh_description:/home/vardan/RAKSH-Autonomous-Pesticide-Spraying-Robot/ros2_ws/install/raksh_description/lib/python3.10/site-packages:/home/vardan/RAKSH-Autonomous-Pesticide-Spraying-Robot/ros2_ws/build/disease_detection:/home/vardan/RAKSH-Autonomous-Pesticide-Spraying-Robot/ros2_ws/install/disease_detection/lib/python3.10/site-packages:/home/vardan/Introduction-to-Robotics/Assignment1/ros2_wk/build/manipulator_simulation:/home/vardan/Introduction-to-Robotics/Module1/ros2_wk/install/manipulator_simulation/lib/python3.10/site-packages:/home/vardan/Introduction-to-Robotics/Assignment3/ros2_ws/build/owl_robot:/opt/ros/humble/lib/python3.10/site-packages:/opt/ros/humble/local/lib/python3.10/dist-packages /usr/bin/cmake --install /home/vardan/Introduction-to-Robotics/Module2/ros2_ws/build/moveit_pkgs
[2.588s] -- Install configuration: ""
[2.589s] -- Execute custom install script
[2.594s] -- Symlinking: /home/vardan/Introduction-to-Robotics/Module2/ros2_ws/install/moveit_pkgs/share/ament_index/resource_index/package_run_dependencies/moveit_pkgs
[2.608s] -- Symlinking: /home/vardan/Introduction-to-Robotics/Module2/ros2_ws/install/moveit_pkgs/share/ament_index/resource_index/parent_prefix_path/moveit_pkgs
[2.618s] -- Symlinking: /home/vardan/Introduction-to-Robotics/Module2/ros2_ws/install/moveit_pkgs/share/moveit_pkgs/environment/ament_prefix_path.sh
[2.627s] -- Symlinking: /home/vardan/Introduction-to-Robotics/Module2/ros2_ws/install/moveit_pkgs/share/moveit_pkgs/environment/ament_prefix_path.dsv
[2.636s] -- Symlinking: /home/vardan/Introduction-to-Robotics/Module2/ros2_ws/install/moveit_pkgs/share/moveit_pkgs/environment/path.sh
[2.647s] -- Symlinking: /home/vardan/Introduction-to-Robotics/Module2/ros2_ws/install/moveit_pkgs/share/moveit_pkgs/environment/path.dsv
[2.656s] -- Symlinking: /home/vardan/Introduction-to-Robotics/Module2/ros2_ws/install/moveit_pkgs/share/moveit_pkgs/local_setup.bash
[2.665s] -- Symlinking: /home/vardan/Introduction-to-Robotics/Module2/ros2_ws/install/moveit_pkgs/share/moveit_pkgs/local_setup.sh
[2.675s] -- Symlinking: /home/vardan/Introduction-to-Robotics/Module2/ros2_ws/install/moveit_pkgs/share/moveit_pkgs/local_setup.zsh
[2.686s] -- Symlinking: /home/vardan/Introduction-to-Robotics/Module2/ros2_ws/install/moveit_pkgs/share/moveit_pkgs/local_setup.dsv
[2.698s] -- Symlinking: /home/vardan/Introduction-to-Robotics/Module2/ros2_ws/install/moveit_pkgs/share/moveit_pkgs/package.dsv
[2.709s] -- Symlinking: /home/vardan/Introduction-to-Robotics/Module2/ros2_ws/install/moveit_pkgs/share/ament_index/resource_index/packages/moveit_pkgs
[2.719s] -- Symlinking: /home/vardan/Introduction-to-Robotics/Module2/ros2_ws/install/moveit_pkgs/share/moveit_pkgs/cmake/moveit_pkgsConfig.cmake
[2.728s] -- Symlinking: /home/vardan/Introduction-to-Robotics/Module2/ros2_ws/install/moveit_pkgs/share/moveit_pkgs/cmake/moveit_pkgsConfig-version.cmake
[2.738s] -- Symlinking: /home/vardan/Introduction-to-Robotics/Module2/ros2_ws/install/moveit_pkgs/share/moveit_pkgs/package.xml
[2.750s] -- Symlinking: /home/vardan/Introduction-to-Robotics/Module2/ros2_ws/install/moveit_pkgs/share/moveit_pkgs/launch/demo.launch.py
[2.764s] -- Symlinking: /home/vardan/Introduction-to-Robotics/Module2/ros2_ws/install/moveit_pkgs/share/moveit_pkgs/launch/move_group.launch.py
[2.780s] -- Symlinking: /home/vardan/Introduction-to-Robotics/Module2/ros2_ws/install/moveit_pkgs/share/moveit_pkgs/launch/moveit_rviz.launch.py
[2.797s] -- Symlinking: /home/vardan/Introduction-to-Robotics/Module2/ros2_ws/install/moveit_pkgs/share/moveit_pkgs/launch/rsp.launch.py
[2.812s] -- Symlinking: /home/vardan/Introduction-to-Robotics/Module2/ros2_ws/install/moveit_pkgs/share/moveit_pkgs/launch/setup_assistant.launch.py
[2.825s] -- Symlinking: /home/vardan/Introduction-to-Robotics/Module2/ros2_ws/install/moveit_pkgs/share/moveit_pkgs/launch/spawn_controllers.launch.py
[2.839s] -- Symlinking: /home/vardan/Introduction-to-Robotics/Module2/ros2_ws/install/moveit_pkgs/share/moveit_pkgs/launch/static_virtual_joint_tfs.launch.py
[2.848s] -- Symlinking: /home/vardan/Introduction-to-Robotics/Module2/ros2_ws/install/moveit_pkgs/share/moveit_pkgs/launch/warehouse_db.launch.py
[2.859s] -- Symlinking: /home/vardan/Introduction-to-Robotics/Module2/ros2_ws/install/moveit_pkgs/share/moveit_pkgs/config/initial_positions.yaml
[2.871s] -- Symlinking: /home/vardan/Introduction-to-Robotics/Module2/ros2_ws/install/moveit_pkgs/share/moveit_pkgs/config/joint_limits.yaml
[2.883s] -- Symlinking: /home/vardan/Introduction-to-Robotics/Module2/ros2_ws/install/moveit_pkgs/share/moveit_pkgs/config/kinematics.yaml
[2.896s] -- Symlinking: /home/vardan/Introduction-to-Robotics/Module2/ros2_ws/install/moveit_pkgs/share/moveit_pkgs/config/moveit.rviz
[2.906s] -- Symlinking: /home/vardan/Introduction-to-Robotics/Module2/ros2_ws/install/moveit_pkgs/share/moveit_pkgs/config/moveit_controllers.yaml
[2.916s] -- Symlinking: /home/vardan/Introduction-to-Robotics/Module2/ros2_ws/install/moveit_pkgs/share/moveit_pkgs/config/owl_robot.ros2_control.xacro
[2.925s] -- Symlinking: /home/vardan/Introduction-to-Robotics/Module2/ros2_ws/install/moveit_pkgs/share/moveit_pkgs/config/owl_robot.srdf
[2.936s] -- Symlinking: /home/vardan/Introduction-to-Robotics/Module2/ros2_ws/install/moveit_pkgs/share/moveit_pkgs/config/owl_robot.urdf.xacro
[2.945s] -- Symlinking: /home/vardan/Introduction-to-Robotics/Module2/ros2_ws/install/moveit_pkgs/share/moveit_pkgs/config/pilz_cartesian_limits.yaml
[2.954s] -- Symlinking: /home/vardan/Introduction-to-Robotics/Module2/ros2_ws/install/moveit_pkgs/share/moveit_pkgs/config/ros2_controllers.yaml
[2.964s] -- Symlinking: /home/vardan/Introduction-to-Robotics/Module2/ros2_ws/install/moveit_pkgs/share/moveit_pkgs/.setup_assistant
[2.979s] Invoked command in '/home/vardan/Introduction-to-Robotics/Module2/ros2_ws/build/moveit_pkgs' returned '0': AMENT_PREFIX_PATH=/home/vardan/Introduction-to-Robotics/Module2/ros2_ws/install/owl_robot:/home/vardan/RAKSH-Autonomous-Pesticide-Spraying-Robot/ros2_ws/install/raksh_description:/home/vardan/RAKSH-Autonomous-Pesticide-Spraying-Robot/ros2_ws/install/disease_detection:/home/vardan/Introduction-to-Robotics/Module1/ros2_wk/install/manipulator_simulation:/opt/ros/humble CMAKE_PREFIX_PATH=/home/vardan/RAKSH-Autonomous-Pesticide-Spraying-Robot/ros2_ws/install/raksh_description:/home/vardan/RAKSH-Autonomous-Pesticide-Spraying-Robot/ros2_ws/install/disease_detection:/home/vardan/Introduction-to-Robotics/Module1/ros2_wk/install/manipulator_simulation:/home/vardan/Introduction-to-Robotics/Module2/ros2_ws/install/owl_robot:/opt/ros/humble PYTHONPATH=/home/vardan/Introduction-to-Robotics/Module2/ros2_ws/build/owl_robot:/home/vardan/Introduction-to-Robotics/Module2/ros2_ws/install/owl_robot/lib/python3.10/site-packages:/home/vardan/RAKSH-Autonomous-Pesticide-Spraying-Robot/ros2_ws/build/raksh_description:/home/vardan/RAKSH-Autonomous-Pesticide-Spraying-Robot/ros2_ws/install/raksh_description/lib/python3.10/site-packages:/home/vardan/RAKSH-Autonomous-Pesticide-Spraying-Robot/ros2_ws/build/disease_detection:/home/vardan/RAKSH-Autonomous-Pesticide-Spraying-Robot/ros2_ws/install/disease_detection/lib/python3.10/site-packages:/home/vardan/Introduction-to-Robotics/Assignment1/ros2_wk/build/manipulator_simulation:/home/vardan/Introduction-to-Robotics/Module1/ros2_wk/install/manipulator_simulation/lib/python3.10/site-packages:/home/vardan/Introduction-to-Robotics/Assignment3/ros2_ws/build/owl_robot:/opt/ros/humble/lib/python3.10/site-packages:/opt/ros/humble/local/lib/python3.10/dist-packages /usr/bin/cmake --install /home/vardan/Introduction-to-Robotics/Module2/ros2_ws/build/moveit_pkgs
