[1.165s] Invoking command in '/home/vardan/Introduction-to-Robotics/Assignment3/ros2_ws/build/owl_robot': PYTHONPATH=/home/vardan/Introduction-to-Robotics/Assignment3/ros2_ws/build/owl_robot/prefix_override:/home/vardan/Introduction-to-Robotics/Assignment3/ros2_ws/install/owl_robot/lib/python3.10/site-packages:${PYTHONPATH} VIRTUAL_ENV_PROMPT=(.venv) /usr/bin/python3 -W ignore:setup.py install is deprecated setup.py develop --editable --build-directory /home/vardan/Introduction-to-Robotics/Assignment3/ros2_ws/build/owl_robot/build --no-deps symlink_data
[1.689s] running develop
[1.690s] /usr/lib/python3/dist-packages/setuptools/command/easy_install.py:158: EasyInstallDeprecationWarning: easy_install command is deprecated. Use build and pip and other standards-based tools.
[1.690s]   warnings.warn(
[2.002s] running egg_info
[2.002s] creating owl_robot.egg-info
[2.003s] writing owl_robot.egg-info/PKG-INFO
[2.004s] writing dependency_links to owl_robot.egg-info/dependency_links.txt
[2.004s] writing entry points to owl_robot.egg-info/entry_points.txt
[2.004s] writing requirements to owl_robot.egg-info/requires.txt
[2.005s] writing top-level names to owl_robot.egg-info/top_level.txt
[2.005s] writing manifest file 'owl_robot.egg-info/SOURCES.txt'
[2.010s] reading manifest file 'owl_robot.egg-info/SOURCES.txt'
[2.020s] writing manifest file 'owl_robot.egg-info/SOURCES.txt'
[2.020s] running build_ext
[2.021s] Creating /home/vardan/Introduction-to-Robotics/Assignment3/ros2_ws/install/owl_robot/lib/python3.10/site-packages/owl-robot.egg-link (link to .)
[2.021s] 
[2.021s] Installed /home/vardan/Introduction-to-Robotics/Assignment3/ros2_ws/build/owl_robot
[2.022s] running symlink_data
[2.022s] creating /home/vardan/Introduction-to-Robotics/Assignment3/ros2_ws/install/owl_robot/share/ament_index
[2.022s] creating /home/vardan/Introduction-to-Robotics/Assignment3/ros2_ws/install/owl_robot/share/ament_index/resource_index
[2.023s] creating /home/vardan/Introduction-to-Robotics/Assignment3/ros2_ws/install/owl_robot/share/ament_index/resource_index/packages
[2.024s] symbolically linking /home/vardan/Introduction-to-Robotics/Assignment3/ros2_ws/build/owl_robot/resource/owl_robot -> /home/vardan/Introduction-to-Robotics/Assignment3/ros2_ws/install/owl_robot/share/ament_index/resource_index/packages
[2.026s] symbolically linking /home/vardan/Introduction-to-Robotics/Assignment3/ros2_ws/build/owl_robot/package.xml -> /home/vardan/Introduction-to-Robotics/Assignment3/ros2_ws/install/owl_robot/share/owl_robot
[2.026s] creating /home/vardan/Introduction-to-Robotics/Assignment3/ros2_ws/install/owl_robot/share/owl_robot/urdf
[2.029s] symbolically linking /home/vardan/Introduction-to-Robotics/Assignment3/ros2_ws/build/owl_robot/urdf/robot.xacro -> /home/vardan/Introduction-to-Robotics/Assignment3/ros2_ws/install/owl_robot/share/owl_robot/urdf
[2.031s] symbolically linking /home/vardan/Introduction-to-Robotics/Assignment3/ros2_ws/build/owl_robot/urdf/robot.urdf -> /home/vardan/Introduction-to-Robotics/Assignment3/ros2_ws/install/owl_robot/share/owl_robot/urdf
[2.031s] symbolically linking /home/vardan/Introduction-to-Robotics/Assignment3/ros2_ws/build/owl_robot/urdf/robot_active.urdf -> /home/vardan/Introduction-to-Robotics/Assignment3/ros2_ws/install/owl_robot/share/owl_robot/urdf
[2.032s] creating /home/vardan/Introduction-to-Robotics/Assignment3/ros2_ws/install/owl_robot/share/owl_robot/meshes
[2.033s] symbolically linking /home/vardan/Introduction-to-Robotics/Assignment3/ros2_ws/build/owl_robot/meshes/w2w3_link.STL -> /home/vardan/Introduction-to-Robotics/Assignment3/ros2_ws/install/owl_robot/share/owl_robot/meshes
[2.036s] symbolically linking /home/vardan/Introduction-to-Robotics/Assignment3/ros2_ws/build/owl_robot/meshes/elbow_link.STL -> /home/vardan/Introduction-to-Robotics/Assignment3/ros2_ws/install/owl_robot/share/owl_robot/meshes
[2.038s] symbolically linking /home/vardan/Introduction-to-Robotics/Assignment3/ros2_ws/build/owl_robot/meshes/base_link.STL -> /home/vardan/Introduction-to-Robotics/Assignment3/ros2_ws/install/owl_robot/share/owl_robot/meshes
[2.038s] symbolically linking /home/vardan/Introduction-to-Robotics/Assignment3/ros2_ws/build/owl_robot/meshes/shoulder_link.STL -> /home/vardan/Introduction-to-Robotics/Assignment3/ros2_ws/install/owl_robot/share/owl_robot/meshes
[2.038s] symbolically linking /home/vardan/Introduction-to-Robotics/Assignment3/ros2_ws/build/owl_robot/meshes/end_effector_link.STL -> /home/vardan/Introduction-to-Robotics/Assignment3/ros2_ws/install/owl_robot/share/owl_robot/meshes
[2.039s] symbolically linking /home/vardan/Introduction-to-Robotics/Assignment3/ros2_ws/build/owl_robot/meshes/link2.STL -> /home/vardan/Introduction-to-Robotics/Assignment3/ros2_ws/install/owl_robot/share/owl_robot/meshes
[2.039s] symbolically linking /home/vardan/Introduction-to-Robotics/Assignment3/ros2_ws/build/owl_robot/meshes/link1.STL -> /home/vardan/Introduction-to-Robotics/Assignment3/ros2_ws/install/owl_robot/share/owl_robot/meshes
[2.039s] creating /home/vardan/Introduction-to-Robotics/Assignment3/ros2_ws/install/owl_robot/share/owl_robot/launch
[2.039s] symbolically linking /home/vardan/Introduction-to-Robotics/Assignment3/ros2_ws/build/owl_robot/launch/rviz.launch.py -> /home/vardan/Introduction-to-Robotics/Assignment3/ros2_ws/install/owl_robot/share/owl_robot/launch
[2.039s] symbolically linking /home/vardan/Introduction-to-Robotics/Assignment3/ros2_ws/build/owl_robot/launch/sim.launch.py -> /home/vardan/Introduction-to-Robotics/Assignment3/ros2_ws/install/owl_robot/share/owl_robot/launch
[2.095s] Invoked command in '/home/vardan/Introduction-to-Robotics/Assignment3/ros2_ws/build/owl_robot' returned '0': PYTHONPATH=/home/vardan/Introduction-to-Robotics/Assignment3/ros2_ws/build/owl_robot/prefix_override:/home/vardan/Introduction-to-Robotics/Assignment3/ros2_ws/install/owl_robot/lib/python3.10/site-packages:${PYTHONPATH} VIRTUAL_ENV_PROMPT=(.venv) /usr/bin/python3 -W ignore:setup.py install is deprecated setup.py develop --editable --build-directory /home/vardan/Introduction-to-Robotics/Assignment3/ros2_ws/build/owl_robot/build --no-deps symlink_data
