[0.790s] Invoking command in '/home/vardan/Introduction-to-Robotics/Assignment3/ros2_ws/build/owl_robot': PYTHONPATH=/home/vardan/Introduction-to-Robotics/Assignment3/ros2_ws/build/owl_robot/prefix_override:/usr/lib/python3/dist-packages/colcon_core/task/python/colcon_distutils_commands:/home/vardan/Introduction-to-Robotics/Assignment3/ros2_ws/install/owl_robot/lib/python3.10/site-packages:${PYTHONPATH} /usr/bin/python3 -W ignore:setup.py install is deprecated setup.py develop --editable --build-directory /home/vardan/Introduction-to-Robotics/Assignment3/ros2_ws/build/owl_robot/build --no-deps symlink_data
[1.102s] running develop
[1.102s] /usr/lib/python3/dist-packages/setuptools/command/easy_install.py:158: EasyInstallDeprecationWarning: easy_install command is deprecated. Use build and pip and other standards-based tools.
[1.103s]   warnings.warn(
[1.280s] running egg_info
[1.280s] creating owl_robot.egg-info
[1.281s] writing owl_robot.egg-info/PKG-INFO
[1.281s] writing dependency_links to owl_robot.egg-info/dependency_links.txt
[1.282s] writing entry points to owl_robot.egg-info/entry_points.txt
[1.282s] writing requirements to owl_robot.egg-info/requires.txt
[1.282s] writing top-level names to owl_robot.egg-info/top_level.txt
[1.282s] writing manifest file 'owl_robot.egg-info/SOURCES.txt'
[1.284s] reading manifest file 'owl_robot.egg-info/SOURCES.txt'
[1.285s] writing manifest file 'owl_robot.egg-info/SOURCES.txt'
[1.287s] running build_ext
[1.288s] Creating /home/vardan/Introduction-to-Robotics/Assignment3/ros2_ws/install/owl_robot/lib/python3.10/site-packages/owl-robot.egg-link (link to .)
[1.289s] 
[1.289s] Installed /home/vardan/Introduction-to-Robotics/Assignment3/ros2_ws/build/owl_robot
[1.289s] running symlink_data
[1.289s] creating /home/vardan/Introduction-to-Robotics/Assignment3/ros2_ws/install/owl_robot/share/ament_index
[1.290s] creating /home/vardan/Introduction-to-Robotics/Assignment3/ros2_ws/install/owl_robot/share/ament_index/resource_index
[1.290s] creating /home/vardan/Introduction-to-Robotics/Assignment3/ros2_ws/install/owl_robot/share/ament_index/resource_index/packages
[1.291s] symbolically linking /home/vardan/Introduction-to-Robotics/Assignment3/ros2_ws/build/owl_robot/resource/owl_robot -> /home/vardan/Introduction-to-Robotics/Assignment3/ros2_ws/install/owl_robot/share/ament_index/resource_index/packages
[1.291s] symbolically linking /home/vardan/Introduction-to-Robotics/Assignment3/ros2_ws/build/owl_robot/package.xml -> /home/vardan/Introduction-to-Robotics/Assignment3/ros2_ws/install/owl_robot/share/owl_robot
[1.291s] creating /home/vardan/Introduction-to-Robotics/Assignment3/ros2_ws/install/owl_robot/share/owl_robot/urdf
[1.292s] symbolically linking /home/vardan/Introduction-to-Robotics/Assignment3/ros2_ws/build/owl_robot/urdf/robot.xacro -> /home/vardan/Introduction-to-Robotics/Assignment3/ros2_ws/install/owl_robot/share/owl_robot/urdf
[1.292s] symbolically linking /home/vardan/Introduction-to-Robotics/Assignment3/ros2_ws/build/owl_robot/urdf/robot_active.urdf -> /home/vardan/Introduction-to-Robotics/Assignment3/ros2_ws/install/owl_robot/share/owl_robot/urdf
[1.292s] symbolically linking /home/vardan/Introduction-to-Robotics/Assignment3/ros2_ws/build/owl_robot/urdf/robot.urdf -> /home/vardan/Introduction-to-Robotics/Assignment3/ros2_ws/install/owl_robot/share/owl_robot/urdf
[1.293s] creating /home/vardan/Introduction-to-Robotics/Assignment3/ros2_ws/install/owl_robot/share/owl_robot/meshes
[1.293s] symbolically linking /home/vardan/Introduction-to-Robotics/Assignment3/ros2_ws/build/owl_robot/meshes/base_link.STL -> /home/vardan/Introduction-to-Robotics/Assignment3/ros2_ws/install/owl_robot/share/owl_robot/meshes
[1.293s] symbolically linking /home/vardan/Introduction-to-Robotics/Assignment3/ros2_ws/build/owl_robot/meshes/link2.STL -> /home/vardan/Introduction-to-Robotics/Assignment3/ros2_ws/install/owl_robot/share/owl_robot/meshes
[1.294s] symbolically linking /home/vardan/Introduction-to-Robotics/Assignment3/ros2_ws/build/owl_robot/meshes/link1.STL -> /home/vardan/Introduction-to-Robotics/Assignment3/ros2_ws/install/owl_robot/share/owl_robot/meshes
[1.294s] symbolically linking /home/vardan/Introduction-to-Robotics/Assignment3/ros2_ws/build/owl_robot/meshes/w2w3_link.STL -> /home/vardan/Introduction-to-Robotics/Assignment3/ros2_ws/install/owl_robot/share/owl_robot/meshes
[1.295s] symbolically linking /home/vardan/Introduction-to-Robotics/Assignment3/ros2_ws/build/owl_robot/meshes/shoulder_link.STL -> /home/vardan/Introduction-to-Robotics/Assignment3/ros2_ws/install/owl_robot/share/owl_robot/meshes
[1.295s] symbolically linking /home/vardan/Introduction-to-Robotics/Assignment3/ros2_ws/build/owl_robot/meshes/end_effector_link.STL -> /home/vardan/Introduction-to-Robotics/Assignment3/ros2_ws/install/owl_robot/share/owl_robot/meshes
[1.295s] symbolically linking /home/vardan/Introduction-to-Robotics/Assignment3/ros2_ws/build/owl_robot/meshes/elbow_link.STL -> /home/vardan/Introduction-to-Robotics/Assignment3/ros2_ws/install/owl_robot/share/owl_robot/meshes
[1.296s] creating /home/vardan/Introduction-to-Robotics/Assignment3/ros2_ws/install/owl_robot/share/owl_robot/launch
[1.296s] symbolically linking /home/vardan/Introduction-to-Robotics/Assignment3/ros2_ws/build/owl_robot/launch/rviz.launch.py -> /home/vardan/Introduction-to-Robotics/Assignment3/ros2_ws/install/owl_robot/share/owl_robot/launch
[1.297s] symbolically linking /home/vardan/Introduction-to-Robotics/Assignment3/ros2_ws/build/owl_robot/launch/sim.launch.py -> /home/vardan/Introduction-to-Robotics/Assignment3/ros2_ws/install/owl_robot/share/owl_robot/launch
[1.359s] Invoked command in '/home/vardan/Introduction-to-Robotics/Assignment3/ros2_ws/build/owl_robot' returned '0': PYTHONPATH=/home/vardan/Introduction-to-Robotics/Assignment3/ros2_ws/build/owl_robot/prefix_override:/usr/lib/python3/dist-packages/colcon_core/task/python/colcon_distutils_commands:/home/vardan/Introduction-to-Robotics/Assignment3/ros2_ws/install/owl_robot/lib/python3.10/site-packages:${PYTHONPATH} /usr/bin/python3 -W ignore:setup.py install is deprecated setup.py develop --editable --build-directory /home/vardan/Introduction-to-Robotics/Assignment3/ros2_ws/build/owl_robot/build --no-deps symlink_data
